[0.008s] Invoking command in '/home/khushhal/ros2_ws/build/polygon_base': CMAKE_PREFIX_PATH=${CMAKE_PREFIX_PATH}:/opt/ros/jazzy DEBUGINFOD_URLS=https://debuginfod.ubuntu.com /usr/bin/cmake /home/khushhal/ros2_ws/src/polygon_base -DCMAKE_INSTALL_PREFIX=/home/khushhal/ros2_ws/install/polygon_base
[0.020s] -- Found ament_cmake: 2.5.4 (/opt/ros/jazzy/share/ament_cmake/cmake)
[0.195s] -- Found pluginlib: 5.4.3 (/opt/ros/jazzy/share/pluginlib/cmake)
[0.234s] -- Found TinyXML2 via Config file: /usr/lib/x86_64-linux-gnu/cmake/tinyxml2
[0.237s] -- Found ament_lint_auto: 0.17.3 (/opt/ros/jazzy/share/ament_lint_auto/cmake)
[0.332s] -- Added test 'cppcheck' to perform static code analysis on C / C++ code
[0.332s] -- Configured cppcheck include dirs: $<BUILD_INTERFACE:/home/khushhal/ros2_ws/src/polygon_base/include>
[0.332s] -- Configured cppcheck exclude dirs and/or files: 
[0.333s] -- Added test 'lint_cmake' to check CMake code style
[0.335s] -- Added test 'uncrustify' to check C / C++ code style
[0.335s] -- Configured uncrustify additional arguments: 
[0.335s] -- Added test 'xmllint' to check XML markup files
[0.337s] -- Configuring done (0.3s)
[0.342s] -- Generating done (0.0s)
[0.344s] -- Build files have been written to: /home/khushhal/ros2_ws/build/polygon_base
[0.349s] Invoked command in '/home/khushhal/ros2_ws/build/polygon_base' returned '0': CMAKE_PREFIX_PATH=${CMAKE_PREFIX_PATH}:/opt/ros/jazzy DEBUGINFOD_URLS=https://debuginfod.ubuntu.com /usr/bin/cmake /home/khushhal/ros2_ws/src/polygon_base -DCMAKE_INSTALL_PREFIX=/home/khushhal/ros2_ws/install/polygon_base
[0.349s] Invoking command in '/home/khushhal/ros2_ws/build/polygon_base': CMAKE_PREFIX_PATH=${CMAKE_PREFIX_PATH}:/opt/ros/jazzy DEBUGINFOD_URLS=https://debuginfod.ubuntu.com /usr/bin/cmake --build /home/khushhal/ros2_ws/build/polygon_base -- -j12 -l12
[0.393s] [ 50%] [32mBuilding CXX object CMakeFiles/area_node.dir/src/area_node.cpp.o[0m
[2.597s] [100%] [32m[1mLinking CXX executable area_node[0m
[2.688s] [100%] Built target area_node
[2.698s] Invoked command in '/home/khushhal/ros2_ws/build/polygon_base' returned '0': CMAKE_PREFIX_PATH=${CMAKE_PREFIX_PATH}:/opt/ros/jazzy DEBUGINFOD_URLS=https://debuginfod.ubuntu.com /usr/bin/cmake --build /home/khushhal/ros2_ws/build/polygon_base -- -j12 -l12
[2.707s] Invoking command in '/home/khushhal/ros2_ws/build/polygon_base': CMAKE_PREFIX_PATH=${CMAKE_PREFIX_PATH}:/opt/ros/jazzy DEBUGINFOD_URLS=https://debuginfod.ubuntu.com /usr/bin/cmake --install /home/khushhal/ros2_ws/build/polygon_base
[2.714s] -- Install configuration: ""
[2.714s] -- Installing: /home/khushhal/ros2_ws/install/polygon_base/lib/polygon_base/area_node
[2.716s] -- Set non-toolchain portion of runtime path of "/home/khushhal/ros2_ws/install/polygon_base/lib/polygon_base/area_node" to ""
[2.716s] -- Installing: /home/khushhal/ros2_ws/install/polygon_base/include
[2.716s] -- Installing: /home/khushhal/ros2_ws/install/polygon_base/include/polygon_base
[2.716s] -- Installing: /home/khushhal/ros2_ws/install/polygon_base/include/polygon_base/regular_polygon.hpp
[2.716s] -- Installing: /home/khushhal/ros2_ws/install/polygon_base/share/ament_index/resource_index/package_run_dependencies/polygon_base
[2.716s] -- Installing: /home/khushhal/ros2_ws/install/polygon_base/share/ament_index/resource_index/parent_prefix_path/polygon_base
[2.716s] -- Installing: /home/khushhal/ros2_ws/install/polygon_base/share/polygon_base/environment/ament_prefix_path.sh
[2.716s] -- Installing: /home/khushhal/ros2_ws/install/polygon_base/share/polygon_base/environment/ament_prefix_path.dsv
[2.717s] -- Installing: /home/khushhal/ros2_ws/install/polygon_base/share/polygon_base/environment/path.sh
[2.717s] -- Installing: /home/khushhal/ros2_ws/install/polygon_base/share/polygon_base/environment/path.dsv
[2.717s] -- Installing: /home/khushhal/ros2_ws/install/polygon_base/share/polygon_base/local_setup.bash
[2.717s] -- Installing: /home/khushhal/ros2_ws/install/polygon_base/share/polygon_base/local_setup.sh
[2.717s] -- Installing: /home/khushhal/ros2_ws/install/polygon_base/share/polygon_base/local_setup.zsh
[2.717s] -- Installing: /home/khushhal/ros2_ws/install/polygon_base/share/polygon_base/local_setup.dsv
[2.717s] -- Installing: /home/khushhal/ros2_ws/install/polygon_base/share/polygon_base/package.dsv
[2.718s] -- Installing: /home/khushhal/ros2_ws/install/polygon_base/share/ament_index/resource_index/packages/polygon_base
[2.718s] -- Installing: /home/khushhal/ros2_ws/install/polygon_base/share/polygon_base/cmake/ament_cmake_export_include_directories-extras.cmake
[2.718s] -- Installing: /home/khushhal/ros2_ws/install/polygon_base/share/polygon_base/cmake/polygon_baseConfig.cmake
[2.718s] -- Installing: /home/khushhal/ros2_ws/install/polygon_base/share/polygon_base/cmake/polygon_baseConfig-version.cmake
[2.718s] -- Installing: /home/khushhal/ros2_ws/install/polygon_base/share/polygon_base/package.xml
[2.720s] Invoked command in '/home/khushhal/ros2_ws/build/polygon_base' returned '0': CMAKE_PREFIX_PATH=${CMAKE_PREFIX_PATH}:/opt/ros/jazzy DEBUGINFOD_URLS=https://debuginfod.ubuntu.com /usr/bin/cmake --install /home/khushhal/ros2_ws/build/polygon_base
