[0.040s] Invoking command in '/home/khushhal/ros2_ws/build/action_tutorials_interfaces': CMAKE_PREFIX_PATH=${CMAKE_PREFIX_PATH}:/opt/ros/jazzy DEBUGINFOD_URLS=https://debuginfod.ubuntu.com /usr/bin/cmake --build /home/khushhal/ros2_ws/build/action_tutorials_interfaces -- -j12 -l12
[0.108s] [  2%] Built target action_tutorials_interfaces__rosidl_generator_type_description
[0.144s] [  2%] Built target ament_cmake_python_copy_action_tutorials_interfaces
[0.180s] [  5%] Built target action_tutorials_interfaces__cpp
[0.183s] [ 20%] Built target action_tutorials_interfaces__rosidl_generator_c
[0.260s] [ 35%] Built target action_tutorials_interfaces__rosidl_typesupport_fastrtps_c
[0.260s] [ 47%] Built target action_tutorials_interfaces__rosidl_typesupport_fastrtps_cpp
[0.260s] [ 38%] Built target action_tutorials_interfaces__rosidl_typesupport_introspection_cpp
[0.260s] [ 55%] Built target action_tutorials_interfaces__rosidl_typesupport_cpp
[0.270s] [ 64%] Built target action_tutorials_interfaces__rosidl_typesupport_introspection_c
[0.280s] [ 73%] Built target action_tutorials_interfaces__rosidl_typesupport_c
[0.334s] [ 73%] Built target action_tutorials_interfaces
[0.370s] [ 76%] Built target action_tutorials_interfaces__py
[0.413s] [ 82%] Built target action_tutorials_interfaces__rosidl_generator_py
[0.467s] [ 88%] Built target action_tutorials_interfaces_s__rosidl_typesupport_c
[0.500s] [ 94%] Built target action_tutorials_interfaces_s__rosidl_typesupport_fastrtps_c
[0.502s] [100%] Built target action_tutorials_interfaces_s__rosidl_typesupport_introspection_c
[0.540s] running egg_info
[0.575s] writing action_tutorials_interfaces.egg-info/PKG-INFO
[0.575s] writing dependency_links to action_tutorials_interfaces.egg-info/dependency_links.txt
[0.575s] writing top-level names to action_tutorials_interfaces.egg-info/top_level.txt
[0.658s] reading manifest file 'action_tutorials_interfaces.egg-info/SOURCES.txt'
[0.658s] writing manifest file 'action_tutorials_interfaces.egg-info/SOURCES.txt'
[0.700s] [100%] Built target ament_cmake_python_build_action_tutorials_interfaces_egg
[0.722s] Invoked command in '/home/khushhal/ros2_ws/build/action_tutorials_interfaces' returned '0': CMAKE_PREFIX_PATH=${CMAKE_PREFIX_PATH}:/opt/ros/jazzy DEBUGINFOD_URLS=https://debuginfod.ubuntu.com /usr/bin/cmake --build /home/khushhal/ros2_ws/build/action_tutorials_interfaces -- -j12 -l12
[0.723s] Invoking command in '/home/khushhal/ros2_ws/build/action_tutorials_interfaces': CMAKE_PREFIX_PATH=${CMAKE_PREFIX_PATH}:/opt/ros/jazzy DEBUGINFOD_URLS=https://debuginfod.ubuntu.com /usr/bin/cmake --install /home/khushhal/ros2_ws/build/action_tutorials_interfaces
[1.430s] -- Install configuration: ""
[1.431s] -- Up-to-date: /home/khushhal/ros2_ws/install/action_tutorials_interfaces/share/ament_index/resource_index/rosidl_interfaces/action_tutorials_interfaces
[1.431s] -- Up-to-date: /home/khushhal/ros2_ws/install/action_tutorials_interfaces/share/action_tutorials_interfaces/action/Fibonacci.json
[1.431s] -- Up-to-date: /home/khushhal/ros2_ws/install/action_tutorials_interfaces/include/action_tutorials_interfaces/action_tutorials_interfaces
[1.431s] -- Up-to-date: /home/khushhal/ros2_ws/install/action_tutorials_interfaces/include/action_tutorials_interfaces/action_tutorials_interfaces/msg
[1.431s] -- Up-to-date: /home/khushhal/ros2_ws/install/action_tutorials_interfaces/include/action_tutorials_interfaces/action_tutorials_interfaces/msg/rosidl_generator_c__visibility_control.h
[1.431s] -- Up-to-date: /home/khushhal/ros2_ws/install/action_tutorials_interfaces/include/action_tutorials_interfaces/action_tutorials_interfaces/action
[1.432s] -- Up-to-date: /home/khushhal/ros2_ws/install/action_tutorials_interfaces/include/action_tutorials_interfaces/action_tutorials_interfaces/action/detail
[1.432s] -- Up-to-date: /home/khushhal/ros2_ws/install/action_tutorials_interfaces/include/action_tutorials_interfaces/action_tutorials_interfaces/action/detail/fibonacci__type_support.h
[1.432s] -- Up-to-date: /home/khushhal/ros2_ws/install/action_tutorials_interfaces/include/action_tutorials_interfaces/action_tutorials_interfaces/action/detail/fibonacci__type_support.c
[1.432s] -- Up-to-date: /home/khushhal/ros2_ws/install/action_tutorials_interfaces/include/action_tutorials_interfaces/action_tutorials_interfaces/action/detail/fibonacci__functions.h
[1.432s] -- Up-to-date: /home/khushhal/ros2_ws/install/action_tutorials_interfaces/include/action_tutorials_interfaces/action_tutorials_interfaces/action/detail/fibonacci__struct.h
[1.432s] -- Up-to-date: /home/khushhal/ros2_ws/install/action_tutorials_interfaces/include/action_tutorials_interfaces/action_tutorials_interfaces/action/detail/fibonacci__description.c
[1.432s] -- Up-to-date: /home/khushhal/ros2_ws/install/action_tutorials_interfaces/include/action_tutorials_interfaces/action_tutorials_interfaces/action/detail/fibonacci__functions.c
[1.432s] -- Up-to-date: /home/khushhal/ros2_ws/install/action_tutorials_interfaces/include/action_tutorials_interfaces/action_tutorials_interfaces/action/fibonacci.h
[1.432s] -- Up-to-date: /home/khushhal/ros2_ws/install/action_tutorials_interfaces/share/action_tutorials_interfaces/environment/library_path.sh
[1.433s] -- Up-to-date: /home/khushhal/ros2_ws/install/action_tutorials_interfaces/share/action_tutorials_interfaces/environment/library_path.dsv
[1.433s] -- Up-to-date: /home/khushhal/ros2_ws/install/action_tutorials_interfaces/lib/libaction_tutorials_interfaces__rosidl_generator_c.so
[1.433s] -- Up-to-date: /home/khushhal/ros2_ws/install/action_tutorials_interfaces/include/action_tutorials_interfaces/action_tutorials_interfaces
[1.433s] -- Up-to-date: /home/khushhal/ros2_ws/install/action_tutorials_interfaces/include/action_tutorials_interfaces/action_tutorials_interfaces/msg
[1.433s] -- Up-to-date: /home/khushhal/ros2_ws/install/action_tutorials_interfaces/include/action_tutorials_interfaces/action_tutorials_interfaces/msg/rosidl_typesupport_fastrtps_c__visibility_control.h
[1.434s] -- Up-to-date: /home/khushhal/ros2_ws/install/action_tutorials_interfaces/include/action_tutorials_interfaces/action_tutorials_interfaces/action
[1.434s] -- Up-to-date: /home/khushhal/ros2_ws/install/action_tutorials_interfaces/include/action_tutorials_interfaces/action_tutorials_interfaces/action/detail
[1.436s] -- Up-to-date: /home/khushhal/ros2_ws/install/action_tutorials_interfaces/include/action_tutorials_interfaces/action_tutorials_interfaces/action/detail/fibonacci__rosidl_typesupport_fastrtps_c.h
[1.436s] -- Up-to-date: /home/khushhal/ros2_ws/install/action_tutorials_interfaces/lib/libaction_tutorials_interfaces__rosidl_typesupport_fastrtps_c.so
[1.436s] -- Up-to-date: /home/khushhal/ros2_ws/install/action_tutorials_interfaces/include/action_tutorials_interfaces/action_tutorials_interfaces
[1.440s] -- Up-to-date: /home/khushhal/ros2_ws/install/action_tutorials_interfaces/include/action_tutorials_interfaces/action_tutorials_interfaces/msg
[1.440s] -- Up-to-date: /home/khushhal/ros2_ws/install/action_tutorials_interfaces/include/action_tutorials_interfaces/action_tutorials_interfaces/msg/rosidl_typesupport_introspection_c__visibility_control.h
[1.440s] -- Up-to-date: /home/khushhal/ros2_ws/install/action_tutorials_interfaces/include/action_tutorials_interfaces/action_tutorials_interfaces/action
[1.440s] -- Up-to-date: /home/khushhal/ros2_ws/install/action_tutorials_interfaces/include/action_tutorials_interfaces/action_tutorials_interfaces/action/detail
[1.440s] -- Up-to-date: /home/khushhal/ros2_ws/install/action_tutorials_interfaces/include/action_tutorials_interfaces/action_tutorials_interfaces/action/detail/fibonacci__type_support.c
[1.441s] -- Up-to-date: /home/khushhal/ros2_ws/install/action_tutorials_interfaces/include/action_tutorials_interfaces/action_tutorials_interfaces/action/detail/fibonacci__rosidl_typesupport_introspection_c.h
[1.441s] -- Up-to-date: /home/khushhal/ros2_ws/install/action_tutorials_interfaces/lib/libaction_tutorials_interfaces__rosidl_typesupport_introspection_c.so
[1.441s] -- Up-to-date: /home/khushhal/ros2_ws/install/action_tutorials_interfaces/lib/libaction_tutorials_interfaces__rosidl_typesupport_c.so
[1.441s] -- Up-to-date: /home/khushhal/ros2_ws/install/action_tutorials_interfaces/include/action_tutorials_interfaces/action_tutorials_interfaces
[1.441s] -- Up-to-date: /home/khushhal/ros2_ws/install/action_tutorials_interfaces/include/action_tutorials_interfaces/action_tutorials_interfaces/msg
[1.441s] -- Up-to-date: /home/khushhal/ros2_ws/install/action_tutorials_interfaces/include/action_tutorials_interfaces/action_tutorials_interfaces/msg/rosidl_generator_cpp__visibility_control.hpp
[1.442s] -- Up-to-date: /home/khushhal/ros2_ws/install/action_tutorials_interfaces/include/action_tutorials_interfaces/action_tutorials_interfaces/action
[1.442s] -- Up-to-date: /home/khushhal/ros2_ws/install/action_tutorials_interfaces/include/action_tutorials_interfaces/action_tutorials_interfaces/action/detail
[1.442s] -- Up-to-date: /home/khushhal/ros2_ws/install/action_tutorials_interfaces/include/action_tutorials_interfaces/action_tutorials_interfaces/action/detail/fibonacci__traits.hpp
[1.442s] -- Up-to-date: /home/khushhal/ros2_ws/install/action_tutorials_interfaces/include/action_tutorials_interfaces/action_tutorials_interfaces/action/detail/fibonacci__builder.hpp
[1.442s] -- Up-to-date: /home/khushhal/ros2_ws/install/action_tutorials_interfaces/include/action_tutorials_interfaces/action_tutorials_interfaces/action/detail/fibonacci__type_support.hpp
[1.444s] -- Up-to-date: /home/khushhal/ros2_ws/install/action_tutorials_interfaces/include/action_tutorials_interfaces/action_tutorials_interfaces/action/detail/fibonacci__struct.hpp
[1.445s] -- Up-to-date: /home/khushhal/ros2_ws/install/action_tutorials_interfaces/include/action_tutorials_interfaces/action_tutorials_interfaces/action/fibonacci.hpp
[1.445s] -- Up-to-date: /home/khushhal/ros2_ws/install/action_tutorials_interfaces/include/action_tutorials_interfaces/action_tutorials_interfaces
[1.446s] -- Up-to-date: /home/khushhal/ros2_ws/install/action_tutorials_interfaces/include/action_tutorials_interfaces/action_tutorials_interfaces/msg
[1.446s] -- Up-to-date: /home/khushhal/ros2_ws/install/action_tutorials_interfaces/include/action_tutorials_interfaces/action_tutorials_interfaces/msg/rosidl_typesupport_fastrtps_cpp__visibility_control.h
[1.446s] -- Up-to-date: /home/khushhal/ros2_ws/install/action_tutorials_interfaces/include/action_tutorials_interfaces/action_tutorials_interfaces/action
[1.446s] -- Up-to-date: /home/khushhal/ros2_ws/install/action_tutorials_interfaces/include/action_tutorials_interfaces/action_tutorials_interfaces/action/detail
[1.446s] -- Up-to-date: /home/khushhal/ros2_ws/install/action_tutorials_interfaces/include/action_tutorials_interfaces/action_tutorials_interfaces/action/detail/dds_fastrtps
[1.446s] -- Up-to-date: /home/khushhal/ros2_ws/install/action_tutorials_interfaces/include/action_tutorials_interfaces/action_tutorials_interfaces/action/detail/fibonacci__rosidl_typesupport_fastrtps_cpp.hpp
[1.446s] -- Up-to-date: /home/khushhal/ros2_ws/install/action_tutorials_interfaces/lib/libaction_tutorials_interfaces__rosidl_typesupport_fastrtps_cpp.so
[1.447s] -- Up-to-date: /home/khushhal/ros2_ws/install/action_tutorials_interfaces/include/action_tutorials_interfaces/action_tutorials_interfaces
[1.447s] -- Up-to-date: /home/khushhal/ros2_ws/install/action_tutorials_interfaces/include/action_tutorials_interfaces/action_tutorials_interfaces/action
[1.447s] -- Up-to-date: /home/khushhal/ros2_ws/install/action_tutorials_interfaces/include/action_tutorials_interfaces/action_tutorials_interfaces/action/detail
[1.447s] -- Up-to-date: /home/khushhal/ros2_ws/install/action_tutorials_interfaces/include/action_tutorials_interfaces/action_tutorials_interfaces/action/detail/fibonacci__type_support.cpp
[1.447s] -- Up-to-date: /home/khushhal/ros2_ws/install/action_tutorials_interfaces/include/action_tutorials_interfaces/action_tutorials_interfaces/action/detail/fibonacci__rosidl_typesupport_introspection_cpp.hpp
[1.447s] -- Up-to-date: /home/khushhal/ros2_ws/install/action_tutorials_interfaces/lib/libaction_tutorials_interfaces__rosidl_typesupport_introspection_cpp.so
[1.448s] -- Up-to-date: /home/khushhal/ros2_ws/install/action_tutorials_interfaces/lib/libaction_tutorials_interfaces__rosidl_typesupport_cpp.so
[1.448s] -- Up-to-date: /home/khushhal/ros2_ws/install/action_tutorials_interfaces/share/action_tutorials_interfaces/environment/pythonpath.sh
[1.448s] -- Up-to-date: /home/khushhal/ros2_ws/install/action_tutorials_interfaces/share/action_tutorials_interfaces/environment/pythonpath.dsv
[1.448s] -- Up-to-date: /home/khushhal/ros2_ws/install/action_tutorials_interfaces/lib/python3.12/site-packages/action_tutorials_interfaces-0.0.0-py3.12.egg-info
[1.448s] -- Installing: /home/khushhal/ros2_ws/install/action_tutorials_interfaces/lib/python3.12/site-packages/action_tutorials_interfaces-0.0.0-py3.12.egg-info/SOURCES.txt
[1.449s] -- Installing: /home/khushhal/ros2_ws/install/action_tutorials_interfaces/lib/python3.12/site-packages/action_tutorials_interfaces-0.0.0-py3.12.egg-info/top_level.txt
[1.449s] -- Installing: /home/khushhal/ros2_ws/install/action_tutorials_interfaces/lib/python3.12/site-packages/action_tutorials_interfaces-0.0.0-py3.12.egg-info/dependency_links.txt
[1.450s] -- Installing: /home/khushhal/ros2_ws/install/action_tutorials_interfaces/lib/python3.12/site-packages/action_tutorials_interfaces-0.0.0-py3.12.egg-info/PKG-INFO
[1.450s] -- Up-to-date: /home/khushhal/ros2_ws/install/action_tutorials_interfaces/lib/python3.12/site-packages/action_tutorials_interfaces
[1.451s] -- Up-to-date: /home/khushhal/ros2_ws/install/action_tutorials_interfaces/lib/python3.12/site-packages/action_tutorials_interfaces/action
[1.452s] -- Up-to-date: /home/khushhal/ros2_ws/install/action_tutorials_interfaces/lib/python3.12/site-packages/action_tutorials_interfaces/action/_fibonacci_s.c
[1.452s] -- Up-to-date: /home/khushhal/ros2_ws/install/action_tutorials_interfaces/lib/python3.12/site-packages/action_tutorials_interfaces/action/_fibonacci.py
[1.452s] -- Up-to-date: /home/khushhal/ros2_ws/install/action_tutorials_interfaces/lib/python3.12/site-packages/action_tutorials_interfaces/action/__init__.py
[1.452s] -- Up-to-date: /home/khushhal/ros2_ws/install/action_tutorials_interfaces/lib/python3.12/site-packages/action_tutorials_interfaces/_action_tutorials_interfaces_s.ep.rosidl_typesupport_introspection_c.c
[1.452s] -- Up-to-date: /home/khushhal/ros2_ws/install/action_tutorials_interfaces/lib/python3.12/site-packages/action_tutorials_interfaces/_action_tutorials_interfaces_s.ep.rosidl_typesupport_c.c
[1.453s] -- Up-to-date: /home/khushhal/ros2_ws/install/action_tutorials_interfaces/lib/python3.12/site-packages/action_tutorials_interfaces/action_tutorials_interfaces_s__rosidl_typesupport_introspection_c.so
[1.453s] -- Up-to-date: /home/khushhal/ros2_ws/install/action_tutorials_interfaces/lib/python3.12/site-packages/action_tutorials_interfaces/action_tutorials_interfaces_s__rosidl_typesupport_c.so
[1.453s] -- Up-to-date: /home/khushhal/ros2_ws/install/action_tutorials_interfaces/lib/python3.12/site-packages/action_tutorials_interfaces/_action_tutorials_interfaces_s.ep.rosidl_typesupport_fastrtps_c.c
[1.453s] -- Up-to-date: /home/khushhal/ros2_ws/install/action_tutorials_interfaces/lib/python3.12/site-packages/action_tutorials_interfaces/action_tutorials_interfaces_s__rosidl_typesupport_fastrtps_c.so
[1.453s] -- Up-to-date: /home/khushhal/ros2_ws/install/action_tutorials_interfaces/lib/python3.12/site-packages/action_tutorials_interfaces/__init__.py
[1.453s] Listing '/home/khushhal/ros2_ws/install/action_tutorials_interfaces/lib/python3.12/site-packages/action_tutorials_interfaces'...
[1.454s] Listing '/home/khushhal/ros2_ws/install/action_tutorials_interfaces/lib/python3.12/site-packages/action_tutorials_interfaces/action'...
[1.454s] -- Up-to-date: /home/khushhal/ros2_ws/install/action_tutorials_interfaces/lib/python3.12/site-packages/action_tutorials_interfaces/action_tutorials_interfaces_s__rosidl_typesupport_fastrtps_c.so
[1.454s] -- Up-to-date: /home/khushhal/ros2_ws/install/action_tutorials_interfaces/lib/python3.12/site-packages/action_tutorials_interfaces/action_tutorials_interfaces_s__rosidl_typesupport_introspection_c.so
[1.455s] -- Up-to-date: /home/khushhal/ros2_ws/install/action_tutorials_interfaces/lib/python3.12/site-packages/action_tutorials_interfaces/action_tutorials_interfaces_s__rosidl_typesupport_c.so
[1.456s] -- Up-to-date: /home/khushhal/ros2_ws/install/action_tutorials_interfaces/lib/libaction_tutorials_interfaces__rosidl_generator_py.so
[1.456s] -- Up-to-date: /home/khushhal/ros2_ws/install/action_tutorials_interfaces/share/action_tutorials_interfaces/action/Fibonacci.idl
[1.456s] -- Up-to-date: /home/khushhal/ros2_ws/install/action_tutorials_interfaces/share/action_tutorials_interfaces/action/Fibonacci.action
[1.456s] -- Up-to-date: /home/khushhal/ros2_ws/install/action_tutorials_interfaces/share/ament_index/resource_index/package_run_dependencies/action_tutorials_interfaces
[1.456s] -- Up-to-date: /home/khushhal/ros2_ws/install/action_tutorials_interfaces/share/ament_index/resource_index/parent_prefix_path/action_tutorials_interfaces
[1.457s] -- Up-to-date: /home/khushhal/ros2_ws/install/action_tutorials_interfaces/share/action_tutorials_interfaces/environment/ament_prefix_path.sh
[1.457s] -- Up-to-date: /home/khushhal/ros2_ws/install/action_tutorials_interfaces/share/action_tutorials_interfaces/environment/ament_prefix_path.dsv
[1.457s] -- Up-to-date: /home/khushhal/ros2_ws/install/action_tutorials_interfaces/share/action_tutorials_interfaces/environment/path.sh
[1.457s] -- Up-to-date: /home/khushhal/ros2_ws/install/action_tutorials_interfaces/share/action_tutorials_interfaces/environment/path.dsv
[1.457s] -- Up-to-date: /home/khushhal/ros2_ws/install/action_tutorials_interfaces/share/action_tutorials_interfaces/local_setup.bash
[1.457s] -- Up-to-date: /home/khushhal/ros2_ws/install/action_tutorials_interfaces/share/action_tutorials_interfaces/local_setup.sh
[1.457s] -- Up-to-date: /home/khushhal/ros2_ws/install/action_tutorials_interfaces/share/action_tutorials_interfaces/local_setup.zsh
[1.457s] -- Up-to-date: /home/khushhal/ros2_ws/install/action_tutorials_interfaces/share/action_tutorials_interfaces/local_setup.dsv
[1.457s] -- Installing: /home/khushhal/ros2_ws/install/action_tutorials_interfaces/share/action_tutorials_interfaces/package.dsv
[1.458s] -- Up-to-date: /home/khushhal/ros2_ws/install/action_tutorials_interfaces/share/ament_index/resource_index/packages/action_tutorials_interfaces
[1.458s] -- Up-to-date: /home/khushhal/ros2_ws/install/action_tutorials_interfaces/share/action_tutorials_interfaces/cmake/export_action_tutorials_interfaces__rosidl_generator_cExport.cmake
[1.458s] -- Up-to-date: /home/khushhal/ros2_ws/install/action_tutorials_interfaces/share/action_tutorials_interfaces/cmake/export_action_tutorials_interfaces__rosidl_generator_cExport-noconfig.cmake
[1.458s] -- Up-to-date: /home/khushhal/ros2_ws/install/action_tutorials_interfaces/share/action_tutorials_interfaces/cmake/export_action_tutorials_interfaces__rosidl_typesupport_fastrtps_cExport.cmake
[1.458s] -- Up-to-date: /home/khushhal/ros2_ws/install/action_tutorials_interfaces/share/action_tutorials_interfaces/cmake/export_action_tutorials_interfaces__rosidl_typesupport_fastrtps_cExport-noconfig.cmake
[1.458s] -- Up-to-date: /home/khushhal/ros2_ws/install/action_tutorials_interfaces/share/action_tutorials_interfaces/cmake/action_tutorials_interfaces__rosidl_typesupport_introspection_cExport.cmake
[1.458s] -- Up-to-date: /home/khushhal/ros2_ws/install/action_tutorials_interfaces/share/action_tutorials_interfaces/cmake/action_tutorials_interfaces__rosidl_typesupport_introspection_cExport-noconfig.cmake
[1.459s] -- Up-to-date: /home/khushhal/ros2_ws/install/action_tutorials_interfaces/share/action_tutorials_interfaces/cmake/action_tutorials_interfaces__rosidl_typesupport_cExport.cmake
[1.459s] -- Up-to-date: /home/khushhal/ros2_ws/install/action_tutorials_interfaces/share/action_tutorials_interfaces/cmake/action_tutorials_interfaces__rosidl_typesupport_cExport-noconfig.cmake
[1.459s] -- Up-to-date: /home/khushhal/ros2_ws/install/action_tutorials_interfaces/share/action_tutorials_interfaces/cmake/export_action_tutorials_interfaces__rosidl_generator_cppExport.cmake
[1.459s] -- Up-to-date: /home/khushhal/ros2_ws/install/action_tutorials_interfaces/share/action_tutorials_interfaces/cmake/export_action_tutorials_interfaces__rosidl_typesupport_fastrtps_cppExport.cmake
[1.459s] -- Up-to-date: /home/khushhal/ros2_ws/install/action_tutorials_interfaces/share/action_tutorials_interfaces/cmake/export_action_tutorials_interfaces__rosidl_typesupport_fastrtps_cppExport-noconfig.cmake
[1.459s] -- Up-to-date: /home/khushhal/ros2_ws/install/action_tutorials_interfaces/share/action_tutorials_interfaces/cmake/action_tutorials_interfaces__rosidl_typesupport_introspection_cppExport.cmake
[1.459s] -- Up-to-date: /home/khushhal/ros2_ws/install/action_tutorials_interfaces/share/action_tutorials_interfaces/cmake/action_tutorials_interfaces__rosidl_typesupport_introspection_cppExport-noconfig.cmake
[1.459s] -- Up-to-date: /home/khushhal/ros2_ws/install/action_tutorials_interfaces/share/action_tutorials_interfaces/cmake/action_tutorials_interfaces__rosidl_typesupport_cppExport.cmake
[1.459s] -- Up-to-date: /home/khushhal/ros2_ws/install/action_tutorials_interfaces/share/action_tutorials_interfaces/cmake/action_tutorials_interfaces__rosidl_typesupport_cppExport-noconfig.cmake
[1.460s] -- Up-to-date: /home/khushhal/ros2_ws/install/action_tutorials_interfaces/share/action_tutorials_interfaces/cmake/export_action_tutorials_interfaces__rosidl_generator_pyExport.cmake
[1.460s] -- Up-to-date: /home/khushhal/ros2_ws/install/action_tutorials_interfaces/share/action_tutorials_interfaces/cmake/export_action_tutorials_interfaces__rosidl_generator_pyExport-noconfig.cmake
[1.460s] -- Up-to-date: /home/khushhal/ros2_ws/install/action_tutorials_interfaces/share/action_tutorials_interfaces/cmake/rosidl_cmake-extras.cmake
[1.460s] -- Up-to-date: /home/khushhal/ros2_ws/install/action_tutorials_interfaces/share/action_tutorials_interfaces/cmake/ament_cmake_export_dependencies-extras.cmake
[1.460s] -- Up-to-date: /home/khushhal/ros2_ws/install/action_tutorials_interfaces/share/action_tutorials_interfaces/cmake/ament_cmake_export_include_directories-extras.cmake
[1.461s] -- Up-to-date: /home/khushhal/ros2_ws/install/action_tutorials_interfaces/share/action_tutorials_interfaces/cmake/ament_cmake_export_libraries-extras.cmake
[1.461s] -- Up-to-date: /home/khushhal/ros2_ws/install/action_tutorials_interfaces/share/action_tutorials_interfaces/cmake/ament_cmake_export_targets-extras.cmake
[1.461s] -- Up-to-date: /home/khushhal/ros2_ws/install/action_tutorials_interfaces/share/action_tutorials_interfaces/cmake/rosidl_cmake_export_typesupport_targets-extras.cmake
[1.461s] -- Up-to-date: /home/khushhal/ros2_ws/install/action_tutorials_interfaces/share/action_tutorials_interfaces/cmake/rosidl_cmake_export_typesupport_libraries-extras.cmake
[1.461s] -- Up-to-date: /home/khushhal/ros2_ws/install/action_tutorials_interfaces/share/action_tutorials_interfaces/cmake/action_tutorials_interfacesConfig.cmake
[1.461s] -- Up-to-date: /home/khushhal/ros2_ws/install/action_tutorials_interfaces/share/action_tutorials_interfaces/cmake/action_tutorials_interfacesConfig-version.cmake
[1.462s] -- Up-to-date: /home/khushhal/ros2_ws/install/action_tutorials_interfaces/share/action_tutorials_interfaces/package.xml
[1.529s] Invoked command in '/home/khushhal/ros2_ws/build/action_tutorials_interfaces' returned '0': CMAKE_PREFIX_PATH=${CMAKE_PREFIX_PATH}:/opt/ros/jazzy DEBUGINFOD_URLS=https://debuginfod.ubuntu.com /usr/bin/cmake --install /home/khushhal/ros2_ws/build/action_tutorials_interfaces
