[0.014s] Invoking command in '/home/khushhal/ros2_ws/build/action_tutorials_cpp': AMENT_PREFIX_PATH=/home/khushhal/ros2_ws/install/action_tutorials_interfaces:${AMENT_PREFIX_PATH} CMAKE_PREFIX_PATH=/home/khushhal/ros2_ws/install/action_tutorials_interfaces:/opt/ros/jazzy/opt/sdformat_vendor:/opt/ros/jazzy/opt/gz_math_vendor:/opt/ros/jazzy/opt/gz_utils_vendor:/opt/ros/jazzy/opt/gz_tools_vendor:/opt/ros/jazzy/opt/gz_cmake_vendor:/opt/ros/jazzy DEBUGINFOD_URLS=https://debuginfod.ubuntu.com LD_LIBRARY_PATH=/home/khushhal/ros2_ws/install/action_tutorials_interfaces/lib:${LD_LIBRARY_PATH} PYTHONPATH=/home/khushhal/ros2_ws/install/action_tutorials_interfaces/lib/python3.12/site-packages:${PYTHONPATH} /usr/bin/cmake /home/khushhal/ros2_ws/src/action_tutorials_cpp -DCMAKE_INSTALL_PREFIX=/home/khushhal/ros2_ws/install/action_tutorials_cpp
[0.167s] -- The C compiler identification is GNU 13.3.0
[0.270s] -- The CXX compiler identification is GNU 13.3.0
[0.290s] -- Detecting C compiler ABI info
[0.376s] -- Detecting C compiler ABI info - done
[0.384s] -- Check for working C compiler: /usr/bin/cc - skipped
[0.384s] -- Detecting C compile features
[0.385s] -- Detecting C compile features - done
[0.394s] -- Detecting CXX compiler ABI info
[0.486s] -- Detecting CXX compiler ABI info - done
[0.494s] -- Check for working CXX compiler: /usr/bin/c++ - skipped
[0.494s] -- Detecting CXX compile features
[0.495s] -- Detecting CXX compile features - done
[0.501s] -- Found ament_cmake: 2.5.4 (/opt/ros/jazzy/share/ament_cmake/cmake)
[0.628s] -- Found Python3: /usr/bin/python3 (found version "3.12.3") found components: Interpreter 
[0.740s] -- Found action_tutorials_interfaces: 0.0.0 (/home/khushhal/ros2_ws/install/action_tutorials_interfaces/share/action_tutorials_interfaces/cmake)
[0.795s] -- Found rosidl_generator_c: 4.6.6 (/opt/ros/jazzy/share/rosidl_generator_c/cmake)
[0.811s] -- Found rosidl_generator_cpp: 4.6.6 (/opt/ros/jazzy/share/rosidl_generator_cpp/cmake)
[0.831s] -- Using all available rosidl_typesupport_c: rosidl_typesupport_fastrtps_c;rosidl_typesupport_introspection_c
[0.853s] -- Using all available rosidl_typesupport_cpp: rosidl_typesupport_fastrtps_cpp;rosidl_typesupport_introspection_cpp
[0.943s] -- Found rclcpp: 28.1.13 (/opt/ros/jazzy/share/rclcpp/cmake)
[0.996s] -- Found rmw_implementation_cmake: 7.3.2 (/opt/ros/jazzy/share/rmw_implementation_cmake/cmake)
[1.000s] -- Found rmw_fastrtps_cpp: 8.4.3 (/opt/ros/jazzy/share/rmw_fastrtps_cpp/cmake)
[1.086s] -- Found OpenSSL: /usr/lib/x86_64-linux-gnu/libcrypto.so (found version "3.0.13")  
[1.105s] -- Found FastRTPS: /opt/ros/jazzy/include (Required is at least version "2.13") 
[1.125s] -- Using RMW implementation 'rmw_fastrtps_cpp' as default
[1.209s] -- Found rclcpp_action: 28.1.13 (/opt/ros/jazzy/share/rclcpp_action/cmake)
[1.222s] -- Found rclcpp_components: 28.1.13 (/opt/ros/jazzy/share/rclcpp_components/cmake)
[1.268s] -- Found ament_lint_auto: 0.17.3 (/opt/ros/jazzy/share/ament_lint_auto/cmake)
[1.360s] -- Added test 'cppcheck' to perform static code analysis on C / C++ code
[1.360s] -- Configured cppcheck include dirs: $<BUILD_INTERFACE:/home/khushhal/ros2_ws/src/action_tutorials_cpp/include>
[1.361s] -- Configured cppcheck exclude dirs and/or files: 
[1.361s] -- Added test 'lint_cmake' to check CMake code style
[1.363s] -- Added test 'uncrustify' to check C / C++ code style
[1.363s] -- Configured uncrustify additional arguments: 
[1.364s] -- Added test 'xmllint' to check XML markup files
[1.366s] -- Configuring done (1.3s)
[1.385s] -- Generating done (0.0s)
[1.392s] -- Build files have been written to: /home/khushhal/ros2_ws/build/action_tutorials_cpp
[1.402s] Invoked command in '/home/khushhal/ros2_ws/build/action_tutorials_cpp' returned '0': AMENT_PREFIX_PATH=/home/khushhal/ros2_ws/install/action_tutorials_interfaces:${AMENT_PREFIX_PATH} CMAKE_PREFIX_PATH=/home/khushhal/ros2_ws/install/action_tutorials_interfaces:/opt/ros/jazzy/opt/sdformat_vendor:/opt/ros/jazzy/opt/gz_math_vendor:/opt/ros/jazzy/opt/gz_utils_vendor:/opt/ros/jazzy/opt/gz_tools_vendor:/opt/ros/jazzy/opt/gz_cmake_vendor:/opt/ros/jazzy DEBUGINFOD_URLS=https://debuginfod.ubuntu.com LD_LIBRARY_PATH=/home/khushhal/ros2_ws/install/action_tutorials_interfaces/lib:${LD_LIBRARY_PATH} PYTHONPATH=/home/khushhal/ros2_ws/install/action_tutorials_interfaces/lib/python3.12/site-packages:${PYTHONPATH} /usr/bin/cmake /home/khushhal/ros2_ws/src/action_tutorials_cpp -DCMAKE_INSTALL_PREFIX=/home/khushhal/ros2_ws/install/action_tutorials_cpp
[1.404s] Invoking command in '/home/khushhal/ros2_ws/build/action_tutorials_cpp': AMENT_PREFIX_PATH=/home/khushhal/ros2_ws/install/action_tutorials_interfaces:${AMENT_PREFIX_PATH} CMAKE_PREFIX_PATH=/home/khushhal/ros2_ws/install/action_tutorials_interfaces:/opt/ros/jazzy/opt/sdformat_vendor:/opt/ros/jazzy/opt/gz_math_vendor:/opt/ros/jazzy/opt/gz_utils_vendor:/opt/ros/jazzy/opt/gz_tools_vendor:/opt/ros/jazzy/opt/gz_cmake_vendor:/opt/ros/jazzy DEBUGINFOD_URLS=https://debuginfod.ubuntu.com LD_LIBRARY_PATH=/home/khushhal/ros2_ws/install/action_tutorials_interfaces/lib:${LD_LIBRARY_PATH} PYTHONPATH=/home/khushhal/ros2_ws/install/action_tutorials_interfaces/lib/python3.12/site-packages:${PYTHONPATH} /usr/bin/cmake --build /home/khushhal/ros2_ws/build/action_tutorials_cpp -- -j12 -l12
[1.450s] [ 50%] [32mBuilding CXX object CMakeFiles/fibonacci_action_server.dir/rclcpp_components/node_main_fibonacci_action_server.cpp.o[0m
[1.450s] [ 50%] [32mBuilding CXX object CMakeFiles/fibonacci_action_client.dir/rclcpp_components/node_main_fibonacci_action_client.cpp.o[0m
[1.450s] [ 50%] [32mBuilding CXX object CMakeFiles/action_server.dir/src/fibonacci_action_server.cpp.o[0m
[1.450s] [ 50%] [32mBuilding CXX object CMakeFiles/action_client.dir/src/fibonacci_action_client.cpp.o[0m
[3.579s] [01m[K/home/khushhal/ros2_ws/src/action_tutorials_cpp/src/fibonacci_action_server.cpp:19:3:[m[K [01;31m[Kerror: [m[K‘[01m[KACTION_TUTORIALS_CPP_PUBLIC[m[K’ does not name a type; did you mean ‘[01m[KACTION_TUTORIALS_CPP_BUILDING_DLL[m[K’?
[3.579s]    19 |   [01;31m[KACTION_TUTORIALS_CPP_PUBLIC[m[K
[3.579s]       |   [01;31m[K^~~~~~~~~~~~~~~~~~~~~~~~~~~[m[K
[3.579s]       |   [32m[KACTION_TUTORIALS_CPP_BUILDING_DLL[m[K
[3.615s] [01m[K/home/khushhal/ros2_ws/src/action_tutorials_cpp/src/fibonacci_action_client.cpp:[m[K In member function ‘[01m[Kvoid action_tutorials_cpp::FibonacciActionClient::[01;32m[Ksend_goal[m[K()[m[K’:
[3.615s] [01m[K/home/khushhal/ros2_ws/src/action_tutorials_cpp/src/fibonacci_action_client.cpp:51:73:[m[K [01;31m[Kerror: [m[Kno match for ‘[01m[Koperator=[m[K’ (operand types are ‘[01m[Krclcpp_action::Client<action_tutorials_interfaces::action::Fibonacci>::GoalResponseCallback[m[K’ {aka ‘[01m[Kstd::function<void(std::shared_ptr<rclcpp_action::ClientGoalHandle<action_tutorials_interfaces::action::Fibonacci> >)>[m[K’} and ‘[01m[Kstd::_Bind_helper<false, void (action_tutorials_cpp::FibonacciActionClient::*)(std::shared_future<std::shared_ptr<rclcpp_action::ClientGoalHandle<action_tutorials_interfaces::action::Fibonacci> > >), action_tutorials_cpp::FibonacciActionClient*, const std::_Placeholder<1>&>::type[m[K’)
[3.616s]    51 |       std::bind(&FibonacciActionClient::goal_response_callback, this, _1[01;31m[K)[m[K;
[3.616s]       |                                                                         [01;31m[K^[m[K
[3.616s] In file included from [01m[K/usr/include/c++/13/functional:59[m[K,
[3.616s]                  from [01m[K/home/khushhal/ros2_ws/src/action_tutorials_cpp/src/fibonacci_action_client.cpp:1[m[K:
[3.616s] [01m[K/usr/include/c++/13/bits/std_function.h:531:9:[m[K [01;36m[Knote: [m[Kcandidate: ‘[01m[Ktemplate<class _Functor> std::function<_Res(_ArgTypes ...)>::_Requires<std::function<_Res(_ArgTypes ...)>::_Callable<_Functor>, std::function<_Res(_ArgTypes ...)>&> std::function<_Res(_ArgTypes ...)>::[01;32m[Koperator=[m[K(_Functor&&) [35m[K[with _Res = void; _ArgTypes = {std::shared_ptr<rclcpp_action::ClientGoalHandle<action_tutorials_interfaces::action::Fibonacci> >}][m[K[m[K’
[3.616s]   531 |         [01;36m[Koperator[m[K=(_Functor&& __f)
[3.617s]       |         [01;36m[K^~~~~~~~[m[K
[3.617s] [01m[K/usr/include/c++/13/bits/std_function.h:531:9:[m[K [01;36m[Knote: [m[K  template argument deduction/substitution failed:
[3.617s] In file included from [01m[K/usr/include/c++/13/bits/move.h:37[m[K,
[3.617s]                  from [01m[K/usr/include/c++/13/bits/stl_function.h:60[m[K,
[3.617s]                  from [01m[K/usr/include/c++/13/functional:49[m[K:
[3.617s] /usr/include/c++/13/type_traits: In substitution of ‘[01m[Ktemplate<bool _Cond, class _Tp> using std::__enable_if_t = typename std::enable_if::type [35m[K[with bool _Cond = false; _Tp = std::function<void(std::shared_ptr<rclcpp_action::ClientGoalHandle<action_tutorials_interfaces::action::Fibonacci> >)>&][m[K[m[K’:
[3.617s] [01m[K/usr/include/c++/13/bits/std_function.h:353:8:[m[K   required by substitution of ‘[01m[Ktemplate<class _Res, class ... _ArgTypes> template<class _Cond, class _Tp> using std::function<_Res(_ArgTypes ...)>::_Requires = std::__enable_if_t<_Cond::value, _Tp> [35m[K[with _Cond = std::function<void(std::shared_ptr<rclcpp_action::ClientGoalHandle<action_tutorials_interfaces::action::Fibonacci> >)>::_Callable<std::_Bind<void (action_tutorials_cpp::FibonacciActionClient::*(action_tutorials_cpp::FibonacciActionClient*, std::_Placeholder<1>))(std::shared_future<std::shared_ptr<rclcpp_action::ClientGoalHandle<action_tutorials_interfaces::action::Fibonacci> > >)>, std::_Bind<void (action_tutorials_cpp::FibonacciActionClient::*(action_tutorials_cpp::FibonacciActionClient*, std::_Placeholder<1>))(std::shared_future<std::shared_ptr<rclcpp_action::ClientGoalHandle<action_tutorials_interfaces::action::Fibonacci> > >)>, std::__invoke_result<std::_Bind<void (action_tutorials_cpp::FibonacciActionClient::*(action_tutorials_cpp::FibonacciActionClient*, std::_Placeholder<1>))(std::shared_future<std::shared_ptr<rclcpp_action::ClientGoalHandle<action_tutorials_interfaces::action::Fibonacci> > >)>&, std::shared_ptr<rclcpp_action::ClientGoalHandle<action_tutorials_interfaces::action::Fibonacci> > > >; _Tp = std::function<void(std::shared_ptr<rclcpp_action::ClientGoalHandle<action_tutorials_interfaces::action::Fibonacci> >)>&; _Res = void; _ArgTypes = {std::shared_ptr<rclcpp_action::ClientGoalHandle<action_tutorials_interfaces::action::Fibonacci> >}][m[K[m[K’
[3.617s] [01m[K/usr/include/c++/13/bits/std_function.h:531:2:[m[K   required by substitution of ‘[01m[Ktemplate<class _Functor> std::function<void(std::shared_ptr<rclcpp_action::ClientGoalHandle<action_tutorials_interfaces::action::Fibonacci> >)>::_Requires<std::function<void(std::shared_ptr<rclcpp_action::ClientGoalHandle<action_tutorials_interfaces::action::Fibonacci> >)>::_Callable<_Functor, typename std::enable_if<(! std::is_same<typename std::remove_cv<typename std::remove_reference<_Tp>::type>::type, std::function<void(std::shared_ptr<rclcpp_action::ClientGoalHandle<action_tutorials_interfaces::action::Fibonacci> >)> >::value), std::decay<_Ex> >::type::type, std::__invoke_result<typename std::enable_if<(! std::is_same<typename std::remove_cv<typename std::remove_reference<_Tp>::type>::type, std::function<void(std::shared_ptr<rclcpp_action::ClientGoalHandle<action_tutorials_interfaces::action::Fibonacci> >)> >::value), std::decay<_Ex> >::type::type&, std::shared_ptr<rclcpp_action::ClientGoalHandle<action_tutorials_interfaces::action::Fibonacci> > > >, std::function<void(std::shared_ptr<rclcpp_action::ClientGoalHandle<action_tutorials_interfaces::action::Fibonacci> >)>&> std::function<void(std::shared_ptr<rclcpp_action::ClientGoalHandle<action_tutorials_interfaces::action::Fibonacci> >)>::[01;32m[Koperator=[m[K(_Functor&&) [35m[K[with _Functor = std::_Bind<void (action_tutorials_cpp::FibonacciActionClient::*(action_tutorials_cpp::FibonacciActionClient*, std::_Placeholder<1>))(std::shared_future<std::shared_ptr<rclcpp_action::ClientGoalHandle<action_tutorials_interfaces::action::Fibonacci> > >)>][m[K[m[K’
[3.617s] [01m[K/home/khushhal/ros2_ws/src/action_tutorials_cpp/src/fibonacci_action_client.cpp:51:73:[m[K   required from here
[3.617s] [01m[K/usr/include/c++/13/type_traits:116:11:[m[K [01;31m[Kerror: [m[Kno type named ‘[01m[Ktype[m[K’ in ‘[01m[Kstruct std::enable_if<false, std::function<void(std::shared_ptr<rclcpp_action::ClientGoalHandle<action_tutorials_interfaces::action::Fibonacci> >)>&>[m[K’
[3.617s]   116 |     using [01;31m[K__enable_if_t[m[K = typename enable_if<_Cond, _Tp>::type;
[3.617s]       |           [01;31m[K^~~~~~~~~~~~~[m[K
[3.617s] [01m[K/usr/include/c++/13/bits/std_function.h:541:9:[m[K [01;36m[Knote: [m[Kcandidate: ‘[01m[Ktemplate<class _Functor> std::function<_Res(_ArgTypes ...)>& std::function<_Res(_ArgTypes ...)>::[01;32m[Koperator=[m[K(std::reference_wrapper<_Functor>) [35m[K[with _Res = void; _ArgTypes = {std::shared_ptr<rclcpp_action::ClientGoalHandle<action_tutorials_interfaces::action::Fibonacci> >}][m[K[m[K’
[3.617s]   541 |         [01;36m[Koperator[m[K=(reference_wrapper<_Functor> __f) noexcept
[3.617s]       |         [01;36m[K^~~~~~~~[m[K
[3.617s] [01m[K/usr/include/c++/13/bits/std_function.h:541:9:[m[K [01;36m[Knote: [m[K  template argument deduction/substitution failed:
[3.618s] [01m[K/home/khushhal/ros2_ws/src/action_tutorials_cpp/src/fibonacci_action_client.cpp:51:73:[m[K [01;36m[Knote: [m[K  ‘[01m[Kstd::_Bind<void (action_tutorials_cpp::FibonacciActionClient::*(action_tutorials_cpp::FibonacciActionClient*, std::_Placeholder<1>))(std::shared_future<std::shared_ptr<rclcpp_action::ClientGoalHandle<action_tutorials_interfaces::action::Fibonacci> > >)>[m[K’ is not derived from ‘[01m[Kstd::reference_wrapper<_Tp>[m[K’
[3.618s]    51 |       std::bind(&FibonacciActionClient::goal_response_callback, this, _1[01;36m[K)[m[K;
[3.618s]       |                                                                         [01;36m[K^[m[K
[3.618s] [01m[K/usr/include/c++/13/bits/std_function.h:469:7:[m[K [01;36m[Knote: [m[Kcandidate: ‘[01m[Kstd::function<_Res(_ArgTypes ...)>& std::function<_Res(_ArgTypes ...)>::[01;32m[Koperator=[m[K(const std::function<_Res(_ArgTypes ...)>&) [35m[K[with _Res = void; _ArgTypes = {std::shared_ptr<rclcpp_action::ClientGoalHandle<action_tutorials_interfaces::action::Fibonacci> >}][m[K[m[K’
[3.618s]   469 |       [01;36m[Koperator[m[K=(const function& __x)
[3.618s]       |       [01;36m[K^~~~~~~~[m[K
[3.618s] [01m[K/usr/include/c++/13/bits/std_function.h:469:33:[m[K [01;36m[Knote: [m[K  no known conversion for argument 1 from ‘[01m[Kstd::_Bind_helper<false, void (action_tutorials_cpp::FibonacciActionClient::*)(std::shared_future<std::shared_ptr<rclcpp_action::ClientGoalHandle<action_tutorials_interfaces::action::Fibonacci> > >), action_tutorials_cpp::FibonacciActionClient*, const std::_Placeholder<1>&>::type[m[K’ to ‘[01m[Kconst std::function<void(std::shared_ptr<rclcpp_action::ClientGoalHandle<action_tutorials_interfaces::action::Fibonacci> >)>&[m[K’
[3.618s]   469 |       operator=([01;36m[Kconst function& __x[m[K)
[3.618s]       |                 [01;36m[K~~~~~~~~~~~~~~~~^~~[m[K
[3.618s] [01m[K/usr/include/c++/13/bits/std_function.h:487:7:[m[K [01;36m[Knote: [m[Kcandidate: ‘[01m[Kstd::function<_Res(_ArgTypes ...)>& std::function<_Res(_ArgTypes ...)>::[01;32m[Koperator=[m[K(std::function<_Res(_ArgTypes ...)>&&) [35m[K[with _Res = void; _ArgTypes = {std::shared_ptr<rclcpp_action::ClientGoalHandle<action_tutorials_interfaces::action::Fibonacci> >}][m[K[m[K’
[3.618s]   487 |       [01;36m[Koperator[m[K=(function&& __x) noexcept
[3.618s]       |       [01;36m[K^~~~~~~~[m[K
[3.618s] [01m[K/usr/include/c++/13/bits/std_function.h:487:28:[m[K [01;36m[Knote: [m[K  no known conversion for argument 1 from ‘[01m[Kstd::_Bind_helper<false, void (action_tutorials_cpp::FibonacciActionClient::*)(std::shared_future<std::shared_ptr<rclcpp_action::ClientGoalHandle<action_tutorials_interfaces::action::Fibonacci> > >), action_tutorials_cpp::FibonacciActionClient*, const std::_Placeholder<1>&>::type[m[K’ to ‘[01m[Kstd::function<void(std::shared_ptr<rclcpp_action::ClientGoalHandle<action_tutorials_interfaces::action::Fibonacci> >)>&&[m[K’
[3.618s]   487 |       operator=([01;36m[Kfunction&& __x[m[K) noexcept
[3.618s]       |                 [01;36m[K~~~~~~~~~~~^~~[m[K
[3.618s] [01m[K/usr/include/c++/13/bits/std_function.h:501:7:[m[K [01;36m[Knote: [m[Kcandidate: ‘[01m[Kstd::function<_Res(_ArgTypes ...)>& std::function<_Res(_ArgTypes ...)>::[01;32m[Koperator=[m[K(std::nullptr_t) [35m[K[with _Res = void; _ArgTypes = {std::shared_ptr<rclcpp_action::ClientGoalHandle<action_tutorials_interfaces::action::Fibonacci> >}; std::nullptr_t = std::nullptr_t][m[K[m[K’
[3.619s]   501 |       [01;36m[Koperator[m[K=(nullptr_t) noexcept
[3.619s]       |       [01;36m[K^~~~~~~~[m[K
[3.619s] [01m[K/usr/include/c++/13/bits/std_function.h:501:17:[m[K [01;36m[Knote: [m[K  no known conversion for argument 1 from ‘[01m[Kstd::_Bind_helper<false, void (action_tutorials_cpp::FibonacciActionClient::*)(std::shared_future<std::shared_ptr<rclcpp_action::ClientGoalHandle<action_tutorials_interfaces::action::Fibonacci> > >), action_tutorials_cpp::FibonacciActionClient*, const std::_Placeholder<1>&>::type[m[K’ to ‘[01m[Kstd::nullptr_t[m[K’
[3.619s]   501 |       operator=([01;36m[Knullptr_t[m[K) noexcept
[3.619s]       |                 [01;36m[K^~~~~~~~~[m[K
[4.262s] In file included from [01m[K/usr/include/c++/13/bits/alloc_traits.h:33[m[K,
[4.262s]                  from [01m[K/usr/include/c++/13/ext/alloc_traits.h:34[m[K,
[4.262s]                  from [01m[K/usr/include/c++/13/bits/hashtable_policy.h:39[m[K,
[4.262s]                  from [01m[K/usr/include/c++/13/bits/hashtable.h:35[m[K,
[4.262s]                  from [01m[K/usr/include/c++/13/bits/unordered_map.h:33[m[K,
[4.263s]                  from [01m[K/usr/include/c++/13/unordered_map:41[m[K,
[4.263s]                  from [01m[K/usr/include/c++/13/functional:63[m[K,
[4.263s]                  from [01m[K/home/khushhal/ros2_ws/src/action_tutorials_cpp/src/fibonacci_action_server.cpp:1[m[K:
[4.263s] /usr/include/c++/13/bits/stl_construct.h: In instantiation of ‘[01m[Kvoid std::[01;32m[K_Construct[m[K(_Tp*, _Args&& ...) [35m[K[with _Tp = action_tutorials_cpp::FibonacciActionServer; _Args = {const rclcpp::NodeOptions&}][m[K[m[K’:
[4.263s] [01m[K/usr/include/c++/13/bits/alloc_traits.h:661:19:[m[K   required from ‘[01m[Kstatic void std::allocator_traits<std::allocator<void> >::[01;32m[Kconstruct[m[K(allocator_type&, _Up*, _Args&& ...) [35m[K[with _Up = action_tutorials_cpp::FibonacciActionServer; _Args = {const rclcpp::NodeOptions&}; allocator_type = std::allocator<void>][m[K[m[K’
[4.263s] [01m[K/usr/include/c++/13/bits/shared_ptr_base.h:604:39:[m[K   required from ‘[01m[Kstd::_Sp_counted_ptr_inplace<_Tp, _Alloc, _Lp>::[01;32m[K_Sp_counted_ptr_inplace[m[K(_Alloc, _Args&& ...) [35m[K[with _Args = {const rclcpp::NodeOptions&}; _Tp = action_tutorials_cpp::FibonacciActionServer; _Alloc = std::allocator<void>; __gnu_cxx::_Lock_policy _Lp = __gnu_cxx::_S_atomic][m[K[m[K’
[4.263s] [01m[K/usr/include/c++/13/bits/shared_ptr_base.h:971:16:[m[K   required from ‘[01m[Kstd::__shared_count<_Lp>::[01;32m[K__shared_count[m[K(_Tp*&, std::_Sp_alloc_shared_tag<_Alloc>, _Args&& ...) [35m[K[with _Tp = action_tutorials_cpp::FibonacciActionServer; _Alloc = std::allocator<void>; _Args = {const rclcpp::NodeOptions&}; __gnu_cxx::_Lock_policy _Lp = __gnu_cxx::_S_atomic][m[K[m[K’
[4.263s] [01m[K/usr/include/c++/13/bits/shared_ptr_base.h:1712:14:[m[K   required from ‘[01m[Kstd::__shared_ptr<_Tp, _Lp>::[01;32m[K__shared_ptr[m[K(std::_Sp_alloc_shared_tag<_Tp>, _Args&& ...) [35m[K[with _Alloc = std::allocator<void>; _Args = {const rclcpp::NodeOptions&}; _Tp = action_tutorials_cpp::FibonacciActionServer; __gnu_cxx::_Lock_policy _Lp = __gnu_cxx::_S_atomic][m[K[m[K’
[4.263s] [01m[K/usr/include/c++/13/bits/shared_ptr.h:464:59:[m[K   required from ‘[01m[Kstd::shared_ptr<_Tp>::[01;32m[Kshared_ptr[m[K(std::_Sp_alloc_shared_tag<_Tp>, _Args&& ...) [35m[K[with _Alloc = std::allocator<void>; _Args = {const rclcpp::NodeOptions&}; _Tp = action_tutorials_cpp::FibonacciActionServer][m[K[m[K’
[4.263s] [01m[K/usr/include/c++/13/bits/shared_ptr.h:1009:14:[m[K   required from ‘[01m[Kstd::shared_ptr<typename std::enable_if<(! std::is_array< <template-parameter-1-1> >::value), _Tp>::type> std::[01;32m[Kmake_shared[m[K(_Args&& ...) [35m[K[with _Tp = action_tutorials_cpp::FibonacciActionServer; _Args = {const rclcpp::NodeOptions&}; typename enable_if<(! is_array< <template-parameter-1-1> >::value), _Tp>::type = action_tutorials_cpp::FibonacciActionServer][m[K[m[K’
[4.263s] [01m[K/opt/ros/jazzy/include/rclcpp_components/rclcpp_components/node_factory_template.hpp:45:40:[m[K   required from ‘[01m[Krclcpp_components::NodeInstanceWrapper rclcpp_components::NodeFactoryTemplate<NodeT>::[01;32m[Kcreate_node_instance[m[K(const rclcpp::NodeOptions&) [35m[K[with NodeT = action_tutorials_cpp::FibonacciActionServer][m[K[m[K’
[4.263s] [01m[K/opt/ros/jazzy/include/rclcpp_components/rclcpp_components/node_factory_template.hpp:43:3:[m[K   required from here
[4.263s] [01m[K/usr/include/c++/13/bits/stl_construct.h:119:7:[m[K [01;31m[Kerror: [m[Kno matching function for call to ‘[01m[Kaction_tutorials_cpp::FibonacciActionServer::FibonacciActionServer(const rclcpp::NodeOptions&)[m[K’
[4.263s]   119 |       [01;31m[K::new((void*)__p) _Tp(std::forward<_Args>(__args)...)[m[K;
[4.264s]       |       [01;31m[K^~~~~~~~~~~~~~~~~~~~~~~~~~~~~~~~~~~~~~~~~~~~~~~~~~~~~[m[K
[4.264s] [01m[K/home/khushhal/ros2_ws/src/action_tutorials_cpp/src/fibonacci_action_server.cpp:13:7:[m[K [01;36m[Knote: [m[Kcandidate: ‘[01m[Kaction_tutorials_cpp::FibonacciActionServer::[01;32m[KFibonacciActionServer[m[K()[m[K’ (deleted)
[4.264s]    13 | class [01;36m[KFibonacciActionServer[m[K : public rclcpp::Node
[4.264s]       |       [01;36m[K^~~~~~~~~~~~~~~~~~~~~[m[K
[4.264s] [01m[K/home/khushhal/ros2_ws/src/action_tutorials_cpp/src/fibonacci_action_server.cpp:13:7:[m[K [01;36m[Knote: [m[K  candidate expects 0 arguments, 1 provided
[4.264s] [01m[K/home/khushhal/ros2_ws/src/action_tutorials_cpp/src/fibonacci_action_server.cpp:13:7:[m[K [01;36m[Knote: [m[Kcandidate: ‘[01m[Kaction_tutorials_cpp::FibonacciActionServer::[01;32m[KFibonacciActionServer[m[K(const action_tutorials_cpp::FibonacciActionServer&)[m[K’ (deleted)
[4.264s] [01m[K/home/khushhal/ros2_ws/src/action_tutorials_cpp/src/fibonacci_action_server.cpp:13:7:[m[K [01;36m[Knote: [m[K  no known conversion for argument 1 from ‘[01m[Kconst rclcpp::NodeOptions[m[K’ to ‘[01m[Kconst action_tutorials_cpp::FibonacciActionServer&[m[K’
[4.264s] [01m[K/home/khushhal/ros2_ws/src/action_tutorials_cpp/src/fibonacci_action_server.cpp:13:7:[m[K [01;36m[Knote: [m[Kcandidate: ‘[01m[Kaction_tutorials_cpp::FibonacciActionServer::[01;32m[KFibonacciActionServer[m[K(action_tutorials_cpp::FibonacciActionServer&&)[m[K’ (deleted)
[4.264s] [01m[K/home/khushhal/ros2_ws/src/action_tutorials_cpp/src/fibonacci_action_server.cpp:13:7:[m[K [01;36m[Knote: [m[K  no known conversion for argument 1 from ‘[01m[Kconst rclcpp::NodeOptions[m[K’ to ‘[01m[Kaction_tutorials_cpp::FibonacciActionServer&&[m[K’
[4.349s] gmake[2]: *** [CMakeFiles/action_server.dir/build.make:76: CMakeFiles/action_server.dir/src/fibonacci_action_server.cpp.o] Error 1
[4.349s] gmake[1]: *** [CMakeFiles/Makefile2:143: CMakeFiles/action_server.dir/all] Error 2
[4.349s] gmake[1]: *** Waiting for unfinished jobs....
[4.370s] [ 62%] [32m[1mLinking CXX executable fibonacci_action_server[0m
[4.370s] [ 75%] [32m[1mLinking CXX executable fibonacci_action_client[0m
[4.545s] [ 75%] Built target fibonacci_action_server
[4.545s] [ 75%] Built target fibonacci_action_client
[4.617s] gmake[2]: *** [CMakeFiles/action_client.dir/build.make:76: CMakeFiles/action_client.dir/src/fibonacci_action_client.cpp.o] Error 1
[4.617s] gmake[1]: *** [CMakeFiles/Makefile2:195: CMakeFiles/action_client.dir/all] Error 2
[4.617s] gmake: *** [Makefile:146: all] Error 2
[4.619s] Invoked command in '/home/khushhal/ros2_ws/build/action_tutorials_cpp' returned '2': AMENT_PREFIX_PATH=/home/khushhal/ros2_ws/install/action_tutorials_interfaces:${AMENT_PREFIX_PATH} CMAKE_PREFIX_PATH=/home/khushhal/ros2_ws/install/action_tutorials_interfaces:/opt/ros/jazzy/opt/sdformat_vendor:/opt/ros/jazzy/opt/gz_math_vendor:/opt/ros/jazzy/opt/gz_utils_vendor:/opt/ros/jazzy/opt/gz_tools_vendor:/opt/ros/jazzy/opt/gz_cmake_vendor:/opt/ros/jazzy DEBUGINFOD_URLS=https://debuginfod.ubuntu.com LD_LIBRARY_PATH=/home/khushhal/ros2_ws/install/action_tutorials_interfaces/lib:${LD_LIBRARY_PATH} PYTHONPATH=/home/khushhal/ros2_ws/install/action_tutorials_interfaces/lib/python3.12/site-packages:${PYTHONPATH} /usr/bin/cmake --build /home/khushhal/ros2_ws/build/action_tutorials_cpp -- -j12 -l12
