[0.013s] Invoking command in '/home/khushhal/ros2_ws/src/build/my_package': CMAKE_PREFIX_PATH=${CMAKE_PREFIX_PATH}:/opt/ros/jazzy DEBUGINFOD_URLS=https://debuginfod.ubuntu.com /usr/bin/cmake /home/khushhal/ros2_ws/src/my_package -DCMAKE_INSTALL_PREFIX=/home/khushhal/ros2_ws/src/install/my_package
[0.157s] -- The C compiler identification is GNU 13.3.0
[0.241s] -- The CXX compiler identification is GNU 13.3.0
[0.260s] -- Detecting C compiler ABI info
[0.349s] -- Detecting C compiler ABI info - done
[0.357s] -- Check for working C compiler: /usr/bin/cc - skipped
[0.357s] -- Detecting C compile features
[0.357s] -- Detecting C compile features - done
[0.367s] -- Detecting CXX compiler ABI info
[0.456s] -- Detecting CXX compiler ABI info - done
[0.464s] -- Check for working CXX compiler: /usr/bin/c++ - skipped
[0.464s] -- Detecting CXX compile features
[0.464s] -- Detecting CXX compile features - done
[0.473s] -- Found ament_cmake: 2.5.4 (/opt/ros/jazzy/share/ament_cmake/cmake)
[0.597s] -- Found Python3: /usr/bin/python3 (found version "3.12.3") found components: Interpreter 
[0.700s] -- Found ament_lint_auto: 0.17.3 (/opt/ros/jazzy/share/ament_lint_auto/cmake)
[0.793s] -- Added test 'cppcheck' to perform static code analysis on C / C++ code
[0.794s] -- Configured cppcheck include dirs: $<BUILD_INTERFACE:/home/khushhal/ros2_ws/src/my_package/include>
[0.794s] -- Configured cppcheck exclude dirs and/or files: 
[0.795s] -- Added test 'lint_cmake' to check CMake code style
[0.796s] -- Added test 'uncrustify' to check C / C++ code style
[0.796s] -- Configured uncrustify additional arguments: 
[0.797s] -- Added test 'xmllint' to check XML markup files
[0.798s] -- Configuring done (0.8s)
[0.803s] -- Generating done (0.0s)
[0.805s] -- Build files have been written to: /home/khushhal/ros2_ws/src/build/my_package
[0.810s] Invoked command in '/home/khushhal/ros2_ws/src/build/my_package' returned '0': CMAKE_PREFIX_PATH=${CMAKE_PREFIX_PATH}:/opt/ros/jazzy DEBUGINFOD_URLS=https://debuginfod.ubuntu.com /usr/bin/cmake /home/khushhal/ros2_ws/src/my_package -DCMAKE_INSTALL_PREFIX=/home/khushhal/ros2_ws/src/install/my_package
[0.811s] Invoking command in '/home/khushhal/ros2_ws/src/build/my_package': CMAKE_PREFIX_PATH=${CMAKE_PREFIX_PATH}:/opt/ros/jazzy DEBUGINFOD_URLS=https://debuginfod.ubuntu.com /usr/bin/cmake --build /home/khushhal/ros2_ws/src/build/my_package -- -j12 -l12
[0.859s] [ 50%] [32mBuilding CXX object CMakeFiles/my_node.dir/src/my_node.cpp.o[0m
[0.894s] [100%] [32m[1mLinking CXX executable my_node[0m
[0.936s] [100%] Built target my_node
[0.947s] Invoked command in '/home/khushhal/ros2_ws/src/build/my_package' returned '0': CMAKE_PREFIX_PATH=${CMAKE_PREFIX_PATH}:/opt/ros/jazzy DEBUGINFOD_URLS=https://debuginfod.ubuntu.com /usr/bin/cmake --build /home/khushhal/ros2_ws/src/build/my_package -- -j12 -l12
[0.956s] Invoking command in '/home/khushhal/ros2_ws/src/build/my_package': CMAKE_PREFIX_PATH=${CMAKE_PREFIX_PATH}:/opt/ros/jazzy DEBUGINFOD_URLS=https://debuginfod.ubuntu.com /usr/bin/cmake --install /home/khushhal/ros2_ws/src/build/my_package
[0.962s] -- Install configuration: ""
[0.962s] -- Installing: /home/khushhal/ros2_ws/src/install/my_package/lib/my_package/my_node
[0.963s] -- Installing: /home/khushhal/ros2_ws/src/install/my_package/share/ament_index/resource_index/package_run_dependencies/my_package
[0.963s] -- Installing: /home/khushhal/ros2_ws/src/install/my_package/share/ament_index/resource_index/parent_prefix_path/my_package
[0.963s] -- Installing: /home/khushhal/ros2_ws/src/install/my_package/share/my_package/environment/ament_prefix_path.sh
[0.963s] -- Installing: /home/khushhal/ros2_ws/src/install/my_package/share/my_package/environment/ament_prefix_path.dsv
[0.963s] -- Installing: /home/khushhal/ros2_ws/src/install/my_package/share/my_package/environment/path.sh
[0.964s] -- Installing: /home/khushhal/ros2_ws/src/install/my_package/share/my_package/environment/path.dsv
[0.964s] -- Installing: /home/khushhal/ros2_ws/src/install/my_package/share/my_package/local_setup.bash
[0.964s] -- Installing: /home/khushhal/ros2_ws/src/install/my_package/share/my_package/local_setup.sh
[0.964s] -- Installing: /home/khushhal/ros2_ws/src/install/my_package/share/my_package/local_setup.zsh
[0.964s] -- Installing: /home/khushhal/ros2_ws/src/install/my_package/share/my_package/local_setup.dsv
[0.964s] -- Installing: /home/khushhal/ros2_ws/src/install/my_package/share/my_package/package.dsv
[0.964s] -- Installing: /home/khushhal/ros2_ws/src/install/my_package/share/ament_index/resource_index/packages/my_package
[0.965s] -- Installing: /home/khushhal/ros2_ws/src/install/my_package/share/my_package/cmake/my_packageConfig.cmake
[0.965s] -- Installing: /home/khushhal/ros2_ws/src/install/my_package/share/my_package/cmake/my_packageConfig-version.cmake
[0.965s] -- Installing: /home/khushhal/ros2_ws/src/install/my_package/share/my_package/package.xml
[0.967s] Invoked command in '/home/khushhal/ros2_ws/src/build/my_package' returned '0': CMAKE_PREFIX_PATH=${CMAKE_PREFIX_PATH}:/opt/ros/jazzy DEBUGINFOD_URLS=https://debuginfod.ubuntu.com /usr/bin/cmake --install /home/khushhal/ros2_ws/src/build/my_package
