[0.008s] Invoking command in '/home/khushhal/ros2_ws/build/action_tutorials_interfaces': CMAKE_PREFIX_PATH=${CMAKE_PREFIX_PATH}:/opt/ros/jazzy DEBUGINFOD_URLS=https://debuginfod.ubuntu.com /usr/bin/cmake /home/khushhal/ros2_ws/src/action_tutorials_interfaces -DCMAKE_INSTALL_PREFIX=/home/khushhal/ros2_ws/install/action_tutorials_interfaces
[0.020s] -- Found ament_cmake: 2.5.4 (/opt/ros/jazzy/share/ament_cmake/cmake)
[0.187s] -- Found rosidl_default_generators: 1.6.0 (/opt/ros/jazzy/share/rosidl_default_generators/cmake)
[0.189s] -- Using all available rosidl_typesupport_c: rosidl_typesupport_fastrtps_c;rosidl_typesupport_introspection_c
[0.218s] -- Using all available rosidl_typesupport_cpp: rosidl_typesupport_fastrtps_cpp;rosidl_typesupport_introspection_cpp
[0.240s] -- Found rosidl_adapter: 4.6.6 (/opt/ros/jazzy/share/rosidl_adapter/cmake)
[0.747s] -- Found ament_cmake_ros: 0.12.0 (/opt/ros/jazzy/share/ament_cmake_ros/cmake)
[1.099s] -- Using all available rosidl_typesupport_c: rosidl_typesupport_fastrtps_c;rosidl_typesupport_introspection_c
[1.552s] -- Using all available rosidl_typesupport_cpp: rosidl_typesupport_fastrtps_cpp;rosidl_typesupport_introspection_cpp
[1.556s] -- Found python_cmake_module: 0.11.1 (/opt/ros/jazzy/share/python_cmake_module/cmake)
[1.665s] -- Found PythonExtra: /usr/bin/python3  
[2.043s] -- Found Python3: /usr/bin/python3 (found version "3.12.3") found components: Interpreter Development NumPy Development.Module Development.Embed 
[2.074s] -- Found ament_lint_auto: 0.17.3 (/opt/ros/jazzy/share/ament_lint_auto/cmake)
[2.106s] -- Added test 'lint_cmake' to check CMake code style
[2.108s] -- Added test 'xmllint' to check XML markup files
[2.111s] -- Configuring done (2.1s)
[2.146s] -- Generating done (0.0s)
[2.155s] -- Build files have been written to: /home/khushhal/ros2_ws/build/action_tutorials_interfaces
[2.163s] Invoked command in '/home/khushhal/ros2_ws/build/action_tutorials_interfaces' returned '0': CMAKE_PREFIX_PATH=${CMAKE_PREFIX_PATH}:/opt/ros/jazzy DEBUGINFOD_URLS=https://debuginfod.ubuntu.com /usr/bin/cmake /home/khushhal/ros2_ws/src/action_tutorials_interfaces -DCMAKE_INSTALL_PREFIX=/home/khushhal/ros2_ws/install/action_tutorials_interfaces
[2.164s] Invoking command in '/home/khushhal/ros2_ws/build/action_tutorials_interfaces': CMAKE_PREFIX_PATH=${CMAKE_PREFIX_PATH}:/opt/ros/jazzy DEBUGINFOD_URLS=https://debuginfod.ubuntu.com /usr/bin/cmake --build /home/khushhal/ros2_ws/build/action_tutorials_interfaces -- -j12 -l12
[2.209s] [  2%] [34m[1mGenerating type hashes for ROS interfaces[0m
[2.217s] [  2%] Built target ament_cmake_python_copy_action_tutorials_interfaces
[2.367s] [  2%] Built target action_tutorials_interfaces__rosidl_generator_type_description
[2.382s] [  5%] [34m[1mGenerating C code for ROS interfaces[0m
[2.395s] [  8%] [34m[1mGenerating C++ code for ROS interfaces[0m
[2.410s] running egg_info
[2.411s] creating action_tutorials_interfaces.egg-info
[2.430s] writing action_tutorials_interfaces.egg-info/PKG-INFO
[2.430s] writing dependency_links to action_tutorials_interfaces.egg-info/dependency_links.txt
[2.430s] writing top-level names to action_tutorials_interfaces.egg-info/top_level.txt
[2.430s] writing manifest file 'action_tutorials_interfaces.egg-info/SOURCES.txt'
[2.480s] reading manifest file 'action_tutorials_interfaces.egg-info/SOURCES.txt'
[2.480s] writing manifest file 'action_tutorials_interfaces.egg-info/SOURCES.txt'
[2.505s] [  8%] Built target ament_cmake_python_build_action_tutorials_interfaces_egg
[2.719s] [  8%] Built target action_tutorials_interfaces__cpp
[2.741s] [ 17%] [32mBuilding C object CMakeFiles/action_tutorials_interfaces__rosidl_generator_c.dir/rosidl_generator_c/action_tutorials_interfaces/action/detail/fibonacci__type_support.c.o[0m
[2.742s] [ 17%] [32mBuilding C object CMakeFiles/action_tutorials_interfaces__rosidl_generator_c.dir/rosidl_generator_c/action_tutorials_interfaces/action/detail/fibonacci__functions.c.o[0m
[2.742s] [ 17%] [32mBuilding C object CMakeFiles/action_tutorials_interfaces__rosidl_generator_c.dir/rosidl_generator_c/action_tutorials_interfaces/action/detail/fibonacci__description.c.o[0m
[2.875s] [ 20%] [32m[1mLinking C shared library libaction_tutorials_interfaces__rosidl_generator_c.so[0m
[2.910s] [ 20%] Built target action_tutorials_interfaces__rosidl_generator_c
[2.920s] [ 38%] [34m[1mGenerating C++ introspection for ROS interfaces[0m
[2.920s] [ 38%] [34m[1mGenerating C type support dispatch for ROS interfaces[0m
[2.920s] [ 38%] [34m[1mGenerating C type support for eProsima Fast-RTPS[0m
[2.921s] [ 38%] [34m[1mGenerating C introspection for ROS interfaces[0m
[2.921s] [ 38%] [34m[1mGenerating C++ type support dispatch for ROS interfaces[0m
[2.921s] [ 38%] [34m[1mGenerating C++ type support for eProsima Fast-RTPS[0m
[3.149s] [ 41%] [32mBuilding CXX object CMakeFiles/action_tutorials_interfaces__rosidl_typesupport_c.dir/rosidl_typesupport_c/action_tutorials_interfaces/action/fibonacci__type_support.cpp.o[0m
[3.155s] [ 44%] [32mBuilding CXX object CMakeFiles/action_tutorials_interfaces__rosidl_typesupport_cpp.dir/rosidl_typesupport_cpp/action_tutorials_interfaces/action/fibonacci__type_support.cpp.o[0m
[3.202s] [ 47%] [32mBuilding CXX object CMakeFiles/action_tutorials_interfaces__rosidl_typesupport_introspection_cpp.dir/rosidl_typesupport_introspection_cpp/action_tutorials_interfaces/action/detail/fibonacci__type_support.cpp.o[0m
[3.213s] [ 50%] [32m[1mLinking CXX shared library libaction_tutorials_interfaces__rosidl_typesupport_c.so[0m
[3.215s] [ 52%] [32mBuilding C object CMakeFiles/action_tutorials_interfaces__rosidl_typesupport_introspection_c.dir/rosidl_typesupport_introspection_c/action_tutorials_interfaces/action/detail/fibonacci__type_support.c.o[0m
[3.254s] [ 52%] Built target action_tutorials_interfaces__rosidl_typesupport_c
[3.284s] [ 55%] [32m[1mLinking C shared library libaction_tutorials_interfaces__rosidl_typesupport_introspection_c.so[0m
[3.303s] [ 58%] [32mBuilding CXX object CMakeFiles/action_tutorials_interfaces__rosidl_typesupport_fastrtps_cpp.dir/rosidl_typesupport_fastrtps_cpp/action_tutorials_interfaces/action/detail/dds_fastrtps/fibonacci__type_support.cpp.o[0m
[3.317s] [ 58%] Built target action_tutorials_interfaces__rosidl_typesupport_introspection_c
[3.328s] [ 61%] [32mBuilding CXX object CMakeFiles/action_tutorials_interfaces__rosidl_typesupport_fastrtps_c.dir/rosidl_typesupport_fastrtps_c/action_tutorials_interfaces/action/detail/fibonacci__type_support_c.cpp.o[0m
[3.782s] [ 64%] [32m[1mLinking CXX shared library libaction_tutorials_interfaces__rosidl_typesupport_cpp.so[0m
[3.803s] [ 67%] [32m[1mLinking CXX shared library libaction_tutorials_interfaces__rosidl_typesupport_fastrtps_c.so[0m
[3.853s] [ 70%] [32m[1mLinking CXX shared library libaction_tutorials_interfaces__rosidl_typesupport_introspection_cpp.so[0m
[3.853s] [ 70%] Built target action_tutorials_interfaces__rosidl_typesupport_fastrtps_c
[3.862s] [ 70%] Built target action_tutorials_interfaces__rosidl_typesupport_cpp
[3.922s] [ 70%] Built target action_tutorials_interfaces__rosidl_typesupport_introspection_cpp
[4.138s] [ 73%] [32m[1mLinking CXX shared library libaction_tutorials_interfaces__rosidl_typesupport_fastrtps_cpp.so[0m
[4.207s] [ 73%] Built target action_tutorials_interfaces__rosidl_typesupport_fastrtps_cpp
[4.225s] [ 73%] Built target action_tutorials_interfaces
[4.242s] [ 76%] [34m[1mGenerating Python code for ROS interfaces[0m
[4.719s] [ 76%] Built target action_tutorials_interfaces__py
[4.737s] [ 79%] [32mBuilding C object CMakeFiles/action_tutorials_interfaces__rosidl_generator_py.dir/rosidl_generator_py/action_tutorials_interfaces/action/_fibonacci_s.c.o[0m
[4.942s] [ 82%] [32m[1mLinking C shared library libaction_tutorials_interfaces__rosidl_generator_py.so[0m
[4.982s] [ 82%] Built target action_tutorials_interfaces__rosidl_generator_py
[5.001s] [ 91%] [32mBuilding C object CMakeFiles/action_tutorials_interfaces_s__rosidl_typesupport_fastrtps_c.dir/rosidl_generator_py/action_tutorials_interfaces/_action_tutorials_interfaces_s.ep.rosidl_typesupport_fastrtps_c.c.o[0m
[5.001s] [ 91%] [32mBuilding C object CMakeFiles/action_tutorials_interfaces_s__rosidl_typesupport_c.dir/rosidl_generator_py/action_tutorials_interfaces/_action_tutorials_interfaces_s.ep.rosidl_typesupport_c.c.o[0m
[5.001s] [ 91%] [32mBuilding C object CMakeFiles/action_tutorials_interfaces_s__rosidl_typesupport_introspection_c.dir/rosidl_generator_py/action_tutorials_interfaces/_action_tutorials_interfaces_s.ep.rosidl_typesupport_introspection_c.c.o[0m
[5.106s] [ 97%] [32m[1mLinking C shared module rosidl_generator_py/action_tutorials_interfaces/action_tutorials_interfaces_s__rosidl_typesupport_c.so[0m
[5.107s] [ 97%] [32m[1mLinking C shared module rosidl_generator_py/action_tutorials_interfaces/action_tutorials_interfaces_s__rosidl_typesupport_introspection_c.so[0m
[5.107s] [100%] [32m[1mLinking C shared module rosidl_generator_py/action_tutorials_interfaces/action_tutorials_interfaces_s__rosidl_typesupport_fastrtps_c.so[0m
[5.137s] [100%] Built target action_tutorials_interfaces_s__rosidl_typesupport_introspection_c
[5.137s] [100%] Built target action_tutorials_interfaces_s__rosidl_typesupport_c
[5.137s] [100%] Built target action_tutorials_interfaces_s__rosidl_typesupport_fastrtps_c
[5.149s] Invoked command in '/home/khushhal/ros2_ws/build/action_tutorials_interfaces' returned '0': CMAKE_PREFIX_PATH=${CMAKE_PREFIX_PATH}:/opt/ros/jazzy DEBUGINFOD_URLS=https://debuginfod.ubuntu.com /usr/bin/cmake --build /home/khushhal/ros2_ws/build/action_tutorials_interfaces -- -j12 -l12
[5.158s] Invoking command in '/home/khushhal/ros2_ws/build/action_tutorials_interfaces': CMAKE_PREFIX_PATH=${CMAKE_PREFIX_PATH}:/opt/ros/jazzy DEBUGINFOD_URLS=https://debuginfod.ubuntu.com /usr/bin/cmake --install /home/khushhal/ros2_ws/build/action_tutorials_interfaces
[5.164s] -- Install configuration: ""
[5.164s] -- Installing: /home/khushhal/ros2_ws/install/action_tutorials_interfaces/share/ament_index/resource_index/rosidl_interfaces/action_tutorials_interfaces
[5.165s] -- Installing: /home/khushhal/ros2_ws/install/action_tutorials_interfaces/share/action_tutorials_interfaces/action/Fibonacci.json
[5.165s] -- Installing: /home/khushhal/ros2_ws/install/action_tutorials_interfaces/include/action_tutorials_interfaces/action_tutorials_interfaces
[5.165s] -- Installing: /home/khushhal/ros2_ws/install/action_tutorials_interfaces/include/action_tutorials_interfaces/action_tutorials_interfaces/msg
[5.165s] -- Installing: /home/khushhal/ros2_ws/install/action_tutorials_interfaces/include/action_tutorials_interfaces/action_tutorials_interfaces/msg/rosidl_generator_c__visibility_control.h
[5.165s] -- Installing: /home/khushhal/ros2_ws/install/action_tutorials_interfaces/include/action_tutorials_interfaces/action_tutorials_interfaces/action
[5.165s] -- Installing: /home/khushhal/ros2_ws/install/action_tutorials_interfaces/include/action_tutorials_interfaces/action_tutorials_interfaces/action/detail
[5.165s] -- Installing: /home/khushhal/ros2_ws/install/action_tutorials_interfaces/include/action_tutorials_interfaces/action_tutorials_interfaces/action/detail/fibonacci__type_support.h
[5.165s] -- Installing: /home/khushhal/ros2_ws/install/action_tutorials_interfaces/include/action_tutorials_interfaces/action_tutorials_interfaces/action/detail/fibonacci__type_support.c
[5.166s] -- Installing: /home/khushhal/ros2_ws/install/action_tutorials_interfaces/include/action_tutorials_interfaces/action_tutorials_interfaces/action/detail/fibonacci__functions.h
[5.166s] -- Installing: /home/khushhal/ros2_ws/install/action_tutorials_interfaces/include/action_tutorials_interfaces/action_tutorials_interfaces/action/detail/fibonacci__struct.h
[5.166s] -- Installing: /home/khushhal/ros2_ws/install/action_tutorials_interfaces/include/action_tutorials_interfaces/action_tutorials_interfaces/action/detail/fibonacci__description.c
[5.166s] -- Installing: /home/khushhal/ros2_ws/install/action_tutorials_interfaces/include/action_tutorials_interfaces/action_tutorials_interfaces/action/detail/fibonacci__functions.c
[5.166s] -- Installing: /home/khushhal/ros2_ws/install/action_tutorials_interfaces/include/action_tutorials_interfaces/action_tutorials_interfaces/action/fibonacci.h
[5.166s] -- Installing: /home/khushhal/ros2_ws/install/action_tutorials_interfaces/share/action_tutorials_interfaces/environment/library_path.sh
[5.166s] -- Installing: /home/khushhal/ros2_ws/install/action_tutorials_interfaces/share/action_tutorials_interfaces/environment/library_path.dsv
[5.167s] -- Installing: /home/khushhal/ros2_ws/install/action_tutorials_interfaces/lib/libaction_tutorials_interfaces__rosidl_generator_c.so
[5.167s] -- Set non-toolchain portion of runtime path of "/home/khushhal/ros2_ws/install/action_tutorials_interfaces/lib/libaction_tutorials_interfaces__rosidl_generator_c.so" to ""
[5.167s] -- Up-to-date: /home/khushhal/ros2_ws/install/action_tutorials_interfaces/include/action_tutorials_interfaces/action_tutorials_interfaces
[5.167s] -- Up-to-date: /home/khushhal/ros2_ws/install/action_tutorials_interfaces/include/action_tutorials_interfaces/action_tutorials_interfaces/msg
[5.167s] -- Installing: /home/khushhal/ros2_ws/install/action_tutorials_interfaces/include/action_tutorials_interfaces/action_tutorials_interfaces/msg/rosidl_typesupport_fastrtps_c__visibility_control.h
[5.167s] -- Up-to-date: /home/khushhal/ros2_ws/install/action_tutorials_interfaces/include/action_tutorials_interfaces/action_tutorials_interfaces/action
[5.168s] -- Up-to-date: /home/khushhal/ros2_ws/install/action_tutorials_interfaces/include/action_tutorials_interfaces/action_tutorials_interfaces/action/detail
[5.168s] -- Installing: /home/khushhal/ros2_ws/install/action_tutorials_interfaces/include/action_tutorials_interfaces/action_tutorials_interfaces/action/detail/fibonacci__rosidl_typesupport_fastrtps_c.h
[5.168s] -- Installing: /home/khushhal/ros2_ws/install/action_tutorials_interfaces/lib/libaction_tutorials_interfaces__rosidl_typesupport_fastrtps_c.so
[5.168s] -- Set non-toolchain portion of runtime path of "/home/khushhal/ros2_ws/install/action_tutorials_interfaces/lib/libaction_tutorials_interfaces__rosidl_typesupport_fastrtps_c.so" to ""
[5.168s] -- Up-to-date: /home/khushhal/ros2_ws/install/action_tutorials_interfaces/include/action_tutorials_interfaces/action_tutorials_interfaces
[5.168s] -- Up-to-date: /home/khushhal/ros2_ws/install/action_tutorials_interfaces/include/action_tutorials_interfaces/action_tutorials_interfaces/msg
[5.168s] -- Installing: /home/khushhal/ros2_ws/install/action_tutorials_interfaces/include/action_tutorials_interfaces/action_tutorials_interfaces/msg/rosidl_typesupport_introspection_c__visibility_control.h
[5.168s] -- Up-to-date: /home/khushhal/ros2_ws/install/action_tutorials_interfaces/include/action_tutorials_interfaces/action_tutorials_interfaces/action
[5.168s] -- Up-to-date: /home/khushhal/ros2_ws/install/action_tutorials_interfaces/include/action_tutorials_interfaces/action_tutorials_interfaces/action/detail
[5.168s] -- Installing: /home/khushhal/ros2_ws/install/action_tutorials_interfaces/include/action_tutorials_interfaces/action_tutorials_interfaces/action/detail/fibonacci__type_support.c
[5.168s] -- Installing: /home/khushhal/ros2_ws/install/action_tutorials_interfaces/include/action_tutorials_interfaces/action_tutorials_interfaces/action/detail/fibonacci__rosidl_typesupport_introspection_c.h
[5.169s] -- Installing: /home/khushhal/ros2_ws/install/action_tutorials_interfaces/lib/libaction_tutorials_interfaces__rosidl_typesupport_introspection_c.so
[5.169s] -- Set non-toolchain portion of runtime path of "/home/khushhal/ros2_ws/install/action_tutorials_interfaces/lib/libaction_tutorials_interfaces__rosidl_typesupport_introspection_c.so" to ""
[5.169s] -- Installing: /home/khushhal/ros2_ws/install/action_tutorials_interfaces/lib/libaction_tutorials_interfaces__rosidl_typesupport_c.so
[5.169s] -- Set non-toolchain portion of runtime path of "/home/khushhal/ros2_ws/install/action_tutorials_interfaces/lib/libaction_tutorials_interfaces__rosidl_typesupport_c.so" to ""
[5.169s] -- Up-to-date: /home/khushhal/ros2_ws/install/action_tutorials_interfaces/include/action_tutorials_interfaces/action_tutorials_interfaces
[5.169s] -- Up-to-date: /home/khushhal/ros2_ws/install/action_tutorials_interfaces/include/action_tutorials_interfaces/action_tutorials_interfaces/msg
[5.169s] -- Installing: /home/khushhal/ros2_ws/install/action_tutorials_interfaces/include/action_tutorials_interfaces/action_tutorials_interfaces/msg/rosidl_generator_cpp__visibility_control.hpp
[5.170s] -- Up-to-date: /home/khushhal/ros2_ws/install/action_tutorials_interfaces/include/action_tutorials_interfaces/action_tutorials_interfaces/action
[5.170s] -- Up-to-date: /home/khushhal/ros2_ws/install/action_tutorials_interfaces/include/action_tutorials_interfaces/action_tutorials_interfaces/action/detail
[5.170s] -- Installing: /home/khushhal/ros2_ws/install/action_tutorials_interfaces/include/action_tutorials_interfaces/action_tutorials_interfaces/action/detail/fibonacci__traits.hpp
[5.170s] -- Installing: /home/khushhal/ros2_ws/install/action_tutorials_interfaces/include/action_tutorials_interfaces/action_tutorials_interfaces/action/detail/fibonacci__builder.hpp
[5.170s] -- Installing: /home/khushhal/ros2_ws/install/action_tutorials_interfaces/include/action_tutorials_interfaces/action_tutorials_interfaces/action/detail/fibonacci__type_support.hpp
[5.170s] -- Installing: /home/khushhal/ros2_ws/install/action_tutorials_interfaces/include/action_tutorials_interfaces/action_tutorials_interfaces/action/detail/fibonacci__struct.hpp
[5.170s] -- Installing: /home/khushhal/ros2_ws/install/action_tutorials_interfaces/include/action_tutorials_interfaces/action_tutorials_interfaces/action/fibonacci.hpp
[5.171s] -- Up-to-date: /home/khushhal/ros2_ws/install/action_tutorials_interfaces/include/action_tutorials_interfaces/action_tutorials_interfaces
[5.171s] -- Up-to-date: /home/khushhal/ros2_ws/install/action_tutorials_interfaces/include/action_tutorials_interfaces/action_tutorials_interfaces/msg
[5.171s] -- Installing: /home/khushhal/ros2_ws/install/action_tutorials_interfaces/include/action_tutorials_interfaces/action_tutorials_interfaces/msg/rosidl_typesupport_fastrtps_cpp__visibility_control.h
[5.171s] -- Up-to-date: /home/khushhal/ros2_ws/install/action_tutorials_interfaces/include/action_tutorials_interfaces/action_tutorials_interfaces/action
[5.171s] -- Up-to-date: /home/khushhal/ros2_ws/install/action_tutorials_interfaces/include/action_tutorials_interfaces/action_tutorials_interfaces/action/detail
[5.171s] -- Installing: /home/khushhal/ros2_ws/install/action_tutorials_interfaces/include/action_tutorials_interfaces/action_tutorials_interfaces/action/detail/dds_fastrtps
[5.171s] -- Installing: /home/khushhal/ros2_ws/install/action_tutorials_interfaces/include/action_tutorials_interfaces/action_tutorials_interfaces/action/detail/fibonacci__rosidl_typesupport_fastrtps_cpp.hpp
[5.171s] -- Installing: /home/khushhal/ros2_ws/install/action_tutorials_interfaces/lib/libaction_tutorials_interfaces__rosidl_typesupport_fastrtps_cpp.so
[5.172s] -- Set non-toolchain portion of runtime path of "/home/khushhal/ros2_ws/install/action_tutorials_interfaces/lib/libaction_tutorials_interfaces__rosidl_typesupport_fastrtps_cpp.so" to ""
[5.172s] -- Up-to-date: /home/khushhal/ros2_ws/install/action_tutorials_interfaces/include/action_tutorials_interfaces/action_tutorials_interfaces
[5.172s] -- Up-to-date: /home/khushhal/ros2_ws/install/action_tutorials_interfaces/include/action_tutorials_interfaces/action_tutorials_interfaces/action
[5.172s] -- Up-to-date: /home/khushhal/ros2_ws/install/action_tutorials_interfaces/include/action_tutorials_interfaces/action_tutorials_interfaces/action/detail
[5.172s] -- Installing: /home/khushhal/ros2_ws/install/action_tutorials_interfaces/include/action_tutorials_interfaces/action_tutorials_interfaces/action/detail/fibonacci__type_support.cpp
[5.172s] -- Installing: /home/khushhal/ros2_ws/install/action_tutorials_interfaces/include/action_tutorials_interfaces/action_tutorials_interfaces/action/detail/fibonacci__rosidl_typesupport_introspection_cpp.hpp
[5.172s] -- Installing: /home/khushhal/ros2_ws/install/action_tutorials_interfaces/lib/libaction_tutorials_interfaces__rosidl_typesupport_introspection_cpp.so
[5.173s] -- Set non-toolchain portion of runtime path of "/home/khushhal/ros2_ws/install/action_tutorials_interfaces/lib/libaction_tutorials_interfaces__rosidl_typesupport_introspection_cpp.so" to ""
[5.173s] -- Installing: /home/khushhal/ros2_ws/install/action_tutorials_interfaces/lib/libaction_tutorials_interfaces__rosidl_typesupport_cpp.so
[5.173s] -- Set non-toolchain portion of runtime path of "/home/khushhal/ros2_ws/install/action_tutorials_interfaces/lib/libaction_tutorials_interfaces__rosidl_typesupport_cpp.so" to ""
[5.173s] -- Installing: /home/khushhal/ros2_ws/install/action_tutorials_interfaces/share/action_tutorials_interfaces/environment/pythonpath.sh
[5.174s] -- Installing: /home/khushhal/ros2_ws/install/action_tutorials_interfaces/share/action_tutorials_interfaces/environment/pythonpath.dsv
[5.174s] -- Installing: /home/khushhal/ros2_ws/install/action_tutorials_interfaces/lib/python3.12/site-packages/action_tutorials_interfaces-0.0.0-py3.12.egg-info
[5.174s] -- Installing: /home/khushhal/ros2_ws/install/action_tutorials_interfaces/lib/python3.12/site-packages/action_tutorials_interfaces-0.0.0-py3.12.egg-info/SOURCES.txt
[5.174s] -- Installing: /home/khushhal/ros2_ws/install/action_tutorials_interfaces/lib/python3.12/site-packages/action_tutorials_interfaces-0.0.0-py3.12.egg-info/top_level.txt
[5.174s] -- Installing: /home/khushhal/ros2_ws/install/action_tutorials_interfaces/lib/python3.12/site-packages/action_tutorials_interfaces-0.0.0-py3.12.egg-info/dependency_links.txt
[5.174s] -- Installing: /home/khushhal/ros2_ws/install/action_tutorials_interfaces/lib/python3.12/site-packages/action_tutorials_interfaces-0.0.0-py3.12.egg-info/PKG-INFO
[5.174s] -- Installing: /home/khushhal/ros2_ws/install/action_tutorials_interfaces/lib/python3.12/site-packages/action_tutorials_interfaces
[5.174s] -- Installing: /home/khushhal/ros2_ws/install/action_tutorials_interfaces/lib/python3.12/site-packages/action_tutorials_interfaces/action
[5.174s] -- Installing: /home/khushhal/ros2_ws/install/action_tutorials_interfaces/lib/python3.12/site-packages/action_tutorials_interfaces/action/_fibonacci_s.c
[5.175s] -- Installing: /home/khushhal/ros2_ws/install/action_tutorials_interfaces/lib/python3.12/site-packages/action_tutorials_interfaces/action/_fibonacci.py
[5.175s] -- Installing: /home/khushhal/ros2_ws/install/action_tutorials_interfaces/lib/python3.12/site-packages/action_tutorials_interfaces/action/__init__.py
[5.175s] -- Installing: /home/khushhal/ros2_ws/install/action_tutorials_interfaces/lib/python3.12/site-packages/action_tutorials_interfaces/_action_tutorials_interfaces_s.ep.rosidl_typesupport_introspection_c.c
[5.175s] -- Installing: /home/khushhal/ros2_ws/install/action_tutorials_interfaces/lib/python3.12/site-packages/action_tutorials_interfaces/_action_tutorials_interfaces_s.ep.rosidl_typesupport_c.c
[5.175s] -- Installing: /home/khushhal/ros2_ws/install/action_tutorials_interfaces/lib/python3.12/site-packages/action_tutorials_interfaces/action_tutorials_interfaces_s__rosidl_typesupport_introspection_c.so
[5.175s] -- Installing: /home/khushhal/ros2_ws/install/action_tutorials_interfaces/lib/python3.12/site-packages/action_tutorials_interfaces/action_tutorials_interfaces_s__rosidl_typesupport_c.so
[5.176s] -- Installing: /home/khushhal/ros2_ws/install/action_tutorials_interfaces/lib/python3.12/site-packages/action_tutorials_interfaces/_action_tutorials_interfaces_s.ep.rosidl_typesupport_fastrtps_c.c
[5.176s] -- Installing: /home/khushhal/ros2_ws/install/action_tutorials_interfaces/lib/python3.12/site-packages/action_tutorials_interfaces/action_tutorials_interfaces_s__rosidl_typesupport_fastrtps_c.so
[5.176s] -- Installing: /home/khushhal/ros2_ws/install/action_tutorials_interfaces/lib/python3.12/site-packages/action_tutorials_interfaces/__init__.py
[5.215s] Listing '/home/khushhal/ros2_ws/install/action_tutorials_interfaces/lib/python3.12/site-packages/action_tutorials_interfaces'...
[5.215s] Compiling '/home/khushhal/ros2_ws/install/action_tutorials_interfaces/lib/python3.12/site-packages/action_tutorials_interfaces/__init__.py'...
[5.215s] Listing '/home/khushhal/ros2_ws/install/action_tutorials_interfaces/lib/python3.12/site-packages/action_tutorials_interfaces/action'...
[5.215s] Compiling '/home/khushhal/ros2_ws/install/action_tutorials_interfaces/lib/python3.12/site-packages/action_tutorials_interfaces/action/__init__.py'...
[5.215s] Compiling '/home/khushhal/ros2_ws/install/action_tutorials_interfaces/lib/python3.12/site-packages/action_tutorials_interfaces/action/_fibonacci.py'...
[5.220s] -- Installing: /home/khushhal/ros2_ws/install/action_tutorials_interfaces/lib/python3.12/site-packages/action_tutorials_interfaces/action_tutorials_interfaces_s__rosidl_typesupport_fastrtps_c.so
[5.220s] -- Set non-toolchain portion of runtime path of "/home/khushhal/ros2_ws/install/action_tutorials_interfaces/lib/python3.12/site-packages/action_tutorials_interfaces/action_tutorials_interfaces_s__rosidl_typesupport_fastrtps_c.so" to ""
[5.221s] -- Installing: /home/khushhal/ros2_ws/install/action_tutorials_interfaces/lib/python3.12/site-packages/action_tutorials_interfaces/action_tutorials_interfaces_s__rosidl_typesupport_introspection_c.so
[5.221s] -- Set non-toolchain portion of runtime path of "/home/khushhal/ros2_ws/install/action_tutorials_interfaces/lib/python3.12/site-packages/action_tutorials_interfaces/action_tutorials_interfaces_s__rosidl_typesupport_introspection_c.so" to ""
[5.221s] -- Installing: /home/khushhal/ros2_ws/install/action_tutorials_interfaces/lib/python3.12/site-packages/action_tutorials_interfaces/action_tutorials_interfaces_s__rosidl_typesupport_c.so
[5.222s] -- Set non-toolchain portion of runtime path of "/home/khushhal/ros2_ws/install/action_tutorials_interfaces/lib/python3.12/site-packages/action_tutorials_interfaces/action_tutorials_interfaces_s__rosidl_typesupport_c.so" to ""
[5.222s] -- Installing: /home/khushhal/ros2_ws/install/action_tutorials_interfaces/lib/libaction_tutorials_interfaces__rosidl_generator_py.so
[5.222s] -- Set non-toolchain portion of runtime path of "/home/khushhal/ros2_ws/install/action_tutorials_interfaces/lib/libaction_tutorials_interfaces__rosidl_generator_py.so" to ""
[5.222s] -- Installing: /home/khushhal/ros2_ws/install/action_tutorials_interfaces/share/action_tutorials_interfaces/action/Fibonacci.idl
[5.222s] -- Installing: /home/khushhal/ros2_ws/install/action_tutorials_interfaces/share/action_tutorials_interfaces/action/Fibonacci.action
[5.222s] -- Installing: /home/khushhal/ros2_ws/install/action_tutorials_interfaces/share/ament_index/resource_index/package_run_dependencies/action_tutorials_interfaces
[5.223s] -- Installing: /home/khushhal/ros2_ws/install/action_tutorials_interfaces/share/ament_index/resource_index/parent_prefix_path/action_tutorials_interfaces
[5.223s] -- Installing: /home/khushhal/ros2_ws/install/action_tutorials_interfaces/share/action_tutorials_interfaces/environment/ament_prefix_path.sh
[5.223s] -- Installing: /home/khushhal/ros2_ws/install/action_tutorials_interfaces/share/action_tutorials_interfaces/environment/ament_prefix_path.dsv
[5.223s] -- Installing: /home/khushhal/ros2_ws/install/action_tutorials_interfaces/share/action_tutorials_interfaces/environment/path.sh
[5.223s] -- Installing: /home/khushhal/ros2_ws/install/action_tutorials_interfaces/share/action_tutorials_interfaces/environment/path.dsv
[5.223s] -- Installing: /home/khushhal/ros2_ws/install/action_tutorials_interfaces/share/action_tutorials_interfaces/local_setup.bash
[5.223s] -- Installing: /home/khushhal/ros2_ws/install/action_tutorials_interfaces/share/action_tutorials_interfaces/local_setup.sh
[5.223s] -- Installing: /home/khushhal/ros2_ws/install/action_tutorials_interfaces/share/action_tutorials_interfaces/local_setup.zsh
[5.224s] -- Installing: /home/khushhal/ros2_ws/install/action_tutorials_interfaces/share/action_tutorials_interfaces/local_setup.dsv
[5.224s] -- Installing: /home/khushhal/ros2_ws/install/action_tutorials_interfaces/share/action_tutorials_interfaces/package.dsv
[5.224s] -- Installing: /home/khushhal/ros2_ws/install/action_tutorials_interfaces/share/ament_index/resource_index/packages/action_tutorials_interfaces
[5.224s] -- Installing: /home/khushhal/ros2_ws/install/action_tutorials_interfaces/share/action_tutorials_interfaces/cmake/export_action_tutorials_interfaces__rosidl_generator_cExport.cmake
[5.224s] -- Installing: /home/khushhal/ros2_ws/install/action_tutorials_interfaces/share/action_tutorials_interfaces/cmake/export_action_tutorials_interfaces__rosidl_generator_cExport-noconfig.cmake
[5.224s] -- Installing: /home/khushhal/ros2_ws/install/action_tutorials_interfaces/share/action_tutorials_interfaces/cmake/export_action_tutorials_interfaces__rosidl_typesupport_fastrtps_cExport.cmake
[5.224s] -- Installing: /home/khushhal/ros2_ws/install/action_tutorials_interfaces/share/action_tutorials_interfaces/cmake/export_action_tutorials_interfaces__rosidl_typesupport_fastrtps_cExport-noconfig.cmake
[5.225s] -- Installing: /home/khushhal/ros2_ws/install/action_tutorials_interfaces/share/action_tutorials_interfaces/cmake/action_tutorials_interfaces__rosidl_typesupport_introspection_cExport.cmake
[5.225s] -- Installing: /home/khushhal/ros2_ws/install/action_tutorials_interfaces/share/action_tutorials_interfaces/cmake/action_tutorials_interfaces__rosidl_typesupport_introspection_cExport-noconfig.cmake
[5.225s] -- Installing: /home/khushhal/ros2_ws/install/action_tutorials_interfaces/share/action_tutorials_interfaces/cmake/action_tutorials_interfaces__rosidl_typesupport_cExport.cmake
[5.225s] -- Installing: /home/khushhal/ros2_ws/install/action_tutorials_interfaces/share/action_tutorials_interfaces/cmake/action_tutorials_interfaces__rosidl_typesupport_cExport-noconfig.cmake
[5.225s] -- Installing: /home/khushhal/ros2_ws/install/action_tutorials_interfaces/share/action_tutorials_interfaces/cmake/export_action_tutorials_interfaces__rosidl_generator_cppExport.cmake
[5.225s] -- Installing: /home/khushhal/ros2_ws/install/action_tutorials_interfaces/share/action_tutorials_interfaces/cmake/export_action_tutorials_interfaces__rosidl_typesupport_fastrtps_cppExport.cmake
[5.225s] -- Installing: /home/khushhal/ros2_ws/install/action_tutorials_interfaces/share/action_tutorials_interfaces/cmake/export_action_tutorials_interfaces__rosidl_typesupport_fastrtps_cppExport-noconfig.cmake
[5.226s] -- Installing: /home/khushhal/ros2_ws/install/action_tutorials_interfaces/share/action_tutorials_interfaces/cmake/action_tutorials_interfaces__rosidl_typesupport_introspection_cppExport.cmake
[5.226s] -- Installing: /home/khushhal/ros2_ws/install/action_tutorials_interfaces/share/action_tutorials_interfaces/cmake/action_tutorials_interfaces__rosidl_typesupport_introspection_cppExport-noconfig.cmake
[5.226s] -- Installing: /home/khushhal/ros2_ws/install/action_tutorials_interfaces/share/action_tutorials_interfaces/cmake/action_tutorials_interfaces__rosidl_typesupport_cppExport.cmake
[5.226s] -- Installing: /home/khushhal/ros2_ws/install/action_tutorials_interfaces/share/action_tutorials_interfaces/cmake/action_tutorials_interfaces__rosidl_typesupport_cppExport-noconfig.cmake
[5.226s] -- Installing: /home/khushhal/ros2_ws/install/action_tutorials_interfaces/share/action_tutorials_interfaces/cmake/export_action_tutorials_interfaces__rosidl_generator_pyExport.cmake
[5.226s] -- Installing: /home/khushhal/ros2_ws/install/action_tutorials_interfaces/share/action_tutorials_interfaces/cmake/export_action_tutorials_interfaces__rosidl_generator_pyExport-noconfig.cmake
[5.226s] -- Installing: /home/khushhal/ros2_ws/install/action_tutorials_interfaces/share/action_tutorials_interfaces/cmake/rosidl_cmake-extras.cmake
[5.227s] -- Installing: /home/khushhal/ros2_ws/install/action_tutorials_interfaces/share/action_tutorials_interfaces/cmake/ament_cmake_export_dependencies-extras.cmake
[5.227s] -- Installing: /home/khushhal/ros2_ws/install/action_tutorials_interfaces/share/action_tutorials_interfaces/cmake/ament_cmake_export_include_directories-extras.cmake
[5.227s] -- Installing: /home/khushhal/ros2_ws/install/action_tutorials_interfaces/share/action_tutorials_interfaces/cmake/ament_cmake_export_libraries-extras.cmake
[5.227s] -- Installing: /home/khushhal/ros2_ws/install/action_tutorials_interfaces/share/action_tutorials_interfaces/cmake/ament_cmake_export_targets-extras.cmake
[5.227s] -- Installing: /home/khushhal/ros2_ws/install/action_tutorials_interfaces/share/action_tutorials_interfaces/cmake/rosidl_cmake_export_typesupport_targets-extras.cmake
[5.227s] -- Installing: /home/khushhal/ros2_ws/install/action_tutorials_interfaces/share/action_tutorials_interfaces/cmake/rosidl_cmake_export_typesupport_libraries-extras.cmake
[5.227s] -- Installing: /home/khushhal/ros2_ws/install/action_tutorials_interfaces/share/action_tutorials_interfaces/cmake/action_tutorials_interfacesConfig.cmake
[5.227s] -- Installing: /home/khushhal/ros2_ws/install/action_tutorials_interfaces/share/action_tutorials_interfaces/cmake/action_tutorials_interfacesConfig-version.cmake
[5.228s] -- Installing: /home/khushhal/ros2_ws/install/action_tutorials_interfaces/share/action_tutorials_interfaces/package.xml
[5.230s] Invoked command in '/home/khushhal/ros2_ws/build/action_tutorials_interfaces' returned '0': CMAKE_PREFIX_PATH=${CMAKE_PREFIX_PATH}:/opt/ros/jazzy DEBUGINFOD_URLS=https://debuginfod.ubuntu.com /usr/bin/cmake --install /home/khushhal/ros2_ws/build/action_tutorials_interfaces
