[0.037s] Invoking command in '/home/khushhal/ros2_ws/build/examples_rclcpp_cbg_executor': DEBUGINFOD_URLS=https://debuginfod.ubuntu.com /usr/bin/cmake /home/khushhal/ros2_ws/src/examples/rclcpp/executors/cbg_executor -DAMENT_CMAKE_SYMLINK_INSTALL=1 -DCMAKE_INSTALL_PREFIX=/home/khushhal/ros2_ws/install/examples_rclcpp_cbg_executor
[0.325s] -- The C compiler identification is GNU 13.3.0
[0.577s] -- The CXX compiler identification is GNU 13.3.0
[0.616s] -- Detecting C compiler ABI info
[0.866s] -- Detecting C compiler ABI info - done
[0.894s] -- Check for working C compiler: /usr/bin/cc - skipped
[0.894s] -- Detecting C compile features
[0.894s] -- Detecting C compile features - done
[0.917s] -- Detecting CXX compiler ABI info
[1.162s] -- Detecting CXX compiler ABI info - done
[1.189s] -- Check for working CXX compiler: /usr/bin/c++ - skipped
[1.190s] -- Detecting CXX compile features
[1.191s] -- Detecting CXX compile features - done
[1.224s] -- Configuring incomplete, errors occurred!
[1.225s] [31mCMake Error at CMakeLists.txt:14 (find_package):
[1.225s]   By not providing "Findament_cmake.cmake" in CMAKE_MODULE_PATH this project
[1.225s]   has asked CMake to find a package configuration file provided by
[1.225s]   "ament_cmake", but CMake did not find one.
[1.225s] 
[1.225s]   Could not find a package configuration file provided by "ament_cmake" with
[1.226s]   any of the following names:
[1.226s] 
[1.226s]     ament_cmakeConfig.cmake
[1.226s]     ament_cmake-config.cmake
[1.226s] 
[1.226s]   Add the installation prefix of "ament_cmake" to CMAKE_PREFIX_PATH or set
[1.226s]   "ament_cmake_DIR" to a directory containing one of the above files.  If
[1.227s]   "ament_cmake" provides a separate development package or SDK, be sure it
[1.227s]   has been installed.
[1.227s] 
[1.227s] [0m
[1.241s] Invoked command in '/home/khushhal/ros2_ws/build/examples_rclcpp_cbg_executor' returned '1': DEBUGINFOD_URLS=https://debuginfod.ubuntu.com /usr/bin/cmake /home/khushhal/ros2_ws/src/examples/rclcpp/executors/cbg_executor -DAMENT_CMAKE_SYMLINK_INSTALL=1 -DCMAKE_INSTALL_PREFIX=/home/khushhal/ros2_ws/install/examples_rclcpp_cbg_executor
