[0.038s] Invoking command in '/home/khushhal/ros2_ws/build/examples_rclcpp_minimal_action_client': DEBUGINFOD_URLS=https://debuginfod.ubuntu.com /usr/bin/cmake /home/khushhal/ros2_ws/src/examples/rclcpp/actions/minimal_action_client -DAMENT_CMAKE_SYMLINK_INSTALL=1 -DCMAKE_INSTALL_PREFIX=/home/khushhal/ros2_ws/install/examples_rclcpp_minimal_action_client
[0.324s] -- The C compiler identification is GNU 13.3.0
[0.578s] -- The CXX compiler identification is GNU 13.3.0
[0.619s] -- Detecting C compiler ABI info
[0.873s] -- Detecting C compiler ABI info - done
[0.900s] -- Check for working C compiler: /usr/bin/cc - skipped
[0.900s] -- Detecting C compile features
[0.901s] -- Detecting C compile features - done
[0.927s] -- Detecting CXX compiler ABI info
[1.197s] -- Detecting CXX compiler ABI info - done
[1.230s] -- Check for working CXX compiler: /usr/bin/c++ - skipped
[1.234s] -- Detecting CXX compile features
[1.244s] -- Detecting CXX compile features - done
[1.264s] [31mCMake Error at CMakeLists.txt:14 (find_package):
[1.264s]   By not providing "Findament_cmake.cmake" in CMAKE_MODULE_PATH this project
[1.265s]   has asked CMake to find a package configuration file provided by
[1.265s]   "ament_cmake", but CMake did not find one.
[1.265s] 
[1.265s]   Could not find a package configuration file provided by "ament_cmake" with
[1.266s]   any of the following names:
[1.266s] 
[1.266s]     ament_cmakeConfig.cmake
[1.266s]     ament_cmake-config.cmake
[1.266s] 
[1.267s]   Add the installation prefix of "ament_cmake" to CMAKE_PREFIX_PATH or set
[1.267s]   "ament_cmake_DIR" to a directory containing one of the above files.  If
[1.267s]   "ament_cmake" provides a separate development package or SDK, be sure it
[1.267s]   has been installed.
[1.268s] 
[1.268s] [0m
[1.268s] -- Configuring incomplete, errors occurred!
[1.296s] Invoked command in '/home/khushhal/ros2_ws/build/examples_rclcpp_minimal_action_client' returned '1': DEBUGINFOD_URLS=https://debuginfod.ubuntu.com /usr/bin/cmake /home/khushhal/ros2_ws/src/examples/rclcpp/actions/minimal_action_client -DAMENT_CMAKE_SYMLINK_INSTALL=1 -DCMAKE_INSTALL_PREFIX=/home/khushhal/ros2_ws/install/examples_rclcpp_minimal_action_client
