[0.037s] Invoking command in '/home/khushhal/ros2_ws/build/cpp_parameters': CMAKE_PREFIX_PATH=${CMAKE_PREFIX_PATH}:/opt/ros/jazzy DEBUGINFOD_URLS=https://debuginfod.ubuntu.com /usr/bin/cmake --build /home/khushhal/ros2_ws/build/cpp_parameters -- -j12 -l12
[0.116s] [100%] Built target minimal_param_node
[0.138s] Invoked command in '/home/khushhal/ros2_ws/build/cpp_parameters' returned '0': CMAKE_PREFIX_PATH=${CMAKE_PREFIX_PATH}:/opt/ros/jazzy DEBUGINFOD_URLS=https://debuginfod.ubuntu.com /usr/bin/cmake --build /home/khushhal/ros2_ws/build/cpp_parameters -- -j12 -l12
[0.163s] Invoking command in '/home/khushhal/ros2_ws/build/cpp_parameters': CMAKE_PREFIX_PATH=${CMAKE_PREFIX_PATH}:/opt/ros/jazzy DEBUGINFOD_URLS=https://debuginfod.ubuntu.com /usr/bin/cmake --install /home/khushhal/ros2_ws/build/cpp_parameters
[1.416s] -- Install configuration: ""
[1.416s] -- Up-to-date: /home/khushhal/ros2_ws/install/cpp_parameters/lib/cpp_parameters/minimal_param_node
[1.416s] -- Up-to-date: /home/khushhal/ros2_ws/install/cpp_parameters/share/cpp_parameters/launch
[1.416s] -- Up-to-date: /home/khushhal/ros2_ws/install/cpp_parameters/share/cpp_parameters/launch/cpp_parameters_launch.py
[1.416s] -- Up-to-date: /home/khushhal/ros2_ws/install/cpp_parameters/share/ament_index/resource_index/package_run_dependencies/cpp_parameters
[1.416s] -- Up-to-date: /home/khushhal/ros2_ws/install/cpp_parameters/share/ament_index/resource_index/parent_prefix_path/cpp_parameters
[1.416s] -- Up-to-date: /home/khushhal/ros2_ws/install/cpp_parameters/share/cpp_parameters/environment/ament_prefix_path.sh
[1.416s] -- Up-to-date: /home/khushhal/ros2_ws/install/cpp_parameters/share/cpp_parameters/environment/ament_prefix_path.dsv
[1.416s] -- Up-to-date: /home/khushhal/ros2_ws/install/cpp_parameters/share/cpp_parameters/environment/path.sh
[1.416s] -- Up-to-date: /home/khushhal/ros2_ws/install/cpp_parameters/share/cpp_parameters/environment/path.dsv
[1.419s] -- Up-to-date: /home/khushhal/ros2_ws/install/cpp_parameters/share/cpp_parameters/local_setup.bash
[1.419s] -- Up-to-date: /home/khushhal/ros2_ws/install/cpp_parameters/share/cpp_parameters/local_setup.sh
[1.420s] -- Up-to-date: /home/khushhal/ros2_ws/install/cpp_parameters/share/cpp_parameters/local_setup.zsh
[1.420s] -- Up-to-date: /home/khushhal/ros2_ws/install/cpp_parameters/share/cpp_parameters/local_setup.dsv
[1.420s] -- Installing: /home/khushhal/ros2_ws/install/cpp_parameters/share/cpp_parameters/package.dsv
[1.420s] -- Up-to-date: /home/khushhal/ros2_ws/install/cpp_parameters/share/ament_index/resource_index/packages/cpp_parameters
[1.420s] -- Up-to-date: /home/khushhal/ros2_ws/install/cpp_parameters/share/cpp_parameters/cmake/cpp_parametersConfig.cmake
[1.420s] -- Up-to-date: /home/khushhal/ros2_ws/install/cpp_parameters/share/cpp_parameters/cmake/cpp_parametersConfig-version.cmake
[1.420s] -- Up-to-date: /home/khushhal/ros2_ws/install/cpp_parameters/share/cpp_parameters/package.xml
[1.469s] Invoked command in '/home/khushhal/ros2_ws/build/cpp_parameters' returned '0': CMAKE_PREFIX_PATH=${CMAKE_PREFIX_PATH}:/opt/ros/jazzy DEBUGINFOD_URLS=https://debuginfod.ubuntu.com /usr/bin/cmake --install /home/khushhal/ros2_ws/build/cpp_parameters
