[0.040s] Invoking command in '/home/khushhal/ros2_ws/build/examples_rclcpp_async_client': DEBUGINFOD_URLS=https://debuginfod.ubuntu.com /usr/bin/cmake /home/khushhal/ros2_ws/src/examples/rclcpp/services/async_client -DAMENT_CMAKE_SYMLINK_INSTALL=1 -DCMAKE_INSTALL_PREFIX=/home/khushhal/ros2_ws/install/examples_rclcpp_async_client
[0.334s] -- The C compiler identification is GNU 13.3.0
[0.579s] -- The CXX compiler identification is GNU 13.3.0
[0.625s] -- Detecting C compiler ABI info
[0.887s] -- Detecting C compiler ABI info - done
[0.915s] -- Check for working C compiler: /usr/bin/cc - skipped
[0.915s] -- Detecting C compile features
[0.916s] -- Detecting C compile features - done
[0.942s] -- Detecting CXX compiler ABI info
[1.214s] -- Detecting CXX compiler ABI info - done
[1.241s] -- Check for working CXX compiler: /usr/bin/c++ - skipped
[1.241s] -- Detecting CXX compile features
[1.241s] -- Detecting CXX compile features - done
[1.272s] [31mCMake Error at CMakeLists.txt:14 (find_package):
[1.273s]   By not providing "Findament_cmake.cmake" in CMAKE_MODULE_PATH this project
[1.273s]   has asked CMake to find a package configuration file provided by
[1.273s]   "ament_cmake", but CMake did not find one.
[1.273s] 
[1.273s]   Could not find a package configuration file provided by "ament_cmake" with
[1.273s]   any of the following names:
[1.274s] 
[1.274s]     ament_cmakeConfig.cmake
[1.274s]     ament_cmake-config.cmake
[1.274s] 
[1.274s]   Add the installation prefix of "ament_cmake" to CMAKE_PREFIX_PATH or set
[1.274s]   "ament_cmake_DIR" to a directory containing one of the above files.  If
[1.274s]   "ament_cmake" provides a separate development package or SDK, be sure it
[1.275s]   has been installed.
[1.275s] 
[1.275s] [0m
[1.275s] -- Configuring incomplete, errors occurred!
[1.306s] Invoked command in '/home/khushhal/ros2_ws/build/examples_rclcpp_async_client' returned '1': DEBUGINFOD_URLS=https://debuginfod.ubuntu.com /usr/bin/cmake /home/khushhal/ros2_ws/src/examples/rclcpp/services/async_client -DAMENT_CMAKE_SYMLINK_INSTALL=1 -DCMAKE_INSTALL_PREFIX=/home/khushhal/ros2_ws/install/examples_rclcpp_async_client
