[1.553s] Invoking command in '/home/khushhal/ros2_ws/src/launch_tutorial': DEBUGINFOD_URLS=https://debuginfod.ubuntu.com PYTHONPATH=/home/khushhal/ros2_ws/build/launch_tutorial/prefix_override:/usr/lib/python3/dist-packages/colcon_core/task/python/colcon_distutils_commands:/home/khushhal/ros2_ws/install/launch_tutorial/lib/python3.12/site-packages:${PYTHONPATH} /usr/bin/python3 -W ignore:setup.py install is deprecated -W ignore:easy_install command is deprecated setup.py egg_info --egg-base ../../build/launch_tutorial build --build-base /home/khushhal/ros2_ws/build/launch_tutorial/build install --record /home/khushhal/ros2_ws/build/launch_tutorial/install.log --single-version-externally-managed install_data
[2.061s] running egg_info
[2.092s] writing ../../build/launch_tutorial/launch_tutorial.egg-info/PKG-INFO
[2.093s] writing dependency_links to ../../build/launch_tutorial/launch_tutorial.egg-info/dependency_links.txt
[2.093s] writing requirements to ../../build/launch_tutorial/launch_tutorial.egg-info/requires.txt
[2.093s] writing top-level names to ../../build/launch_tutorial/launch_tutorial.egg-info/top_level.txt
[2.160s] reading manifest file '../../build/launch_tutorial/launch_tutorial.egg-info/SOURCES.txt'
[2.161s] writing manifest file '../../build/launch_tutorial/launch_tutorial.egg-info/SOURCES.txt'
[2.161s] running build
[2.161s] running build_py
[2.162s] running install
[2.171s] running install_lib
[2.205s] running install_data
[2.205s] copying launch/example_main.launch.py -> /home/khushhal/ros2_ws/install/launch_tutorial/share/launch_tutorial/launch
[2.205s] copying launch/example_substitutions.launch.py -> /home/khushhal/ros2_ws/install/launch_tutorial/share/launch_tutorial/launch
[2.206s] running install_egg_info
[2.243s] removing '/home/khushhal/ros2_ws/install/launch_tutorial/lib/python3.12/site-packages/launch_tutorial-0.0.0-py3.12.egg-info' (and everything under it)
[2.243s] Copying ../../build/launch_tutorial/launch_tutorial.egg-info to /home/khushhal/ros2_ws/install/launch_tutorial/lib/python3.12/site-packages/launch_tutorial-0.0.0-py3.12.egg-info
[2.245s] running install_scripts
[2.472s] writing list of installed files to '/home/khushhal/ros2_ws/build/launch_tutorial/install.log'
[2.510s] Invoked command in '/home/khushhal/ros2_ws/src/launch_tutorial' returned '0': DEBUGINFOD_URLS=https://debuginfod.ubuntu.com PYTHONPATH=/home/khushhal/ros2_ws/build/launch_tutorial/prefix_override:/usr/lib/python3/dist-packages/colcon_core/task/python/colcon_distutils_commands:/home/khushhal/ros2_ws/install/launch_tutorial/lib/python3.12/site-packages:${PYTHONPATH} /usr/bin/python3 -W ignore:setup.py install is deprecated -W ignore:easy_install command is deprecated setup.py egg_info --egg-base ../../build/launch_tutorial build --build-base /home/khushhal/ros2_ws/build/launch_tutorial/build install --record /home/khushhal/ros2_ws/build/launch_tutorial/install.log --single-version-externally-managed install_data
