[0.008s] Invoking command in '/home/khushhal/ros2_ws/build/cpp_parameters': CMAKE_PREFIX_PATH=${CMAKE_PREFIX_PATH}:/opt/ros/jazzy DEBUGINFOD_URLS=https://debuginfod.ubuntu.com /usr/bin/cmake --build /home/khushhal/ros2_ws/build/cpp_parameters -- -j12 -l12
[0.031s] -- Found ament_cmake: 2.5.4 (/opt/ros/jazzy/share/ament_cmake/cmake)
[0.200s] -- Found rclcpp: 28.1.13 (/opt/ros/jazzy/share/rclcpp/cmake)
[0.222s] -- Found rosidl_generator_c: 4.6.6 (/opt/ros/jazzy/share/rosidl_generator_c/cmake)
[0.229s] -- Found rosidl_generator_cpp: 4.6.6 (/opt/ros/jazzy/share/rosidl_generator_cpp/cmake)
[0.238s] -- Using all available rosidl_typesupport_c: rosidl_typesupport_fastrtps_c;rosidl_typesupport_introspection_c
[0.249s] -- Using all available rosidl_typesupport_cpp: rosidl_typesupport_fastrtps_cpp;rosidl_typesupport_introspection_cpp
[0.299s] -- Found rmw_implementation_cmake: 7.3.2 (/opt/ros/jazzy/share/rmw_implementation_cmake/cmake)
[0.300s] -- Found rmw_fastrtps_cpp: 8.4.3 (/opt/ros/jazzy/share/rmw_fastrtps_cpp/cmake)
[0.353s] -- Using RMW implementation 'rmw_fastrtps_cpp' as default
[0.406s] -- Found ament_lint_auto: 0.17.3 (/opt/ros/jazzy/share/ament_lint_auto/cmake)
[0.484s] -- Added test 'cppcheck' to perform static code analysis on C / C++ code
[0.484s] -- Configured cppcheck include dirs: 
[0.484s] -- Configured cppcheck exclude dirs and/or files: 
[0.484s] -- Added test 'flake8' to check Python code syntax and style conventions
[0.484s] -- Configured 'flake8' exclude dirs and/or files: 
[0.484s] -- Added test 'lint_cmake' to check CMake code style
[0.485s] -- Added test 'pep257' to check Python code against some of the docstring style conventions in PEP 257
[0.486s] -- Added test 'uncrustify' to check C / C++ code style
[0.486s] -- Configured uncrustify additional arguments: 
[0.486s] -- Added test 'xmllint' to check XML markup files
[0.486s] -- Configuring done (0.5s)
[0.495s] -- Generating done (0.0s)
[0.498s] -- Build files have been written to: /home/khushhal/ros2_ws/build/cpp_parameters
[0.542s] [100%] Built target minimal_param_node
[0.553s] Invoked command in '/home/khushhal/ros2_ws/build/cpp_parameters' returned '0': CMAKE_PREFIX_PATH=${CMAKE_PREFIX_PATH}:/opt/ros/jazzy DEBUGINFOD_URLS=https://debuginfod.ubuntu.com /usr/bin/cmake --build /home/khushhal/ros2_ws/build/cpp_parameters -- -j12 -l12
[0.563s] Invoking command in '/home/khushhal/ros2_ws/build/cpp_parameters': CMAKE_PREFIX_PATH=${CMAKE_PREFIX_PATH}:/opt/ros/jazzy DEBUGINFOD_URLS=https://debuginfod.ubuntu.com /usr/bin/cmake --install /home/khushhal/ros2_ws/build/cpp_parameters
[0.571s] -- Install configuration: ""
[0.571s] -- Up-to-date: /home/khushhal/ros2_ws/install/cpp_parameters/lib/cpp_parameters/minimal_param_node
[0.571s] -- Installing: /home/khushhal/ros2_ws/install/cpp_parameters/share/cpp_parameters/launch
[0.571s] -- Installing: /home/khushhal/ros2_ws/install/cpp_parameters/share/cpp_parameters/launch/cpp_parameters_launch.py
[0.571s] -- Up-to-date: /home/khushhal/ros2_ws/install/cpp_parameters/share/ament_index/resource_index/package_run_dependencies/cpp_parameters
[0.571s] -- Up-to-date: /home/khushhal/ros2_ws/install/cpp_parameters/share/ament_index/resource_index/parent_prefix_path/cpp_parameters
[0.571s] -- Up-to-date: /home/khushhal/ros2_ws/install/cpp_parameters/share/cpp_parameters/environment/ament_prefix_path.sh
[0.571s] -- Up-to-date: /home/khushhal/ros2_ws/install/cpp_parameters/share/cpp_parameters/environment/ament_prefix_path.dsv
[0.572s] -- Up-to-date: /home/khushhal/ros2_ws/install/cpp_parameters/share/cpp_parameters/environment/path.sh
[0.572s] -- Up-to-date: /home/khushhal/ros2_ws/install/cpp_parameters/share/cpp_parameters/environment/path.dsv
[0.572s] -- Up-to-date: /home/khushhal/ros2_ws/install/cpp_parameters/share/cpp_parameters/local_setup.bash
[0.572s] -- Up-to-date: /home/khushhal/ros2_ws/install/cpp_parameters/share/cpp_parameters/local_setup.sh
[0.572s] -- Up-to-date: /home/khushhal/ros2_ws/install/cpp_parameters/share/cpp_parameters/local_setup.zsh
[0.572s] -- Up-to-date: /home/khushhal/ros2_ws/install/cpp_parameters/share/cpp_parameters/local_setup.dsv
[0.572s] -- Installing: /home/khushhal/ros2_ws/install/cpp_parameters/share/cpp_parameters/package.dsv
[0.572s] -- Up-to-date: /home/khushhal/ros2_ws/install/cpp_parameters/share/ament_index/resource_index/packages/cpp_parameters
[0.572s] -- Up-to-date: /home/khushhal/ros2_ws/install/cpp_parameters/share/cpp_parameters/cmake/cpp_parametersConfig.cmake
[0.572s] -- Up-to-date: /home/khushhal/ros2_ws/install/cpp_parameters/share/cpp_parameters/cmake/cpp_parametersConfig-version.cmake
[0.572s] -- Up-to-date: /home/khushhal/ros2_ws/install/cpp_parameters/share/cpp_parameters/package.xml
[0.573s] Invoked command in '/home/khushhal/ros2_ws/build/cpp_parameters' returned '0': CMAKE_PREFIX_PATH=${CMAKE_PREFIX_PATH}:/opt/ros/jazzy DEBUGINFOD_URLS=https://debuginfod.ubuntu.com /usr/bin/cmake --install /home/khushhal/ros2_ws/build/cpp_parameters
