[0.012s] Invoking command in '/home/khushhal/ros2_ws/build/cpp_pubsub': AMENT_PREFIX_PATH=/home/khushhal/ros2_ws/install/tutorial_interfaces:${AMENT_PREFIX_PATH} CMAKE_PREFIX_PATH=/home/khushhal/ros2_ws/install/tutorial_interfaces:/home/khushhal/ros2_ws/install/cpp_srvcli:/home/khushhal/ros2_ws/install/cpp_pubsub:/opt/ros/jazzy/opt/sdformat_vendor:/opt/ros/jazzy/opt/gz_math_vendor:/opt/ros/jazzy/opt/gz_utils_vendor:/opt/ros/jazzy/opt/gz_tools_vendor:/opt/ros/jazzy/opt/gz_cmake_vendor:/opt/ros/jazzy DEBUGINFOD_URLS=https://debuginfod.ubuntu.com LD_LIBRARY_PATH=/home/khushhal/ros2_ws/install/tutorial_interfaces/lib:${LD_LIBRARY_PATH} PYTHONPATH=/home/khushhal/ros2_ws/install/tutorial_interfaces/lib/python3.12/site-packages:${PYTHONPATH} /usr/bin/cmake --build /home/khushhal/ros2_ws/build/cpp_pubsub -- -j12 -l12
[0.069s] [ 50%] [32mBuilding CXX object CMakeFiles/talker.dir/src/publisher_member_function.cpp.o[0m
[0.069s] [ 50%] [32mBuilding CXX object CMakeFiles/listener.dir/src/subscriber_member_function.cpp.o[0m
[1.937s] In file included from [01m[K/opt/ros/jazzy/include/rclcpp/rclcpp/logging.hpp:24[m[K,
[1.937s]                  from [01m[K/opt/ros/jazzy/include/rclcpp/rclcpp/copy_all_parameter_values.hpp:27[m[K,
[1.937s]                  from [01m[K/opt/ros/jazzy/include/rclcpp/rclcpp/rclcpp.hpp:171[m[K,
[1.937s]                  from [01m[K/home/khushhal/ros2_ws/src/cpp_pubsub/src/publisher_member_function.cpp:18[m[K:
[1.937s] [01m[K/home/khushhal/ros2_ws/src/cpp_pubsub/src/publisher_member_function.cpp:[m[K In member function ‘[01m[Kvoid MinimalPublisher::[01;32m[Ktimer_callback[m[K()[m[K’:
[1.937s] [01m[K/home/khushhal/ros2_ws/src/cpp_pubsub/src/publisher_member_function.cpp:42:37:[m[K [01;35m[Kwarning: [m[Kformat ‘[01m[K%d[m[K’ expects argument of type ‘[01m[Kint[m[K’, but argument 5 has type ‘[01m[Ktutorial_interfaces::msg::Num_<std::allocator<void> >::_num_type[m[K’ {aka ‘[01m[Klong int[m[K’} [[01;35m[K]8;;https://gcc.gnu.org/onlinedocs/gcc/Warning-Options.html#index-Wformat=-Wformat=]8;;[m[K]
[1.937s]    42 |     RCLCPP_INFO(this->get_logger(), [01;35m[K"Publishing: '%d'"[m[K, [32m[Kmessage.num[m[K);
[1.937s]       |                                     [01;35m[K^~~~~~~~~~~~~~~~~~[m[K  [32m[K~~~~~~~~~~~[m[K
[1.937s]       |                                                                 [32m[K|[m[K
[1.938s]       |                                                                 [32m[Ktutorial_interfaces::msg::Num_<std::allocator<void> >::_num_type {aka long int}[m[K
[1.938s] [01m[K/home/khushhal/ros2_ws/src/cpp_pubsub/src/publisher_member_function.cpp:42:52:[m[K [01;36m[Knote: [m[Kformat string is defined here
[1.938s]    42 |     RCLCPP_INFO(this->get_logger(), "Publishing: '[01;36m[K%d[m[K'", message.num);
[1.938s]       |                                                   [01;36m[K~^[m[K
[1.938s]       |                                                    [01;36m[K|[m[K
[1.938s]       |                                                    [01;36m[Kint[m[K
[1.938s]       |                                                   [32m[K%ld[m[K
[1.968s] In file included from [01m[K/opt/ros/jazzy/include/rclcpp/rclcpp/logging.hpp:24[m[K,
[1.968s]                  from [01m[K/opt/ros/jazzy/include/rclcpp/rclcpp/copy_all_parameter_values.hpp:27[m[K,
[1.968s]                  from [01m[K/opt/ros/jazzy/include/rclcpp/rclcpp/rclcpp.hpp:171[m[K,
[1.968s]                  from [01m[K/home/khushhal/ros2_ws/src/cpp_pubsub/src/subscriber_member_function.cpp:17[m[K:
[1.968s] [01m[K/home/khushhal/ros2_ws/src/cpp_pubsub/src/subscriber_member_function.cpp:[m[K In member function ‘[01m[Kvoid MinimalSubscriber::[01;32m[Ktopic_callback[m[K(tutorial_interfaces::msg::Num_<std::allocator<void> >::SharedPtr) const[m[K’:
[1.968s] [01m[K/home/khushhal/ros2_ws/src/cpp_pubsub/src/subscriber_member_function.cpp:34:37:[m[K [01;35m[Kwarning: [m[Kformat ‘[01m[K%s[m[K’ expects argument of type ‘[01m[Kchar*[m[K’, but argument 5 has type ‘[01m[Ktutorial_interfaces::msg::Num_<std::allocator<void> >::_num_type[m[K’ {aka ‘[01m[Klong int[m[K’} [[01;35m[K]8;;https://gcc.gnu.org/onlinedocs/gcc/Warning-Options.html#index-Wformat=-Wformat=]8;;[m[K]
[1.968s]    34 |     RCLCPP_INFO(this->get_logger(), [01;35m[K"I heard: '%s'"[m[K, [32m[Kmsg->num[m[K);
[1.968s]       |                                     [01;35m[K^~~~~~~~~~~~~~~[m[K  [32m[K~~~~~~~~[m[K
[1.968s]       |                                                           [32m[K|[m[K
[1.968s]       |                                                           [32m[Ktutorial_interfaces::msg::Num_<std::allocator<void> >::_num_type {aka long int}[m[K
[1.968s] [01m[K/home/khushhal/ros2_ws/src/cpp_pubsub/src/subscriber_member_function.cpp:34:49:[m[K [01;36m[Knote: [m[Kformat string is defined here
[1.968s]    34 |     RCLCPP_INFO(this->get_logger(), "I heard: '[01;36m[K%s[m[K'", msg->num);
[1.968s]       |                                                [01;36m[K~^[m[K
[1.968s]       |                                                 [01;36m[K|[m[K
[1.968s]       |                                                 [01;36m[Kchar*[m[K
[1.968s]       |                                                [32m[K%ld[m[K
[3.664s] [ 75%] [32m[1mLinking CXX executable talker[0m
[3.822s] [ 75%] Built target talker
[6.088s] [100%] [32m[1mLinking CXX executable listener[0m
[6.313s] [100%] Built target listener
[6.324s] Invoked command in '/home/khushhal/ros2_ws/build/cpp_pubsub' returned '0': AMENT_PREFIX_PATH=/home/khushhal/ros2_ws/install/tutorial_interfaces:${AMENT_PREFIX_PATH} CMAKE_PREFIX_PATH=/home/khushhal/ros2_ws/install/tutorial_interfaces:/home/khushhal/ros2_ws/install/cpp_srvcli:/home/khushhal/ros2_ws/install/cpp_pubsub:/opt/ros/jazzy/opt/sdformat_vendor:/opt/ros/jazzy/opt/gz_math_vendor:/opt/ros/jazzy/opt/gz_utils_vendor:/opt/ros/jazzy/opt/gz_tools_vendor:/opt/ros/jazzy/opt/gz_cmake_vendor:/opt/ros/jazzy DEBUGINFOD_URLS=https://debuginfod.ubuntu.com LD_LIBRARY_PATH=/home/khushhal/ros2_ws/install/tutorial_interfaces/lib:${LD_LIBRARY_PATH} PYTHONPATH=/home/khushhal/ros2_ws/install/tutorial_interfaces/lib/python3.12/site-packages:${PYTHONPATH} /usr/bin/cmake --build /home/khushhal/ros2_ws/build/cpp_pubsub -- -j12 -l12
[6.333s] Invoking command in '/home/khushhal/ros2_ws/build/cpp_pubsub': AMENT_PREFIX_PATH=/home/khushhal/ros2_ws/install/tutorial_interfaces:${AMENT_PREFIX_PATH} CMAKE_PREFIX_PATH=/home/khushhal/ros2_ws/install/tutorial_interfaces:/home/khushhal/ros2_ws/install/cpp_srvcli:/home/khushhal/ros2_ws/install/cpp_pubsub:/opt/ros/jazzy/opt/sdformat_vendor:/opt/ros/jazzy/opt/gz_math_vendor:/opt/ros/jazzy/opt/gz_utils_vendor:/opt/ros/jazzy/opt/gz_tools_vendor:/opt/ros/jazzy/opt/gz_cmake_vendor:/opt/ros/jazzy DEBUGINFOD_URLS=https://debuginfod.ubuntu.com LD_LIBRARY_PATH=/home/khushhal/ros2_ws/install/tutorial_interfaces/lib:${LD_LIBRARY_PATH} PYTHONPATH=/home/khushhal/ros2_ws/install/tutorial_interfaces/lib/python3.12/site-packages:${PYTHONPATH} /usr/bin/cmake --install /home/khushhal/ros2_ws/build/cpp_pubsub
[6.340s] -- Install configuration: ""
[6.341s] -- Installing: /home/khushhal/ros2_ws/install/cpp_pubsub/lib/cpp_pubsub/talker
[6.343s] -- Set non-toolchain portion of runtime path of "/home/khushhal/ros2_ws/install/cpp_pubsub/lib/cpp_pubsub/talker" to ""
[6.343s] -- Installing: /home/khushhal/ros2_ws/install/cpp_pubsub/lib/cpp_pubsub/listener
[6.349s] -- Set non-toolchain portion of runtime path of "/home/khushhal/ros2_ws/install/cpp_pubsub/lib/cpp_pubsub/listener" to ""
[6.349s] -- Installing: /home/khushhal/ros2_ws/install/cpp_pubsub/share/ament_index/resource_index/package_run_dependencies/cpp_pubsub
[6.349s] -- Installing: /home/khushhal/ros2_ws/install/cpp_pubsub/share/ament_index/resource_index/parent_prefix_path/cpp_pubsub
[6.350s] -- Up-to-date: /home/khushhal/ros2_ws/install/cpp_pubsub/share/cpp_pubsub/environment/ament_prefix_path.sh
[6.350s] -- Up-to-date: /home/khushhal/ros2_ws/install/cpp_pubsub/share/cpp_pubsub/environment/ament_prefix_path.dsv
[6.350s] -- Up-to-date: /home/khushhal/ros2_ws/install/cpp_pubsub/share/cpp_pubsub/environment/path.sh
[6.350s] -- Up-to-date: /home/khushhal/ros2_ws/install/cpp_pubsub/share/cpp_pubsub/environment/path.dsv
[6.350s] -- Up-to-date: /home/khushhal/ros2_ws/install/cpp_pubsub/share/cpp_pubsub/local_setup.bash
[6.350s] -- Up-to-date: /home/khushhal/ros2_ws/install/cpp_pubsub/share/cpp_pubsub/local_setup.sh
[6.350s] -- Up-to-date: /home/khushhal/ros2_ws/install/cpp_pubsub/share/cpp_pubsub/local_setup.zsh
[6.350s] -- Up-to-date: /home/khushhal/ros2_ws/install/cpp_pubsub/share/cpp_pubsub/local_setup.dsv
[6.350s] -- Installing: /home/khushhal/ros2_ws/install/cpp_pubsub/share/cpp_pubsub/package.dsv
[6.350s] -- Up-to-date: /home/khushhal/ros2_ws/install/cpp_pubsub/share/ament_index/resource_index/packages/cpp_pubsub
[6.350s] -- Up-to-date: /home/khushhal/ros2_ws/install/cpp_pubsub/share/cpp_pubsub/cmake/cpp_pubsubConfig.cmake
[6.351s] -- Up-to-date: /home/khushhal/ros2_ws/install/cpp_pubsub/share/cpp_pubsub/cmake/cpp_pubsubConfig-version.cmake
[6.351s] -- Installing: /home/khushhal/ros2_ws/install/cpp_pubsub/share/cpp_pubsub/package.xml
[6.352s] Invoked command in '/home/khushhal/ros2_ws/build/cpp_pubsub' returned '0': AMENT_PREFIX_PATH=/home/khushhal/ros2_ws/install/tutorial_interfaces:${AMENT_PREFIX_PATH} CMAKE_PREFIX_PATH=/home/khushhal/ros2_ws/install/tutorial_interfaces:/home/khushhal/ros2_ws/install/cpp_srvcli:/home/khushhal/ros2_ws/install/cpp_pubsub:/opt/ros/jazzy/opt/sdformat_vendor:/opt/ros/jazzy/opt/gz_math_vendor:/opt/ros/jazzy/opt/gz_utils_vendor:/opt/ros/jazzy/opt/gz_tools_vendor:/opt/ros/jazzy/opt/gz_cmake_vendor:/opt/ros/jazzy DEBUGINFOD_URLS=https://debuginfod.ubuntu.com LD_LIBRARY_PATH=/home/khushhal/ros2_ws/install/tutorial_interfaces/lib:${LD_LIBRARY_PATH} PYTHONPATH=/home/khushhal/ros2_ws/install/tutorial_interfaces/lib/python3.12/site-packages:${PYTHONPATH} /usr/bin/cmake --install /home/khushhal/ros2_ws/build/cpp_pubsub
