[0.079s] Invoking command in '/home/khushhal/ros2_ws/build/cpp_parameters': CMAKE_PREFIX_PATH=${CMAKE_PREFIX_PATH}:/opt/ros/jazzy DEBUGINFOD_URLS=https://debuginfod.ubuntu.com /usr/bin/cmake --build /home/khushhal/ros2_ws/build/cpp_parameters -- -j12 -l12
[0.273s] [100%] Built target minimal_param_node
[0.522s] Invoked command in '/home/khushhal/ros2_ws/build/cpp_parameters' returned '0': CMAKE_PREFIX_PATH=${CMAKE_PREFIX_PATH}:/opt/ros/jazzy DEBUGINFOD_URLS=https://debuginfod.ubuntu.com /usr/bin/cmake --build /home/khushhal/ros2_ws/build/cpp_parameters -- -j12 -l12
[0.537s] Invoking command in '/home/khushhal/ros2_ws/build/cpp_parameters': CMAKE_PREFIX_PATH=${CMAKE_PREFIX_PATH}:/opt/ros/jazzy DEBUGINFOD_URLS=https://debuginfod.ubuntu.com /usr/bin/cmake --install /home/khushhal/ros2_ws/build/cpp_parameters
[3.477s] -- Install configuration: ""
[3.477s] -- Up-to-date: /home/khushhal/ros2_ws/install/cpp_parameters/lib/cpp_parameters/minimal_param_node
[3.478s] -- Up-to-date: /home/khushhal/ros2_ws/install/cpp_parameters/share/cpp_parameters/launch
[3.478s] -- Up-to-date: /home/khushhal/ros2_ws/install/cpp_parameters/share/cpp_parameters/launch/cpp_parameters_launch.py
[3.478s] -- Up-to-date: /home/khushhal/ros2_ws/install/cpp_parameters/share/ament_index/resource_index/package_run_dependencies/cpp_parameters
[3.478s] -- Up-to-date: /home/khushhal/ros2_ws/install/cpp_parameters/share/ament_index/resource_index/parent_prefix_path/cpp_parameters
[3.479s] -- Up-to-date: /home/khushhal/ros2_ws/install/cpp_parameters/share/cpp_parameters/environment/ament_prefix_path.sh
[3.479s] -- Up-to-date: /home/khushhal/ros2_ws/install/cpp_parameters/share/cpp_parameters/environment/ament_prefix_path.dsv
[3.505s] -- Up-to-date: /home/khushhal/ros2_ws/install/cpp_parameters/share/cpp_parameters/environment/path.sh
[3.505s] -- Up-to-date: /home/khushhal/ros2_ws/install/cpp_parameters/share/cpp_parameters/environment/path.dsv
[3.506s] -- Up-to-date: /home/khushhal/ros2_ws/install/cpp_parameters/share/cpp_parameters/local_setup.bash
[3.506s] -- Up-to-date: /home/khushhal/ros2_ws/install/cpp_parameters/share/cpp_parameters/local_setup.sh
[3.506s] -- Up-to-date: /home/khushhal/ros2_ws/install/cpp_parameters/share/cpp_parameters/local_setup.zsh
[3.506s] -- Up-to-date: /home/khushhal/ros2_ws/install/cpp_parameters/share/cpp_parameters/local_setup.dsv
[3.507s] -- Installing: /home/khushhal/ros2_ws/install/cpp_parameters/share/cpp_parameters/package.dsv
[3.507s] -- Up-to-date: /home/khushhal/ros2_ws/install/cpp_parameters/share/ament_index/resource_index/packages/cpp_parameters
[3.507s] -- Up-to-date: /home/khushhal/ros2_ws/install/cpp_parameters/share/cpp_parameters/cmake/cpp_parametersConfig.cmake
[3.507s] -- Up-to-date: /home/khushhal/ros2_ws/install/cpp_parameters/share/cpp_parameters/cmake/cpp_parametersConfig-version.cmake
[3.507s] -- Up-to-date: /home/khushhal/ros2_ws/install/cpp_parameters/share/cpp_parameters/package.xml
