[0.009s] Invoking command in '/home/khushhal/ros2_ws/build/more_interfaces': CMAKE_PREFIX_PATH=${CMAKE_PREFIX_PATH}:/opt/ros/jazzy DEBUGINFOD_URLS=https://debuginfod.ubuntu.com /usr/bin/cmake /home/khushhal/ros2_ws/src/more_interfaces -DCMAKE_INSTALL_PREFIX=/home/khushhal/ros2_ws/install/more_interfaces
[0.020s] -- Found ament_cmake: 2.5.4 (/opt/ros/jazzy/share/ament_cmake/cmake)
[0.188s] -- Found rclcpp: 28.1.13 (/opt/ros/jazzy/share/rclcpp/cmake)
[0.211s] -- Found rosidl_generator_c: 4.6.6 (/opt/ros/jazzy/share/rosidl_generator_c/cmake)
[0.218s] -- Found rosidl_generator_cpp: 4.6.6 (/opt/ros/jazzy/share/rosidl_generator_cpp/cmake)
[0.227s] -- Using all available rosidl_typesupport_c: rosidl_typesupport_fastrtps_c;rosidl_typesupport_introspection_c
[0.237s] -- Using all available rosidl_typesupport_cpp: rosidl_typesupport_fastrtps_cpp;rosidl_typesupport_introspection_cpp
[0.288s] -- Found rmw_implementation_cmake: 7.3.2 (/opt/ros/jazzy/share/rmw_implementation_cmake/cmake)
[0.289s] -- Found rmw_fastrtps_cpp: 8.4.3 (/opt/ros/jazzy/share/rmw_fastrtps_cpp/cmake)
[0.343s] -- Using RMW implementation 'rmw_fastrtps_cpp' as default
[0.396s] -- Found rosidl_default_generators: 1.6.0 (/opt/ros/jazzy/share/rosidl_default_generators/cmake)
[0.402s] -- Found rosidl_adapter: 4.6.6 (/opt/ros/jazzy/share/rosidl_adapter/cmake)
[0.862s] -- Found ament_cmake_ros: 0.12.0 (/opt/ros/jazzy/share/ament_cmake_ros/cmake)
[1.431s] -- Using all available rosidl_typesupport_c: rosidl_typesupport_fastrtps_c;rosidl_typesupport_introspection_c
[1.655s] -- Using all available rosidl_typesupport_cpp: rosidl_typesupport_fastrtps_cpp;rosidl_typesupport_introspection_cpp
[1.658s] -- Found python_cmake_module: 0.11.1 (/opt/ros/jazzy/share/python_cmake_module/cmake)
[1.768s] -- Found PythonExtra: /usr/bin/python3  
[2.122s] -- Found Python3: /usr/bin/python3 (found version "3.12.3") found components: Interpreter Development NumPy Development.Module Development.Embed 
[2.149s] [0mCMake Deprecation Warning at /opt/ros/jazzy/share/rosidl_cmake/cmake/rosidl_target_interfaces.cmake:32 (message):
[2.149s]   Use rosidl_get_typesupport_target() and target_link_libraries() instead of
[2.149s]   rosidl_target_interfaces().  i.e:
[2.149s] 
[2.149s]     rosidl_get_typesupport_target(cpp_typesupport_target "${PROJECT_NAME}" "rosidl_typesupport_cpp")
[2.149s]     target_link_libraries(${PROJECT_NAME}_node "${cpp_typesupport_target}")
[2.150s] 
[2.150s] Call Stack (most recent call first):
[2.150s]   CMakeLists.txt:41 (rosidl_target_interfaces)
[2.150s] 
[2.150s] [0m
[2.152s] -- Found ament_lint_auto: 0.17.3 (/opt/ros/jazzy/share/ament_lint_auto/cmake)
[2.183s] -- Added test 'cppcheck' to perform static code analysis on C / C++ code
[2.183s] -- Configured cppcheck include dirs: 
[2.183s] -- Configured cppcheck exclude dirs and/or files: 
[2.184s] -- Added test 'lint_cmake' to check CMake code style
[2.185s] -- Added test 'uncrustify' to check C / C++ code style
[2.185s] -- Configured uncrustify additional arguments: 
[2.186s] -- Added test 'xmllint' to check XML markup files
[2.189s] -- Configuring done (2.2s)
[2.221s] -- Generating done (0.0s)
[2.231s] -- Build files have been written to: /home/khushhal/ros2_ws/build/more_interfaces
[2.239s] Invoked command in '/home/khushhal/ros2_ws/build/more_interfaces' returned '0': CMAKE_PREFIX_PATH=${CMAKE_PREFIX_PATH}:/opt/ros/jazzy DEBUGINFOD_URLS=https://debuginfod.ubuntu.com /usr/bin/cmake /home/khushhal/ros2_ws/src/more_interfaces -DCMAKE_INSTALL_PREFIX=/home/khushhal/ros2_ws/install/more_interfaces
[2.240s] Invoking command in '/home/khushhal/ros2_ws/build/more_interfaces': CMAKE_PREFIX_PATH=${CMAKE_PREFIX_PATH}:/opt/ros/jazzy DEBUGINFOD_URLS=https://debuginfod.ubuntu.com /usr/bin/cmake --build /home/khushhal/ros2_ws/build/more_interfaces -- -j12 -l12
[2.286s] [  2%] [34m[1mGenerating type hashes for ROS interfaces[0m
[2.293s] [  2%] Built target ament_cmake_python_copy_more_interfaces
[2.440s] [  2%] Built target more_interfaces__rosidl_generator_type_description
[2.450s] [  5%] [34m[1mGenerating C code for ROS interfaces[0m
[2.460s] [  8%] [34m[1mGenerating C++ code for ROS interfaces[0m
[2.474s] running egg_info
[2.475s] creating more_interfaces.egg-info
[2.492s] writing more_interfaces.egg-info/PKG-INFO
[2.492s] writing dependency_links to more_interfaces.egg-info/dependency_links.txt
[2.492s] writing top-level names to more_interfaces.egg-info/top_level.txt
[2.492s] writing manifest file 'more_interfaces.egg-info/SOURCES.txt'
[2.545s] reading manifest file 'more_interfaces.egg-info/SOURCES.txt'
[2.545s] writing manifest file 'more_interfaces.egg-info/SOURCES.txt'
[2.572s] [  8%] Built target ament_cmake_python_build_more_interfaces_egg
[2.652s] [  8%] Built target more_interfaces__cpp
[2.670s] [ 16%] [32mBuilding C object CMakeFiles/more_interfaces__rosidl_generator_c.dir/rosidl_generator_c/more_interfaces/msg/detail/address_book__description.c.o[0m
[2.670s] [ 16%] [32mBuilding C object CMakeFiles/more_interfaces__rosidl_generator_c.dir/rosidl_generator_c/more_interfaces/msg/detail/address_book__type_support.c.o[0m
[2.670s] [ 16%] [32mBuilding C object CMakeFiles/more_interfaces__rosidl_generator_c.dir/rosidl_generator_c/more_interfaces/msg/detail/address_book__functions.c.o[0m
[2.711s] [ 19%] [32m[1mLinking C shared library libmore_interfaces__rosidl_generator_c.so[0m
[2.743s] [ 19%] Built target more_interfaces__rosidl_generator_c
[2.753s] [ 36%] [34m[1mGenerating C++ introspection for ROS interfaces[0m
[2.753s] [ 36%] [34m[1mGenerating C++ type support for eProsima Fast-RTPS[0m
[2.753s] [ 36%] [34m[1mGenerating C type support for eProsima Fast-RTPS[0m
[2.753s] [ 36%] [34m[1mGenerating C++ type support dispatch for ROS interfaces[0m
[2.754s] [ 36%] [34m[1mGenerating C type support dispatch for ROS interfaces[0m
[2.754s] [ 36%] [34m[1mGenerating C introspection for ROS interfaces[0m
[2.959s] [ 38%] [32mBuilding CXX object CMakeFiles/more_interfaces__rosidl_typesupport_c.dir/rosidl_typesupport_c/more_interfaces/msg/address_book__type_support.cpp.o[0m
[2.964s] [ 41%] [32mBuilding CXX object CMakeFiles/more_interfaces__rosidl_typesupport_cpp.dir/rosidl_typesupport_cpp/more_interfaces/msg/address_book__type_support.cpp.o[0m
[2.980s] [ 47%] [32mBuilding C object CMakeFiles/more_interfaces__rosidl_typesupport_introspection_c.dir/rosidl_typesupport_introspection_c/more_interfaces/msg/detail/address_book__type_support.c.o[0m
[2.980s] [ 47%] [32mBuilding CXX object CMakeFiles/more_interfaces__rosidl_typesupport_introspection_cpp.dir/rosidl_typesupport_introspection_cpp/more_interfaces/msg/detail/address_book__type_support.cpp.o[0m
[2.986s] [ 50%] [32mBuilding CXX object CMakeFiles/more_interfaces__rosidl_typesupport_fastrtps_cpp.dir/rosidl_typesupport_fastrtps_cpp/more_interfaces/msg/detail/dds_fastrtps/address_book__type_support.cpp.o[0m
[2.991s] [ 52%] [32mBuilding CXX object CMakeFiles/more_interfaces__rosidl_typesupport_fastrtps_c.dir/rosidl_typesupport_fastrtps_c/more_interfaces/msg/detail/address_book__type_support_c.cpp.o[0m
[2.999s] [ 55%] [32m[1mLinking CXX shared library libmore_interfaces__rosidl_typesupport_c.so[0m
[3.016s] [ 58%] [32m[1mLinking C shared library libmore_interfaces__rosidl_typesupport_introspection_c.so[0m
[3.041s] [ 58%] Built target more_interfaces__rosidl_typesupport_c
[3.050s] [ 58%] Built target more_interfaces__rosidl_typesupport_introspection_c
[3.237s] [ 61%] [32m[1mLinking CXX shared library libmore_interfaces__rosidl_typesupport_cpp.so[0m
[3.258s] [ 63%] [32m[1mLinking CXX shared library libmore_interfaces__rosidl_typesupport_introspection_cpp.so[0m
[3.278s] [ 63%] Built target more_interfaces__rosidl_typesupport_cpp
[3.317s] [ 63%] Built target more_interfaces__rosidl_typesupport_introspection_cpp
[3.385s] [ 66%] [32m[1mLinking CXX shared library libmore_interfaces__rosidl_typesupport_fastrtps_cpp.so[0m
[3.391s] [ 69%] [32m[1mLinking CXX shared library libmore_interfaces__rosidl_typesupport_fastrtps_c.so[0m
[3.449s] [ 69%] Built target more_interfaces__rosidl_typesupport_fastrtps_cpp
[3.460s] [ 69%] Built target more_interfaces__rosidl_typesupport_fastrtps_c
[3.477s] [ 69%] Built target more_interfaces
[3.495s] [ 75%] [34m[1mGenerating Python code for ROS interfaces[0m
[3.495s] [ 75%] [32mBuilding CXX object CMakeFiles/publish_address_book.dir/src/publish_address_book.cpp.o[0m
[3.726s] [ 75%] Built target more_interfaces__py
[3.747s] [ 77%] [32mBuilding C object CMakeFiles/more_interfaces__rosidl_generator_py.dir/rosidl_generator_py/more_interfaces/msg/_address_book_s.c.o[0m
[3.847s] [ 80%] [32m[1mLinking C shared library libmore_interfaces__rosidl_generator_py.so[0m
[3.885s] [ 80%] Built target more_interfaces__rosidl_generator_py
[3.905s] [ 88%] [32mBuilding C object CMakeFiles/more_interfaces_s__rosidl_typesupport_c.dir/rosidl_generator_py/more_interfaces/_more_interfaces_s.ep.rosidl_typesupport_c.c.o[0m
[3.905s] [ 88%] [32mBuilding C object CMakeFiles/more_interfaces_s__rosidl_typesupport_introspection_c.dir/rosidl_generator_py/more_interfaces/_more_interfaces_s.ep.rosidl_typesupport_introspection_c.c.o[0m
[3.905s] [ 88%] [32mBuilding C object CMakeFiles/more_interfaces_s__rosidl_typesupport_fastrtps_c.dir/rosidl_generator_py/more_interfaces/_more_interfaces_s.ep.rosidl_typesupport_fastrtps_c.c.o[0m
[3.989s] [ 91%] [32m[1mLinking C shared module rosidl_generator_py/more_interfaces/more_interfaces_s__rosidl_typesupport_c.so[0m
[3.989s] [ 94%] [32m[1mLinking C shared module rosidl_generator_py/more_interfaces/more_interfaces_s__rosidl_typesupport_introspection_c.so[0m
[3.991s] [ 97%] [32m[1mLinking C shared module rosidl_generator_py/more_interfaces/more_interfaces_s__rosidl_typesupport_fastrtps_c.so[0m
[4.019s] [ 97%] Built target more_interfaces_s__rosidl_typesupport_introspection_c
[4.019s] [ 97%] Built target more_interfaces_s__rosidl_typesupport_c
[4.020s] [ 97%] Built target more_interfaces_s__rosidl_typesupport_fastrtps_c
[5.246s] [01m[K/home/khushhal/ros2_ws/src/more_interfaces/src/publish_address_book.cpp:7:28:[m[K [01;31m[Kerror: [m[Kexpected ‘[01m[K;[m[K’ before ‘[01m[Kliterals[m[K’
[5.246s]     7 | using namespace std::chrono[01;31m[K [m[K[32m[Kliterals[m[K;
[5.246s]       |                            [01;31m[K^[m[K[32m[K~~~~~~~~[m[K
[5.246s]       |                            [32m[K;[m[K
[5.247s] [01m[K/home/khushhal/ros2_ws/src/more_interfaces/src/publish_address_book.cpp:7:29:[m[K [01;31m[Kerror: [m[K‘[01m[Kliterals[m[K’ does not name a type
[5.247s]     7 | using namespace std::chrono [01;31m[Kliterals[m[K;
[5.247s]       |                             [01;31m[K^~~~~~~~[m[K
[5.251s] [01m[K/home/khushhal/ros2_ws/src/more_interfaces/src/publish_address_book.cpp:[m[K In constructor ‘[01m[KAddresssBookPublisher::[01;32m[KAddresssBookPublisher[m[K()[m[K’:
[5.252s] [01m[K/home/khushhal/ros2_ws/src/more_interfaces/src/publish_address_book.cpp:15:40:[m[K [01;31m[Kerror: [m[Kparse error in template argument list
[5.252s]    15 |         address_book_publisher_= this->[01;31m[Kcreate_publisher<more_interfaces[m[K;:msg::AddressBook>("address_book",10);
[5.252s]       |                                        [01;31m[K^~~~~~~~~~~~~~~~~~~~~~~~~~~~~~~~[m[K
[5.252s] [01m[K/home/khushhal/ros2_ws/src/more_interfaces/src/publish_address_book.cpp:15:40:[m[K [01;31m[Kerror: [m[Kno match for ‘[01m[Koperator=[m[K’ (operand types are ‘[01m[Krclcpp::Publisher<more_interfaces::msg::AddressBook_<std::allocator<void> > >::SharedPtr[m[K’ {aka ‘[01m[Kstd::shared_ptr<rclcpp::Publisher<more_interfaces::msg::AddressBook_<std::allocator<void> > > >[m[K’} and ‘[01m[K<unresolved overloaded function type>[m[K’)
[5.252s] In file included from [01m[K/usr/include/c++/13/memory:80[m[K,
[5.252s]                  from [01m[K/home/khushhal/ros2_ws/src/more_interfaces/src/publish_address_book.cpp:2[m[K:
[5.252s] [01m[K/usr/include/c++/13/bits/shared_ptr.h:418:9:[m[K [01;36m[Knote: [m[Kcandidate: ‘[01m[Ktemplate<class _Yp> std::shared_ptr<_Tp>::_Assignable<const std::shared_ptr<_Yp>&> std::shared_ptr<_Tp>::[01;32m[Koperator=[m[K(const std::shared_ptr<_Yp>&) [35m[K[with _Tp = rclcpp::Publisher<more_interfaces::msg::AddressBook_<std::allocator<void> > >][m[K[m[K’
[5.252s]   418 |         [01;36m[Koperator[m[K=(const shared_ptr<_Yp>& __r) noexcept
[5.252s]       |         [01;36m[K^~~~~~~~[m[K
[5.252s] [01m[K/usr/include/c++/13/bits/shared_ptr.h:418:9:[m[K [01;36m[Knote: [m[K  template argument deduction/substitution failed:
[5.252s] [01m[K/home/khushhal/ros2_ws/src/more_interfaces/src/publish_address_book.cpp:15:40:[m[K [01;36m[Knote: [m[K  couldn’t deduce template parameter ‘[01m[K_Yp[m[K’
[5.252s]    15 |         address_book_publisher_= this->[01;36m[Kcreate_publisher<more_interfaces[m[K;:msg::AddressBook>("address_book",10);
[5.253s]       |                                        [01;36m[K^~~~~~~~~~~~~~~~~~~~~~~~~~~~~~~~[m[K
[5.253s] [01m[K/usr/include/c++/13/bits/shared_ptr.h:429:9:[m[K [01;36m[Knote: [m[Kcandidate: ‘[01m[Ktemplate<class _Yp> std::shared_ptr<_Tp>::_Assignable<std::auto_ptr<_Up> > std::shared_ptr<_Tp>::[01;32m[Koperator=[m[K(std::auto_ptr<_Up>&&) [35m[K[with _Tp = rclcpp::Publisher<more_interfaces::msg::AddressBook_<std::allocator<void> > >][m[K[m[K’
[5.253s]   429 |         [01;36m[Koperator[m[K=(auto_ptr<_Yp>&& __r)
[5.253s]       |         [01;36m[K^~~~~~~~[m[K
[5.253s] [01m[K/usr/include/c++/13/bits/shared_ptr.h:429:9:[m[K [01;36m[Knote: [m[K  template argument deduction/substitution failed:
[5.253s] [01m[K/home/khushhal/ros2_ws/src/more_interfaces/src/publish_address_book.cpp:15:40:[m[K [01;36m[Knote: [m[K  couldn’t deduce template parameter ‘[01m[K_Yp[m[K’
[5.253s]    15 |         address_book_publisher_= this->[01;36m[Kcreate_publisher<more_interfaces[m[K;:msg::AddressBook>("address_book",10);
[5.253s]       |                                        [01;36m[K^~~~~~~~~~~~~~~~~~~~~~~~~~~~~~~~[m[K
[5.253s] [01m[K/usr/include/c++/13/bits/shared_ptr.h:446:9:[m[K [01;36m[Knote: [m[Kcandidate: ‘[01m[Ktemplate<class _Yp> std::shared_ptr<_Tp>::_Assignable<std::shared_ptr<_Yp> > std::shared_ptr<_Tp>::[01;32m[Koperator=[m[K(std::shared_ptr<_Yp>&&) [35m[K[with _Tp = rclcpp::Publisher<more_interfaces::msg::AddressBook_<std::allocator<void> > >][m[K[m[K’
[5.253s]   446 |         [01;36m[Koperator[m[K=(shared_ptr<_Yp>&& __r) noexcept
[5.253s]       |         [01;36m[K^~~~~~~~[m[K
[5.253s] [01m[K/usr/include/c++/13/bits/shared_ptr.h:446:9:[m[K [01;36m[Knote: [m[K  template argument deduction/substitution failed:
[5.253s] [01m[K/home/khushhal/ros2_ws/src/more_interfaces/src/publish_address_book.cpp:15:40:[m[K [01;36m[Knote: [m[K  couldn’t deduce template parameter ‘[01m[K_Yp[m[K’
[5.253s]    15 |         address_book_publisher_= this->[01;36m[Kcreate_publisher<more_interfaces[m[K;:msg::AddressBook>("address_book",10);
[5.253s]       |                                        [01;36m[K^~~~~~~~~~~~~~~~~~~~~~~~~~~~~~~~[m[K
[5.253s] [01m[K/usr/include/c++/13/bits/shared_ptr.h:454:9:[m[K [01;36m[Knote: [m[Kcandidate: ‘[01m[Ktemplate<class _Yp, class _Del> std::shared_ptr<_Tp>::_Assignable<std::unique_ptr<_Up, _Ep> > std::shared_ptr<_Tp>::[01;32m[Koperator=[m[K(std::unique_ptr<_Up, _Ep>&&) [35m[K[with _Del = _Yp; _Tp = rclcpp::Publisher<more_interfaces::msg::AddressBook_<std::allocator<void> > >][m[K[m[K’
[5.253s]   454 |         [01;36m[Koperator[m[K=(unique_ptr<_Yp, _Del>&& __r)
[5.253s]       |         [01;36m[K^~~~~~~~[m[K
[5.254s] [01m[K/usr/include/c++/13/bits/shared_ptr.h:454:9:[m[K [01;36m[Knote: [m[K  template argument deduction/substitution failed:
[5.254s] [01m[K/home/khushhal/ros2_ws/src/more_interfaces/src/publish_address_book.cpp:15:40:[m[K [01;36m[Knote: [m[K  couldn’t deduce template parameter ‘[01m[K_Yp[m[K’
[5.254s]    15 |         address_book_publisher_= this->[01;36m[Kcreate_publisher<more_interfaces[m[K;:msg::AddressBook>("address_book",10);
[5.254s]       |                                        [01;36m[K^~~~~~~~~~~~~~~~~~~~~~~~~~~~~~~~[m[K
[5.254s] [01m[K/usr/include/c++/13/bits/shared_ptr.h:414:19:[m[K [01;36m[Knote: [m[Kcandidate: ‘[01m[Kstd::shared_ptr<_Tp>& std::shared_ptr<_Tp>::[01;32m[Koperator=[m[K(const std::shared_ptr<_Tp>&) [35m[K[with _Tp = rclcpp::Publisher<more_interfaces::msg::AddressBook_<std::allocator<void> > >][m[K[m[K’
[5.254s]   414 |       shared_ptr& [01;36m[Koperator[m[K=(const shared_ptr&) noexcept = default;
[5.254s]       |                   [01;36m[K^~~~~~~~[m[K
[5.254s] [01m[K/usr/include/c++/13/bits/shared_ptr.h:414:29:[m[K [01;36m[Knote: [m[K  no known conversion for argument 1 from ‘[01m[K<unresolved overloaded function type>[m[K’ to ‘[01m[Kconst std::shared_ptr<rclcpp::Publisher<more_interfaces::msg::AddressBook_<std::allocator<void> > > >&[m[K’
[5.254s]   414 |       shared_ptr& operator=([01;36m[Kconst shared_ptr&[m[K) noexcept = default;
[5.254s]       |                             [01;36m[K^~~~~~~~~~~~~~~~~[m[K
[5.254s] [01m[K/usr/include/c++/13/bits/shared_ptr.h:438:7:[m[K [01;36m[Knote: [m[Kcandidate: ‘[01m[Kstd::shared_ptr<_Tp>& std::shared_ptr<_Tp>::[01;32m[Koperator=[m[K(std::shared_ptr<_Tp>&&) [35m[K[with _Tp = rclcpp::Publisher<more_interfaces::msg::AddressBook_<std::allocator<void> > >][m[K[m[K’
[5.254s]   438 |       [01;36m[Koperator[m[K=(shared_ptr&& __r) noexcept
[5.254s]       |       [01;36m[K^~~~~~~~[m[K
[5.254s] [01m[K/usr/include/c++/13/bits/shared_ptr.h:438:30:[m[K [01;36m[Knote: [m[K  no known conversion for argument 1 from ‘[01m[K<unresolved overloaded function type>[m[K’ to ‘[01m[Kstd::shared_ptr<rclcpp::Publisher<more_interfaces::msg::AddressBook_<std::allocator<void> > > >&&[m[K’
[5.254s]   438 |       operator=([01;36m[Kshared_ptr&& __r[m[K) noexcept
[5.254s]       |                 [01;36m[K~~~~~~~~~~~~~^~~[m[K
[5.254s] [01m[K/home/khushhal/ros2_ws/src/more_interfaces/src/publish_address_book.cpp:15:73:[m[K [01;31m[Kerror: [m[Kexpected primary-expression before ‘[01m[K:[m[K’ token
[5.254s]    15 |         address_book_publisher_= this->create_publisher<more_interfaces;[01;31m[K:[m[Kmsg::AddressBook>("address_book",10);
[5.254s]       |                                                                         [01;31m[K^[m[K
[5.255s] [01m[K/home/khushhal/ros2_ws/src/more_interfaces/src/publish_address_book.cpp:[m[K In lambda function:
[5.255s] [01m[K/home/khushhal/ros2_ws/src/more_interfaces/src/publish_address_book.cpp:21:21:[m[K [01;31m[Kerror: [m[K‘[01m[Kstruct more_interfaces::msg::AddressBook_<std::allocator<void> >[m[K’ has no member named ‘[01m[Kpphone_number[m[K’; did you mean ‘[01m[Kphone_number[m[K’?
[5.255s]    21 |             message.[01;31m[Kpphone_number[m[K="1234567899";
[5.255s]       |                     [01;31m[K^~~~~~~~~~~~~[m[K
[5.255s]       |                     [32m[Kphone_number[m[K
[5.260s] [01m[K/home/khushhal/ros2_ws/src/more_interfaces/src/publish_address_book.cpp:[m[K In function ‘[01m[Kint[01;32m[K main[m[K(int, char**)[m[K’:
[5.260s] [01m[K/home/khushhal/ros2_ws/src/more_interfaces/src/publish_address_book.cpp:39:33:[m[K [01;31m[Kerror: [m[K‘[01m[KAddressBookPublisher[m[K’ was not declared in this scope; did you mean ‘[01m[KAddresssBookPublisher[m[K’?
[5.261s]    39 |   rclcpp::spin(std::make_shared<[01;31m[KAddressBookPublisher[m[K>());
[5.261s]       |                                 [01;31m[K^~~~~~~~~~~~~~~~~~~~[m[K
[5.261s]       |                                 [32m[KAddresssBookPublisher[m[K
[5.261s] [01m[K/home/khushhal/ros2_ws/src/more_interfaces/src/publish_address_book.cpp:39:54:[m[K [01;31m[Kerror: [m[Kno matching function for call to ‘[01m[Kmake_shared<<expression error> >()[m[K’
[5.261s]    39 |   rclcpp::spin([01;31m[Kstd::make_shared<AddressBookPublisher>()[m[K);
[5.261s]       |                [01;31m[K~~~~~~~~~~~~~~~~~~~~~~~~~~~~~~~~~~~~~~^~[m[K
[5.262s] [01m[K/usr/include/c++/13/bits/shared_ptr.h:1005:5:[m[K [01;36m[Knote: [m[Kcandidate: ‘[01m[Ktemplate<class _Tp, class ... _Args> std::shared_ptr<typename std::enable_if<(! std::is_array< <template-parameter-1-1> >::value), _Tp>::type> std::[01;32m[Kmake_shared[m[K(_Args&& ...)[m[K’
[5.262s]  1005 |     [01;36m[Kmake_shared[m[K(_Args&&... __args)
[5.262s]       |     [01;36m[K^~~~~~~~~~~[m[K
[5.262s] [01m[K/usr/include/c++/13/bits/shared_ptr.h:1005:5:[m[K [01;36m[Knote: [m[K  template argument deduction/substitution failed:
[5.262s] [01m[K/home/khushhal/ros2_ws/src/more_interfaces/src/publish_address_book.cpp:39:54:[m[K [01;31m[Kerror: [m[Ktemplate argument 1 is invalid
[5.262s]    39 |   rclcpp::spin([01;31m[Kstd::make_shared<AddressBookPublisher>()[m[K);
[5.262s]       |                [01;31m[K~~~~~~~~~~~~~~~~~~~~~~~~~~~~~~~~~~~~~~^~[m[K
[5.817s] gmake[2]: *** [CMakeFiles/publish_address_book.dir/build.make:76: CMakeFiles/publish_address_book.dir/src/publish_address_book.cpp.o] Error 1
[5.817s] gmake[1]: *** [CMakeFiles/Makefile2:626: CMakeFiles/publish_address_book.dir/all] Error 2
[5.818s] gmake: *** [Makefile:146: all] Error 2
[5.820s] Invoked command in '/home/khushhal/ros2_ws/build/more_interfaces' returned '2': CMAKE_PREFIX_PATH=${CMAKE_PREFIX_PATH}:/opt/ros/jazzy DEBUGINFOD_URLS=https://debuginfod.ubuntu.com /usr/bin/cmake --build /home/khushhal/ros2_ws/build/more_interfaces -- -j12 -l12
