[0.007s] Invoking command in '/home/khushhal/ros2_ws/build/polygon_plugins': AMENT_PREFIX_PATH=/home/khushhal/ros2_ws/install/polygon_base:${AMENT_PREFIX_PATH} CMAKE_PREFIX_PATH=/home/khushhal/ros2_ws/install/polygon_base:${CMAKE_PREFIX_PATH} DEBUGINFOD_URLS=https://debuginfod.ubuntu.com /usr/bin/cmake /home/khushhal/ros2_ws/src/polygon_plugins -DCMAKE_INSTALL_PREFIX=/home/khushhal/ros2_ws/install/polygon_plugins
[0.053s] -- The C compiler identification is GNU 13.3.0
[0.099s] -- The CXX compiler identification is GNU 13.3.0
[0.114s] -- Detecting C compiler ABI info
[0.191s] -- Detecting C compiler ABI info - done
[0.199s] -- Check for working C compiler: /usr/bin/cc - skipped
[0.199s] -- Detecting C compile features
[0.199s] -- Detecting C compile features - done
[0.207s] -- Detecting CXX compiler ABI info
[0.294s] -- Detecting CXX compiler ABI info - done
[0.302s] -- Check for working CXX compiler: /usr/bin/c++ - skipped
[0.302s] -- Detecting CXX compile features
[0.303s] -- Detecting CXX compile features - done
[0.306s] -- Found ament_cmake: 2.5.4 (/opt/ros/jazzy/share/ament_cmake/cmake)
[0.430s] -- Found Python3: /usr/bin/python3 (found version "3.12.3") found components: Interpreter 
[0.525s] -- Found ament_cmake_ros: 0.12.0 (/opt/ros/jazzy/share/ament_cmake_ros/cmake)
[0.539s] -- Found polygon_base: 0.0.0 (/home/khushhal/ros2_ws/install/polygon_base/share/polygon_base/cmake)
[0.542s] -- Found pluginlib: 5.4.3 (/opt/ros/jazzy/share/pluginlib/cmake)
[0.576s] -- Found TinyXML2 via Config file: /usr/lib/x86_64-linux-gnu/cmake/tinyxml2
[0.577s] [31mCMake Error at CMakeLists.txt:25 (add_library):
[0.577s]   add_library cannot create target "polygon_plugins" because another target
[0.577s]   with the same name already exists.  The existing target is a shared library
[0.577s]   created in source directory "/home/khushhal/ros2_ws/src/polygon_plugins".
[0.577s]   See documentation for policy CMP0002 for more details.
[0.577s] 
[0.578s] [0m
[0.578s] [31mCMake Error at /opt/ros/jazzy/share/pluginlib/cmake/pluginlib_export_plugin_description_file.cmake:84 (message):
[0.578s]   Given plugin description file
[0.578s]   '/home/khushhal/ros2_ws/src/polygon_plugins/plugins.xml' does not exist
[0.578s] Call Stack (most recent call first):
[0.578s]   CMakeLists.txt:35 (pluginlib_export_plugin_description_file)
[0.578s] 
[0.578s] [0m
[0.578s] -- Configuring incomplete, errors occurred!
[0.583s] Invoked command in '/home/khushhal/ros2_ws/build/polygon_plugins' returned '1': AMENT_PREFIX_PATH=/home/khushhal/ros2_ws/install/polygon_base:${AMENT_PREFIX_PATH} CMAKE_PREFIX_PATH=/home/khushhal/ros2_ws/install/polygon_base:${CMAKE_PREFIX_PATH} DEBUGINFOD_URLS=https://debuginfod.ubuntu.com /usr/bin/cmake /home/khushhal/ros2_ws/src/polygon_plugins -DCMAKE_INSTALL_PREFIX=/home/khushhal/ros2_ws/install/polygon_plugins
