[0.047s] Invoking command in '/home/khushhal/ros2_ws/build/examples_rclcpp_async_client': CMAKE_PREFIX_PATH=${CMAKE_PREFIX_PATH}:/opt/ros/jazzy DEBUGINFOD_URLS=https://debuginfod.ubuntu.com /usr/bin/cmake /home/khushhal/ros2_ws/src/examples/rclcpp/services/async_client -DCMAKE_INSTALL_PREFIX=/home/khushhal/ros2_ws/install/examples_rclcpp_async_client
[0.103s] -- Found ament_cmake: 2.5.4 (/opt/ros/jazzy/share/ament_cmake/cmake)
[0.348s] -- Found Python3: /usr/bin/python3 (found version "3.12.3") found components: Interpreter 
[0.480s] -- Override CMake install command with custom implementation using symlinks instead of copying resources
[0.588s] -- Found example_interfaces: 0.12.0 (/opt/ros/jazzy/share/example_interfaces/cmake)
[0.649s] -- Found rosidl_generator_c: 4.6.6 (/opt/ros/jazzy/share/rosidl_generator_c/cmake)
[0.672s] -- Found rosidl_generator_cpp: 4.6.6 (/opt/ros/jazzy/share/rosidl_generator_cpp/cmake)
[0.698s] -- Using all available rosidl_typesupport_c: rosidl_typesupport_fastrtps_c;rosidl_typesupport_introspection_c
[0.724s] -- Using all available rosidl_typesupport_cpp: rosidl_typesupport_fastrtps_cpp;rosidl_typesupport_introspection_cpp
[0.840s] -- Found rclcpp: 28.1.13 (/opt/ros/jazzy/share/rclcpp/cmake)
[0.902s] -- Found rmw_implementation_cmake: 7.3.2 (/opt/ros/jazzy/share/rmw_implementation_cmake/cmake)
[0.907s] -- Found rmw_fastrtps_cpp: 8.4.3 (/opt/ros/jazzy/share/rmw_fastrtps_cpp/cmake)
[1.029s] -- Found OpenSSL: /usr/lib/x86_64-linux-gnu/libcrypto.so (found version "3.0.13")  
[1.055s] -- Found FastRTPS: /opt/ros/jazzy/include (Required is at least version "2.13") 
[1.085s] -- Using RMW implementation 'rmw_fastrtps_cpp' as default
[1.193s] -- Found ament_lint_auto: 0.17.3 (/opt/ros/jazzy/share/ament_lint_auto/cmake)
[1.351s] -- Added test 'copyright' to check source files copyright and LICENSE
[1.353s] -- Added test 'cppcheck' to perform static code analysis on C / C++ code
[1.353s] -- Configured cppcheck include dirs: 
[1.353s] -- Configured cppcheck exclude dirs and/or files: 
[1.354s] -- Added test 'cpplint' to check C / C++ code against the Google style
[1.354s] -- Configured cpplint exclude dirs and/or files: 
[1.355s] -- Added test 'lint_cmake' to check CMake code style
[1.357s] -- Added test 'uncrustify' to check C / C++ code style
[1.357s] -- Configured uncrustify additional arguments: 
[1.357s] -- Added test 'xmllint' to check XML markup files
[1.360s] -- Configuring done (1.3s)
[1.381s] -- Generating done (0.0s)
[1.386s] -- Build files have been written to: /home/khushhal/ros2_ws/build/examples_rclcpp_async_client
[1.402s] Invoked command in '/home/khushhal/ros2_ws/build/examples_rclcpp_async_client' returned '0': CMAKE_PREFIX_PATH=${CMAKE_PREFIX_PATH}:/opt/ros/jazzy DEBUGINFOD_URLS=https://debuginfod.ubuntu.com /usr/bin/cmake /home/khushhal/ros2_ws/src/examples/rclcpp/services/async_client -DCMAKE_INSTALL_PREFIX=/home/khushhal/ros2_ws/install/examples_rclcpp_async_client
[1.415s] Invoking command in '/home/khushhal/ros2_ws/build/examples_rclcpp_async_client': CMAKE_PREFIX_PATH=${CMAKE_PREFIX_PATH}:/opt/ros/jazzy DEBUGINFOD_URLS=https://debuginfod.ubuntu.com /usr/bin/cmake --build /home/khushhal/ros2_ws/build/examples_rclcpp_async_client -- -j12 -l12
[1.514s] [ 50%] [32mBuilding CXX object CMakeFiles/client_main.dir/main.cpp.o[0m
