[0.063s] Invoking command in '/home/khushhal/ros2_ws/build/examples_rclcpp_minimal_composition': DEBUGINFOD_URLS=https://debuginfod.ubuntu.com /usr/bin/cmake /home/khushhal/ros2_ws/src/examples/rclcpp/composition/minimal_composition -DAMENT_CMAKE_SYMLINK_INSTALL=1 -DCMAKE_INSTALL_PREFIX=/home/khushhal/ros2_ws/install/examples_rclcpp_minimal_composition
[0.321s] -- The C compiler identification is GNU 13.3.0
[0.563s] -- The CXX compiler identification is GNU 13.3.0
[0.608s] -- Detecting C compiler ABI info
[0.854s] -- Detecting C compiler ABI info - done
[0.879s] -- Check for working C compiler: /usr/bin/cc - skipped
[0.881s] -- Detecting C compile features
[0.885s] -- Detecting C compile features - done
[0.908s] -- Detecting CXX compiler ABI info
[1.184s] -- Detecting CXX compiler ABI info - done
[1.212s] -- Check for working CXX compiler: /usr/bin/c++ - skipped
[1.212s] -- Detecting CXX compile features
[1.212s] -- Detecting CXX compile features - done
[1.245s] -- Configuring incomplete, errors occurred!
[1.246s] [31mCMake Error at CMakeLists.txt:14 (find_package):
[1.246s]   By not providing "Findament_cmake.cmake" in CMAKE_MODULE_PATH this project
[1.246s]   has asked CMake to find a package configuration file provided by
[1.247s]   "ament_cmake", but CMake did not find one.
[1.247s] 
[1.247s]   Could not find a package configuration file provided by "ament_cmake" with
[1.247s]   any of the following names:
[1.247s] 
[1.247s]     ament_cmakeConfig.cmake
[1.247s]     ament_cmake-config.cmake
[1.248s] 
[1.248s]   Add the installation prefix of "ament_cmake" to CMAKE_PREFIX_PATH or set
[1.248s]   "ament_cmake_DIR" to a directory containing one of the above files.  If
[1.248s]   "ament_cmake" provides a separate development package or SDK, be sure it
[1.248s]   has been installed.
[1.248s] 
[1.249s] [0m
[1.282s] Invoked command in '/home/khushhal/ros2_ws/build/examples_rclcpp_minimal_composition' returned '1': DEBUGINFOD_URLS=https://debuginfod.ubuntu.com /usr/bin/cmake /home/khushhal/ros2_ws/src/examples/rclcpp/composition/minimal_composition -DAMENT_CMAKE_SYMLINK_INSTALL=1 -DCMAKE_INSTALL_PREFIX=/home/khushhal/ros2_ws/install/examples_rclcpp_minimal_composition
