[0.009s] Invoking command in '/home/khushhal/ros2_ws/build/more_interfaces': CMAKE_PREFIX_PATH=${CMAKE_PREFIX_PATH}:/opt/ros/jazzy DEBUGINFOD_URLS=https://debuginfod.ubuntu.com /usr/bin/cmake --build /home/khushhal/ros2_ws/build/more_interfaces -- -j12 -l12
[0.055s] [  2%] Built target more_interfaces__rosidl_generator_type_description
[0.063s] [  2%] Built target ament_cmake_python_copy_more_interfaces
[0.072s] [  5%] Built target more_interfaces__cpp
[0.072s] [ 19%] Built target more_interfaces__rosidl_generator_c
[0.094s] [ 44%] Built target more_interfaces__rosidl_typesupport_cpp
[0.094s] [ 44%] Built target more_interfaces__rosidl_typesupport_c
[0.094s] [ 44%] Built target more_interfaces__rosidl_typesupport_introspection_cpp
[0.094s] [ 58%] Built target more_interfaces__rosidl_typesupport_fastrtps_cpp
[0.095s] [ 69%] Built target more_interfaces__rosidl_typesupport_introspection_c
[0.095s] [ 69%] Built target more_interfaces__rosidl_typesupport_fastrtps_c
[0.115s] [ 69%] Built target more_interfaces
[0.135s] [ 72%] Built target more_interfaces__py
[0.145s] [ 75%] [32mBuilding CXX object CMakeFiles/publish_address_book.dir/src/publish_address_book.cpp.o[0m
[0.156s] [ 80%] Built target more_interfaces__rosidl_generator_py
[0.178s] [ 94%] Built target more_interfaces_s__rosidl_typesupport_fastrtps_c
[0.178s] [ 94%] Built target more_interfaces_s__rosidl_typesupport_c
[0.178s] [ 97%] Built target more_interfaces_s__rosidl_typesupport_introspection_c
[0.252s] running egg_info
[0.269s] writing more_interfaces.egg-info/PKG-INFO
[0.269s] writing dependency_links to more_interfaces.egg-info/dependency_links.txt
[0.269s] writing top-level names to more_interfaces.egg-info/top_level.txt
[0.321s] reading manifest file 'more_interfaces.egg-info/SOURCES.txt'
[0.321s] writing manifest file 'more_interfaces.egg-info/SOURCES.txt'
[0.350s] [ 97%] Built target ament_cmake_python_build_more_interfaces_egg
[3.514s] [100%] [32m[1mLinking CXX executable publish_address_book[0m
[3.659s] [100%] Built target publish_address_book
[3.670s] Invoked command in '/home/khushhal/ros2_ws/build/more_interfaces' returned '0': CMAKE_PREFIX_PATH=${CMAKE_PREFIX_PATH}:/opt/ros/jazzy DEBUGINFOD_URLS=https://debuginfod.ubuntu.com /usr/bin/cmake --build /home/khushhal/ros2_ws/build/more_interfaces -- -j12 -l12
[3.679s] Invoking command in '/home/khushhal/ros2_ws/build/more_interfaces': CMAKE_PREFIX_PATH=${CMAKE_PREFIX_PATH}:/opt/ros/jazzy DEBUGINFOD_URLS=https://debuginfod.ubuntu.com /usr/bin/cmake --install /home/khushhal/ros2_ws/build/more_interfaces
[3.685s] -- Install configuration: ""
[3.686s] -- Installing: /home/khushhal/ros2_ws/install/more_interfaces/share/ament_index/resource_index/rosidl_interfaces/more_interfaces
[3.686s] -- Installing: /home/khushhal/ros2_ws/install/more_interfaces/share/more_interfaces/msg/AddressBook.json
[3.686s] -- Installing: /home/khushhal/ros2_ws/install/more_interfaces/include/more_interfaces/more_interfaces
[3.686s] -- Installing: /home/khushhal/ros2_ws/install/more_interfaces/include/more_interfaces/more_interfaces/msg
[3.686s] -- Installing: /home/khushhal/ros2_ws/install/more_interfaces/include/more_interfaces/more_interfaces/msg/detail
[3.686s] -- Installing: /home/khushhal/ros2_ws/install/more_interfaces/include/more_interfaces/more_interfaces/msg/detail/address_book__type_support.h
[3.686s] -- Installing: /home/khushhal/ros2_ws/install/more_interfaces/include/more_interfaces/more_interfaces/msg/detail/address_book__description.c
[3.687s] -- Installing: /home/khushhal/ros2_ws/install/more_interfaces/include/more_interfaces/more_interfaces/msg/detail/address_book__struct.h
[3.687s] -- Installing: /home/khushhal/ros2_ws/install/more_interfaces/include/more_interfaces/more_interfaces/msg/detail/address_book__functions.h
[3.687s] -- Installing: /home/khushhal/ros2_ws/install/more_interfaces/include/more_interfaces/more_interfaces/msg/detail/address_book__functions.c
[3.687s] -- Installing: /home/khushhal/ros2_ws/install/more_interfaces/include/more_interfaces/more_interfaces/msg/detail/address_book__type_support.c
[3.687s] -- Installing: /home/khushhal/ros2_ws/install/more_interfaces/include/more_interfaces/more_interfaces/msg/address_book.h
[3.687s] -- Installing: /home/khushhal/ros2_ws/install/more_interfaces/include/more_interfaces/more_interfaces/msg/rosidl_generator_c__visibility_control.h
[3.687s] -- Installing: /home/khushhal/ros2_ws/install/more_interfaces/share/more_interfaces/environment/library_path.sh
[3.687s] -- Installing: /home/khushhal/ros2_ws/install/more_interfaces/share/more_interfaces/environment/library_path.dsv
[3.687s] -- Installing: /home/khushhal/ros2_ws/install/more_interfaces/lib/libmore_interfaces__rosidl_generator_c.so
[3.688s] -- Set non-toolchain portion of runtime path of "/home/khushhal/ros2_ws/install/more_interfaces/lib/libmore_interfaces__rosidl_generator_c.so" to ""
[3.688s] -- Up-to-date: /home/khushhal/ros2_ws/install/more_interfaces/include/more_interfaces/more_interfaces
[3.688s] -- Up-to-date: /home/khushhal/ros2_ws/install/more_interfaces/include/more_interfaces/more_interfaces/msg
[3.688s] -- Up-to-date: /home/khushhal/ros2_ws/install/more_interfaces/include/more_interfaces/more_interfaces/msg/detail
[3.688s] -- Installing: /home/khushhal/ros2_ws/install/more_interfaces/include/more_interfaces/more_interfaces/msg/detail/address_book__rosidl_typesupport_fastrtps_c.h
[3.688s] -- Installing: /home/khushhal/ros2_ws/install/more_interfaces/include/more_interfaces/more_interfaces/msg/rosidl_typesupport_fastrtps_c__visibility_control.h
[3.688s] -- Installing: /home/khushhal/ros2_ws/install/more_interfaces/lib/libmore_interfaces__rosidl_typesupport_fastrtps_c.so
[3.688s] -- Set non-toolchain portion of runtime path of "/home/khushhal/ros2_ws/install/more_interfaces/lib/libmore_interfaces__rosidl_typesupport_fastrtps_c.so" to ""
[3.689s] -- Up-to-date: /home/khushhal/ros2_ws/install/more_interfaces/include/more_interfaces/more_interfaces
[3.689s] -- Up-to-date: /home/khushhal/ros2_ws/install/more_interfaces/include/more_interfaces/more_interfaces/msg
[3.689s] -- Up-to-date: /home/khushhal/ros2_ws/install/more_interfaces/include/more_interfaces/more_interfaces/msg/detail
[3.689s] -- Installing: /home/khushhal/ros2_ws/install/more_interfaces/include/more_interfaces/more_interfaces/msg/detail/address_book__struct.hpp
[3.689s] -- Installing: /home/khushhal/ros2_ws/install/more_interfaces/include/more_interfaces/more_interfaces/msg/detail/address_book__traits.hpp
[3.689s] -- Installing: /home/khushhal/ros2_ws/install/more_interfaces/include/more_interfaces/more_interfaces/msg/detail/address_book__builder.hpp
[3.689s] -- Installing: /home/khushhal/ros2_ws/install/more_interfaces/include/more_interfaces/more_interfaces/msg/detail/address_book__type_support.hpp
[3.689s] -- Installing: /home/khushhal/ros2_ws/install/more_interfaces/include/more_interfaces/more_interfaces/msg/rosidl_generator_cpp__visibility_control.hpp
[3.689s] -- Installing: /home/khushhal/ros2_ws/install/more_interfaces/include/more_interfaces/more_interfaces/msg/address_book.hpp
[3.689s] -- Up-to-date: /home/khushhal/ros2_ws/install/more_interfaces/include/more_interfaces/more_interfaces
[3.690s] -- Up-to-date: /home/khushhal/ros2_ws/install/more_interfaces/include/more_interfaces/more_interfaces/msg
[3.690s] -- Up-to-date: /home/khushhal/ros2_ws/install/more_interfaces/include/more_interfaces/more_interfaces/msg/detail
[3.690s] -- Installing: /home/khushhal/ros2_ws/install/more_interfaces/include/more_interfaces/more_interfaces/msg/detail/dds_fastrtps
[3.690s] -- Installing: /home/khushhal/ros2_ws/install/more_interfaces/include/more_interfaces/more_interfaces/msg/detail/address_book__rosidl_typesupport_fastrtps_cpp.hpp
[3.690s] -- Installing: /home/khushhal/ros2_ws/install/more_interfaces/include/more_interfaces/more_interfaces/msg/rosidl_typesupport_fastrtps_cpp__visibility_control.h
[3.690s] -- Installing: /home/khushhal/ros2_ws/install/more_interfaces/lib/libmore_interfaces__rosidl_typesupport_fastrtps_cpp.so
[3.690s] -- Set non-toolchain portion of runtime path of "/home/khushhal/ros2_ws/install/more_interfaces/lib/libmore_interfaces__rosidl_typesupport_fastrtps_cpp.so" to ""
[3.690s] -- Up-to-date: /home/khushhal/ros2_ws/install/more_interfaces/include/more_interfaces/more_interfaces
[3.690s] -- Up-to-date: /home/khushhal/ros2_ws/install/more_interfaces/include/more_interfaces/more_interfaces/msg
[3.690s] -- Installing: /home/khushhal/ros2_ws/install/more_interfaces/include/more_interfaces/more_interfaces/msg/rosidl_typesupport_introspection_c__visibility_control.h
[3.691s] -- Up-to-date: /home/khushhal/ros2_ws/install/more_interfaces/include/more_interfaces/more_interfaces/msg/detail
[3.691s] -- Installing: /home/khushhal/ros2_ws/install/more_interfaces/include/more_interfaces/more_interfaces/msg/detail/address_book__rosidl_typesupport_introspection_c.h
[3.691s] -- Up-to-date: /home/khushhal/ros2_ws/install/more_interfaces/include/more_interfaces/more_interfaces/msg/detail/address_book__type_support.c
[3.691s] -- Installing: /home/khushhal/ros2_ws/install/more_interfaces/lib/libmore_interfaces__rosidl_typesupport_introspection_c.so
[3.691s] -- Set non-toolchain portion of runtime path of "/home/khushhal/ros2_ws/install/more_interfaces/lib/libmore_interfaces__rosidl_typesupport_introspection_c.so" to ""
[3.691s] -- Installing: /home/khushhal/ros2_ws/install/more_interfaces/lib/libmore_interfaces__rosidl_typesupport_c.so
[3.691s] -- Set non-toolchain portion of runtime path of "/home/khushhal/ros2_ws/install/more_interfaces/lib/libmore_interfaces__rosidl_typesupport_c.so" to ""
[3.691s] -- Up-to-date: /home/khushhal/ros2_ws/install/more_interfaces/include/more_interfaces/more_interfaces
[3.691s] -- Up-to-date: /home/khushhal/ros2_ws/install/more_interfaces/include/more_interfaces/more_interfaces/msg
[3.692s] -- Up-to-date: /home/khushhal/ros2_ws/install/more_interfaces/include/more_interfaces/more_interfaces/msg/detail
[3.692s] -- Installing: /home/khushhal/ros2_ws/install/more_interfaces/include/more_interfaces/more_interfaces/msg/detail/address_book__rosidl_typesupport_introspection_cpp.hpp
[3.692s] -- Installing: /home/khushhal/ros2_ws/install/more_interfaces/include/more_interfaces/more_interfaces/msg/detail/address_book__type_support.cpp
[3.692s] -- Installing: /home/khushhal/ros2_ws/install/more_interfaces/lib/libmore_interfaces__rosidl_typesupport_introspection_cpp.so
[3.692s] -- Set non-toolchain portion of runtime path of "/home/khushhal/ros2_ws/install/more_interfaces/lib/libmore_interfaces__rosidl_typesupport_introspection_cpp.so" to ""
[3.692s] -- Installing: /home/khushhal/ros2_ws/install/more_interfaces/lib/libmore_interfaces__rosidl_typesupport_cpp.so
[3.692s] -- Set non-toolchain portion of runtime path of "/home/khushhal/ros2_ws/install/more_interfaces/lib/libmore_interfaces__rosidl_typesupport_cpp.so" to ""
[3.692s] -- Installing: /home/khushhal/ros2_ws/install/more_interfaces/share/more_interfaces/environment/pythonpath.sh
[3.692s] -- Installing: /home/khushhal/ros2_ws/install/more_interfaces/share/more_interfaces/environment/pythonpath.dsv
[3.693s] -- Installing: /home/khushhal/ros2_ws/install/more_interfaces/lib/python3.12/site-packages/more_interfaces-0.0.0-py3.12.egg-info
[3.693s] -- Installing: /home/khushhal/ros2_ws/install/more_interfaces/lib/python3.12/site-packages/more_interfaces-0.0.0-py3.12.egg-info/SOURCES.txt
[3.693s] -- Installing: /home/khushhal/ros2_ws/install/more_interfaces/lib/python3.12/site-packages/more_interfaces-0.0.0-py3.12.egg-info/top_level.txt
[3.693s] -- Installing: /home/khushhal/ros2_ws/install/more_interfaces/lib/python3.12/site-packages/more_interfaces-0.0.0-py3.12.egg-info/dependency_links.txt
[3.693s] -- Installing: /home/khushhal/ros2_ws/install/more_interfaces/lib/python3.12/site-packages/more_interfaces-0.0.0-py3.12.egg-info/PKG-INFO
[3.693s] -- Installing: /home/khushhal/ros2_ws/install/more_interfaces/lib/python3.12/site-packages/more_interfaces
[3.693s] -- Installing: /home/khushhal/ros2_ws/install/more_interfaces/lib/python3.12/site-packages/more_interfaces/more_interfaces_s__rosidl_typesupport_c.so
[3.693s] -- Installing: /home/khushhal/ros2_ws/install/more_interfaces/lib/python3.12/site-packages/more_interfaces/msg
[3.693s] -- Installing: /home/khushhal/ros2_ws/install/more_interfaces/lib/python3.12/site-packages/more_interfaces/msg/_address_book.py
[3.694s] -- Installing: /home/khushhal/ros2_ws/install/more_interfaces/lib/python3.12/site-packages/more_interfaces/msg/_address_book_s.c
[3.694s] -- Installing: /home/khushhal/ros2_ws/install/more_interfaces/lib/python3.12/site-packages/more_interfaces/msg/__init__.py
[3.694s] -- Installing: /home/khushhal/ros2_ws/install/more_interfaces/lib/python3.12/site-packages/more_interfaces/_more_interfaces_s.ep.rosidl_typesupport_c.c
[3.694s] -- Installing: /home/khushhal/ros2_ws/install/more_interfaces/lib/python3.12/site-packages/more_interfaces/_more_interfaces_s.ep.rosidl_typesupport_introspection_c.c
[3.694s] -- Installing: /home/khushhal/ros2_ws/install/more_interfaces/lib/python3.12/site-packages/more_interfaces/_more_interfaces_s.ep.rosidl_typesupport_fastrtps_c.c
[3.694s] -- Installing: /home/khushhal/ros2_ws/install/more_interfaces/lib/python3.12/site-packages/more_interfaces/more_interfaces_s__rosidl_typesupport_introspection_c.so
[3.694s] -- Installing: /home/khushhal/ros2_ws/install/more_interfaces/lib/python3.12/site-packages/more_interfaces/more_interfaces_s__rosidl_typesupport_fastrtps_c.so
[3.694s] -- Installing: /home/khushhal/ros2_ws/install/more_interfaces/lib/python3.12/site-packages/more_interfaces/__init__.py
[3.726s] Listing '/home/khushhal/ros2_ws/install/more_interfaces/lib/python3.12/site-packages/more_interfaces'...
[3.727s] Compiling '/home/khushhal/ros2_ws/install/more_interfaces/lib/python3.12/site-packages/more_interfaces/__init__.py'...
[3.727s] Listing '/home/khushhal/ros2_ws/install/more_interfaces/lib/python3.12/site-packages/more_interfaces/msg'...
[3.727s] Compiling '/home/khushhal/ros2_ws/install/more_interfaces/lib/python3.12/site-packages/more_interfaces/msg/__init__.py'...
[3.727s] Compiling '/home/khushhal/ros2_ws/install/more_interfaces/lib/python3.12/site-packages/more_interfaces/msg/_address_book.py'...
[3.731s] -- Installing: /home/khushhal/ros2_ws/install/more_interfaces/lib/python3.12/site-packages/more_interfaces/more_interfaces_s__rosidl_typesupport_fastrtps_c.so
[3.731s] -- Set non-toolchain portion of runtime path of "/home/khushhal/ros2_ws/install/more_interfaces/lib/python3.12/site-packages/more_interfaces/more_interfaces_s__rosidl_typesupport_fastrtps_c.so" to ""
[3.732s] -- Installing: /home/khushhal/ros2_ws/install/more_interfaces/lib/python3.12/site-packages/more_interfaces/more_interfaces_s__rosidl_typesupport_introspection_c.so
[3.732s] -- Set non-toolchain portion of runtime path of "/home/khushhal/ros2_ws/install/more_interfaces/lib/python3.12/site-packages/more_interfaces/more_interfaces_s__rosidl_typesupport_introspection_c.so" to ""
[3.732s] -- Installing: /home/khushhal/ros2_ws/install/more_interfaces/lib/python3.12/site-packages/more_interfaces/more_interfaces_s__rosidl_typesupport_c.so
[3.733s] -- Set non-toolchain portion of runtime path of "/home/khushhal/ros2_ws/install/more_interfaces/lib/python3.12/site-packages/more_interfaces/more_interfaces_s__rosidl_typesupport_c.so" to ""
[3.733s] -- Installing: /home/khushhal/ros2_ws/install/more_interfaces/lib/libmore_interfaces__rosidl_generator_py.so
[3.733s] -- Set non-toolchain portion of runtime path of "/home/khushhal/ros2_ws/install/more_interfaces/lib/libmore_interfaces__rosidl_generator_py.so" to ""
[3.733s] -- Installing: /home/khushhal/ros2_ws/install/more_interfaces/share/more_interfaces/msg/AddressBook.idl
[3.733s] -- Installing: /home/khushhal/ros2_ws/install/more_interfaces/share/more_interfaces/msg/AddressBook.msg
[3.733s] -- Installing: /home/khushhal/ros2_ws/install/more_interfaces/lib/more_interfaces/publish_address_book
[3.735s] -- Set non-toolchain portion of runtime path of "/home/khushhal/ros2_ws/install/more_interfaces/lib/more_interfaces/publish_address_book" to ""
[3.735s] -- Installing: /home/khushhal/ros2_ws/install/more_interfaces/share/ament_index/resource_index/package_run_dependencies/more_interfaces
[3.735s] -- Installing: /home/khushhal/ros2_ws/install/more_interfaces/share/ament_index/resource_index/parent_prefix_path/more_interfaces
[3.735s] -- Installing: /home/khushhal/ros2_ws/install/more_interfaces/share/more_interfaces/environment/ament_prefix_path.sh
[3.735s] -- Installing: /home/khushhal/ros2_ws/install/more_interfaces/share/more_interfaces/environment/ament_prefix_path.dsv
[3.736s] -- Installing: /home/khushhal/ros2_ws/install/more_interfaces/share/more_interfaces/environment/path.sh
[3.736s] -- Installing: /home/khushhal/ros2_ws/install/more_interfaces/share/more_interfaces/environment/path.dsv
[3.736s] -- Installing: /home/khushhal/ros2_ws/install/more_interfaces/share/more_interfaces/local_setup.bash
[3.736s] -- Installing: /home/khushhal/ros2_ws/install/more_interfaces/share/more_interfaces/local_setup.sh
[3.736s] -- Installing: /home/khushhal/ros2_ws/install/more_interfaces/share/more_interfaces/local_setup.zsh
[3.736s] -- Installing: /home/khushhal/ros2_ws/install/more_interfaces/share/more_interfaces/local_setup.dsv
[3.736s] -- Installing: /home/khushhal/ros2_ws/install/more_interfaces/share/more_interfaces/package.dsv
[3.736s] -- Installing: /home/khushhal/ros2_ws/install/more_interfaces/share/ament_index/resource_index/packages/more_interfaces
[3.737s] -- Installing: /home/khushhal/ros2_ws/install/more_interfaces/share/more_interfaces/cmake/export_more_interfaces__rosidl_generator_cExport.cmake
[3.737s] -- Installing: /home/khushhal/ros2_ws/install/more_interfaces/share/more_interfaces/cmake/export_more_interfaces__rosidl_generator_cExport-noconfig.cmake
[3.737s] -- Installing: /home/khushhal/ros2_ws/install/more_interfaces/share/more_interfaces/cmake/export_more_interfaces__rosidl_typesupport_fastrtps_cExport.cmake
[3.737s] -- Installing: /home/khushhal/ros2_ws/install/more_interfaces/share/more_interfaces/cmake/export_more_interfaces__rosidl_typesupport_fastrtps_cExport-noconfig.cmake
[3.737s] -- Installing: /home/khushhal/ros2_ws/install/more_interfaces/share/more_interfaces/cmake/export_more_interfaces__rosidl_generator_cppExport.cmake
[3.737s] -- Installing: /home/khushhal/ros2_ws/install/more_interfaces/share/more_interfaces/cmake/export_more_interfaces__rosidl_typesupport_fastrtps_cppExport.cmake
[3.738s] -- Installing: /home/khushhal/ros2_ws/install/more_interfaces/share/more_interfaces/cmake/export_more_interfaces__rosidl_typesupport_fastrtps_cppExport-noconfig.cmake
[3.738s] -- Installing: /home/khushhal/ros2_ws/install/more_interfaces/share/more_interfaces/cmake/more_interfaces__rosidl_typesupport_introspection_cExport.cmake
[3.738s] -- Installing: /home/khushhal/ros2_ws/install/more_interfaces/share/more_interfaces/cmake/more_interfaces__rosidl_typesupport_introspection_cExport-noconfig.cmake
[3.738s] -- Installing: /home/khushhal/ros2_ws/install/more_interfaces/share/more_interfaces/cmake/more_interfaces__rosidl_typesupport_cExport.cmake
[3.738s] -- Installing: /home/khushhal/ros2_ws/install/more_interfaces/share/more_interfaces/cmake/more_interfaces__rosidl_typesupport_cExport-noconfig.cmake
[3.738s] -- Installing: /home/khushhal/ros2_ws/install/more_interfaces/share/more_interfaces/cmake/more_interfaces__rosidl_typesupport_introspection_cppExport.cmake
[3.738s] -- Installing: /home/khushhal/ros2_ws/install/more_interfaces/share/more_interfaces/cmake/more_interfaces__rosidl_typesupport_introspection_cppExport-noconfig.cmake
[3.739s] -- Installing: /home/khushhal/ros2_ws/install/more_interfaces/share/more_interfaces/cmake/more_interfaces__rosidl_typesupport_cppExport.cmake
[3.739s] -- Installing: /home/khushhal/ros2_ws/install/more_interfaces/share/more_interfaces/cmake/more_interfaces__rosidl_typesupport_cppExport-noconfig.cmake
[3.739s] -- Installing: /home/khushhal/ros2_ws/install/more_interfaces/share/more_interfaces/cmake/export_more_interfaces__rosidl_generator_pyExport.cmake
[3.739s] -- Installing: /home/khushhal/ros2_ws/install/more_interfaces/share/more_interfaces/cmake/export_more_interfaces__rosidl_generator_pyExport-noconfig.cmake
[3.739s] -- Installing: /home/khushhal/ros2_ws/install/more_interfaces/share/more_interfaces/cmake/rosidl_cmake-extras.cmake
[3.739s] -- Installing: /home/khushhal/ros2_ws/install/more_interfaces/share/more_interfaces/cmake/ament_cmake_export_include_directories-extras.cmake
[3.739s] -- Installing: /home/khushhal/ros2_ws/install/more_interfaces/share/more_interfaces/cmake/ament_cmake_export_libraries-extras.cmake
[3.740s] -- Installing: /home/khushhal/ros2_ws/install/more_interfaces/share/more_interfaces/cmake/ament_cmake_export_targets-extras.cmake
[3.740s] -- Installing: /home/khushhal/ros2_ws/install/more_interfaces/share/more_interfaces/cmake/rosidl_cmake_export_typesupport_targets-extras.cmake
[3.740s] -- Installing: /home/khushhal/ros2_ws/install/more_interfaces/share/more_interfaces/cmake/ament_cmake_export_dependencies-extras.cmake
[3.740s] -- Installing: /home/khushhal/ros2_ws/install/more_interfaces/share/more_interfaces/cmake/rosidl_cmake_export_typesupport_libraries-extras.cmake
[3.740s] -- Installing: /home/khushhal/ros2_ws/install/more_interfaces/share/more_interfaces/cmake/more_interfacesConfig.cmake
[3.740s] -- Installing: /home/khushhal/ros2_ws/install/more_interfaces/share/more_interfaces/cmake/more_interfacesConfig-version.cmake
[3.740s] -- Installing: /home/khushhal/ros2_ws/install/more_interfaces/share/more_interfaces/package.xml
[3.743s] Invoked command in '/home/khushhal/ros2_ws/build/more_interfaces' returned '0': CMAKE_PREFIX_PATH=${CMAKE_PREFIX_PATH}:/opt/ros/jazzy DEBUGINFOD_URLS=https://debuginfod.ubuntu.com /usr/bin/cmake --install /home/khushhal/ros2_ws/build/more_interfaces
