[0.039s] Invoking command in '/home/khushhal/ros2_ws/build/examples_rclcpp_minimal_action_server': DEBUGINFOD_URLS=https://debuginfod.ubuntu.com /usr/bin/cmake /home/khushhal/ros2_ws/src/examples/rclcpp/actions/minimal_action_server -DAMENT_CMAKE_SYMLINK_INSTALL=1 -DCMAKE_INSTALL_PREFIX=/home/khushhal/ros2_ws/install/examples_rclcpp_minimal_action_server
[0.326s] -- The C compiler identification is GNU 13.3.0
[0.574s] -- The CXX compiler identification is GNU 13.3.0
[0.613s] -- Detecting C compiler ABI info
[0.872s] -- Detecting C compiler ABI info - done
[0.898s] -- Check for working C compiler: /usr/bin/cc - skipped
[0.899s] -- Detecting C compile features
[0.899s] -- Detecting C compile features - done
[0.922s] -- Detecting CXX compiler ABI info
[1.194s] -- Detecting CXX compiler ABI info - done
[1.224s] -- Check for working CXX compiler: /usr/bin/c++ - skipped
[1.224s] -- Detecting CXX compile features
[1.224s] -- Detecting CXX compile features - done
[1.255s] [31mCMake Error at CMakeLists.txt:14 (find_package):
[1.255s]   By not providing "Findament_cmake.cmake" in CMAKE_MODULE_PATH this project
[1.255s]   has asked CMake to find a package configuration file provided by
[1.256s]   "ament_cmake", but CMake did not find one.
[1.256s] 
[1.256s]   Could not find a package configuration file provided by "ament_cmake" with
[1.256s]   any of the following names:
[1.256s] 
[1.256s]     ament_cmakeConfig.cmake
[1.256s]     ament_cmake-config.cmake
[1.257s] 
[1.257s]   Add the installation prefix of "ament_cmake" to CMAKE_PREFIX_PATH or set
[1.257s]   "ament_cmake_DIR" to a directory containing one of the above files.  If
[1.257s]   "ament_cmake" provides a separate development package or SDK, be sure it
[1.257s]   has been installed.
[1.258s] 
[1.258s] [0m
[1.258s] -- Configuring incomplete, errors occurred!
[1.291s] Invoked command in '/home/khushhal/ros2_ws/build/examples_rclcpp_minimal_action_server' returned '1': DEBUGINFOD_URLS=https://debuginfod.ubuntu.com /usr/bin/cmake /home/khushhal/ros2_ws/src/examples/rclcpp/actions/minimal_action_server -DAMENT_CMAKE_SYMLINK_INSTALL=1 -DCMAKE_INSTALL_PREFIX=/home/khushhal/ros2_ws/install/examples_rclcpp_minimal_action_server
