[  2%] Built target action_tutorials_interfaces__rosidl_generator_type_description
[  2%] Built target ament_cmake_python_copy_action_tutorials_interfaces
[ 17%] Built target action_tutorials_interfaces__rosidl_generator_c
[ 20%] Built target action_tutorials_interfaces__cpp
[ 29%] Built target action_tutorials_interfaces__rosidl_typesupport_cpp
[ 38%] Built target action_tutorials_interfaces__rosidl_typesupport_c
[ 47%] Built target action_tutorials_interfaces__rosidl_typesupport_fastrtps_cpp
[ 55%] Built target action_tutorials_interfaces__rosidl_typesupport_introspection_c
[ 64%] Built target action_tutorials_interfaces__rosidl_typesupport_fastrtps_c
[ 73%] Built target action_tutorials_interfaces__rosidl_typesupport_introspection_cpp
[ 73%] Built target action_tutorials_interfaces
[ 76%] Built target action_tutorials_interfaces__py
[ 82%] Built target action_tutorials_interfaces__rosidl_generator_py
[ 88%] Built target action_tutorials_interfaces_s__rosidl_typesupport_introspection_c
[ 94%] Built target action_tutorials_interfaces_s__rosidl_typesupport_fastrtps_c
[100%] Built target action_tutorials_interfaces_s__rosidl_typesupport_c
running egg_info
writing action_tutorials_interfaces.egg-info/PKG-INFO
writing dependency_links to action_tutorials_interfaces.egg-info/dependency_links.txt
writing top-level names to action_tutorials_interfaces.egg-info/top_level.txt
reading manifest file 'action_tutorials_interfaces.egg-info/SOURCES.txt'
writing manifest file 'action_tutorials_interfaces.egg-info/SOURCES.txt'
[100%] Built target ament_cmake_python_build_action_tutorials_interfaces_egg
