[0.087s] Invoking command in '/home/khushhal/ros2_ws/build/action_tutorials_interfaces': CMAKE_PREFIX_PATH=${CMAKE_PREFIX_PATH}:/opt/ros/jazzy DEBUGINFOD_URLS=https://debuginfod.ubuntu.com /usr/bin/cmake --build /home/khushhal/ros2_ws/build/action_tutorials_interfaces -- -j12 -l12
[0.262s] [  2%] Built target action_tutorials_interfaces__rosidl_generator_type_description
[0.287s] [  2%] Built target ament_cmake_python_copy_action_tutorials_interfaces
[0.389s] [ 17%] Built target action_tutorials_interfaces__rosidl_generator_c
[0.407s] [ 20%] Built target action_tutorials_interfaces__cpp
[0.581s] [ 29%] Built target action_tutorials_interfaces__rosidl_typesupport_cpp
[0.585s] [ 38%] Built target action_tutorials_interfaces__rosidl_typesupport_c
[0.620s] [ 47%] Built target action_tutorials_interfaces__rosidl_typesupport_fastrtps_cpp
[0.641s] [ 55%] Built target action_tutorials_interfaces__rosidl_typesupport_introspection_c
[0.675s] [ 64%] Built target action_tutorials_interfaces__rosidl_typesupport_fastrtps_c
[0.711s] [ 73%] Built target action_tutorials_interfaces__rosidl_typesupport_introspection_cpp
[0.923s] [ 73%] Built target action_tutorials_interfaces
[1.126s] [ 76%] Built target action_tutorials_interfaces__py
[1.358s] [ 82%] Built target action_tutorials_interfaces__rosidl_generator_py
[1.626s] [ 88%] Built target action_tutorials_interfaces_s__rosidl_typesupport_introspection_c
[1.635s] [ 94%] Built target action_tutorials_interfaces_s__rosidl_typesupport_fastrtps_c
[1.662s] [100%] Built target action_tutorials_interfaces_s__rosidl_typesupport_c
[2.350s] running egg_info
[2.509s] writing action_tutorials_interfaces.egg-info/PKG-INFO
[2.509s] writing dependency_links to action_tutorials_interfaces.egg-info/dependency_links.txt
[2.513s] writing top-level names to action_tutorials_interfaces.egg-info/top_level.txt
[3.066s] reading manifest file 'action_tutorials_interfaces.egg-info/SOURCES.txt'
[3.071s] writing manifest file 'action_tutorials_interfaces.egg-info/SOURCES.txt'
[3.341s] [100%] Built target ament_cmake_python_build_action_tutorials_interfaces_egg
