[0.008s] Invoking command in '/home/khushhal/ros2_ws/build/cpp_parameters': CMAKE_PREFIX_PATH=${CMAKE_PREFIX_PATH}:/opt/ros/jazzy DEBUGINFOD_URLS=https://debuginfod.ubuntu.com /usr/bin/cmake /home/khushhal/ros2_ws/src/cpp_parameters -DCMAKE_INSTALL_PREFIX=/home/khushhal/ros2_ws/install/cpp_parameters
[0.020s] -- Found ament_cmake: 2.5.4 (/opt/ros/jazzy/share/ament_cmake/cmake)
[0.188s] -- Found rclcpp: 28.1.13 (/opt/ros/jazzy/share/rclcpp/cmake)
[0.211s] -- Found rosidl_generator_c: 4.6.6 (/opt/ros/jazzy/share/rosidl_generator_c/cmake)
[0.218s] -- Found rosidl_generator_cpp: 4.6.6 (/opt/ros/jazzy/share/rosidl_generator_cpp/cmake)
[0.227s] -- Using all available rosidl_typesupport_c: rosidl_typesupport_fastrtps_c;rosidl_typesupport_introspection_c
[0.238s] -- Using all available rosidl_typesupport_cpp: rosidl_typesupport_fastrtps_cpp;rosidl_typesupport_introspection_cpp
[0.289s] -- Found rmw_implementation_cmake: 7.3.2 (/opt/ros/jazzy/share/rmw_implementation_cmake/cmake)
[0.290s] -- Found rmw_fastrtps_cpp: 8.4.3 (/opt/ros/jazzy/share/rmw_fastrtps_cpp/cmake)
[0.344s] -- Using RMW implementation 'rmw_fastrtps_cpp' as default
[0.398s] -- Found ament_lint_auto: 0.17.3 (/opt/ros/jazzy/share/ament_lint_auto/cmake)
[0.470s] -- Added test 'cppcheck' to perform static code analysis on C / C++ code
[0.471s] -- Configured cppcheck include dirs: 
[0.471s] -- Configured cppcheck exclude dirs and/or files: 
[0.471s] -- Added test 'lint_cmake' to check CMake code style
[0.471s] -- Added test 'uncrustify' to check C / C++ code style
[0.472s] -- Configured uncrustify additional arguments: 
[0.472s] -- Added test 'xmllint' to check XML markup files
[0.472s] -- Configuring done (0.5s)
[0.481s] -- Generating done (0.0s)
[0.483s] -- Build files have been written to: /home/khushhal/ros2_ws/build/cpp_parameters
[0.490s] Invoked command in '/home/khushhal/ros2_ws/build/cpp_parameters' returned '0': CMAKE_PREFIX_PATH=${CMAKE_PREFIX_PATH}:/opt/ros/jazzy DEBUGINFOD_URLS=https://debuginfod.ubuntu.com /usr/bin/cmake /home/khushhal/ros2_ws/src/cpp_parameters -DCMAKE_INSTALL_PREFIX=/home/khushhal/ros2_ws/install/cpp_parameters
[0.492s] Invoking command in '/home/khushhal/ros2_ws/build/cpp_parameters': CMAKE_PREFIX_PATH=${CMAKE_PREFIX_PATH}:/opt/ros/jazzy DEBUGINFOD_URLS=https://debuginfod.ubuntu.com /usr/bin/cmake --build /home/khushhal/ros2_ws/build/cpp_parameters -- -j12 -l12
[0.536s] [ 50%] [32mBuilding CXX object CMakeFiles/minimal_param_node.dir/src/cpp_parameters_node.cpp.o[0m
[3.044s] [100%] [32m[1mLinking CXX executable minimal_param_node[0m
[3.143s] [100%] Built target minimal_param_node
[3.153s] Invoked command in '/home/khushhal/ros2_ws/build/cpp_parameters' returned '0': CMAKE_PREFIX_PATH=${CMAKE_PREFIX_PATH}:/opt/ros/jazzy DEBUGINFOD_URLS=https://debuginfod.ubuntu.com /usr/bin/cmake --build /home/khushhal/ros2_ws/build/cpp_parameters -- -j12 -l12
[3.162s] Invoking command in '/home/khushhal/ros2_ws/build/cpp_parameters': CMAKE_PREFIX_PATH=${CMAKE_PREFIX_PATH}:/opt/ros/jazzy DEBUGINFOD_URLS=https://debuginfod.ubuntu.com /usr/bin/cmake --install /home/khushhal/ros2_ws/build/cpp_parameters
[3.168s] -- Install configuration: ""
[3.168s] -- Installing: /home/khushhal/ros2_ws/install/cpp_parameters/lib/cpp_parameters/minimal_param_node
[3.169s] -- Set non-toolchain portion of runtime path of "/home/khushhal/ros2_ws/install/cpp_parameters/lib/cpp_parameters/minimal_param_node" to ""
[3.169s] -- Installing: /home/khushhal/ros2_ws/install/cpp_parameters/share/ament_index/resource_index/package_run_dependencies/cpp_parameters
[3.169s] -- Installing: /home/khushhal/ros2_ws/install/cpp_parameters/share/ament_index/resource_index/parent_prefix_path/cpp_parameters
[3.169s] -- Installing: /home/khushhal/ros2_ws/install/cpp_parameters/share/cpp_parameters/environment/ament_prefix_path.sh
[3.169s] -- Installing: /home/khushhal/ros2_ws/install/cpp_parameters/share/cpp_parameters/environment/ament_prefix_path.dsv
[3.170s] -- Installing: /home/khushhal/ros2_ws/install/cpp_parameters/share/cpp_parameters/environment/path.sh
[3.170s] -- Installing: /home/khushhal/ros2_ws/install/cpp_parameters/share/cpp_parameters/environment/path.dsv
[3.170s] -- Installing: /home/khushhal/ros2_ws/install/cpp_parameters/share/cpp_parameters/local_setup.bash
[3.170s] -- Installing: /home/khushhal/ros2_ws/install/cpp_parameters/share/cpp_parameters/local_setup.sh
[3.170s] -- Installing: /home/khushhal/ros2_ws/install/cpp_parameters/share/cpp_parameters/local_setup.zsh
[3.170s] -- Installing: /home/khushhal/ros2_ws/install/cpp_parameters/share/cpp_parameters/local_setup.dsv
[3.170s] -- Installing: /home/khushhal/ros2_ws/install/cpp_parameters/share/cpp_parameters/package.dsv
[3.170s] -- Installing: /home/khushhal/ros2_ws/install/cpp_parameters/share/ament_index/resource_index/packages/cpp_parameters
[3.171s] -- Installing: /home/khushhal/ros2_ws/install/cpp_parameters/share/cpp_parameters/cmake/cpp_parametersConfig.cmake
[3.171s] -- Installing: /home/khushhal/ros2_ws/install/cpp_parameters/share/cpp_parameters/cmake/cpp_parametersConfig-version.cmake
[3.171s] -- Installing: /home/khushhal/ros2_ws/install/cpp_parameters/share/cpp_parameters/package.xml
[3.172s] Invoked command in '/home/khushhal/ros2_ws/build/cpp_parameters' returned '0': CMAKE_PREFIX_PATH=${CMAKE_PREFIX_PATH}:/opt/ros/jazzy DEBUGINFOD_URLS=https://debuginfod.ubuntu.com /usr/bin/cmake --install /home/khushhal/ros2_ws/build/cpp_parameters
