[0.076s] Invoking command in '/home/khushhal/ros2_ws/build/cpp_srvcli': CMAKE_PREFIX_PATH=${CMAKE_PREFIX_PATH}:/opt/ros/jazzy DEBUGINFOD_URLS=https://debuginfod.ubuntu.com /usr/bin/cmake --build /home/khushhal/ros2_ws/build/cpp_srvcli -- -j12 -l12
[0.239s] [ 50%] Built target server
[0.302s] [100%] Built target client
[0.539s] Invoked command in '/home/khushhal/ros2_ws/build/cpp_srvcli' returned '0': CMAKE_PREFIX_PATH=${CMAKE_PREFIX_PATH}:/opt/ros/jazzy DEBUGINFOD_URLS=https://debuginfod.ubuntu.com /usr/bin/cmake --build /home/khushhal/ros2_ws/build/cpp_srvcli -- -j12 -l12
[0.548s] Invoking command in '/home/khushhal/ros2_ws/build/cpp_srvcli': CMAKE_PREFIX_PATH=${CMAKE_PREFIX_PATH}:/opt/ros/jazzy DEBUGINFOD_URLS=https://debuginfod.ubuntu.com /usr/bin/cmake --install /home/khushhal/ros2_ws/build/cpp_srvcli
[3.512s] -- Install configuration: ""
[3.518s] -- Up-to-date: /home/khushhal/ros2_ws/install/cpp_srvcli/lib/cpp_srvcli/server
[3.519s] -- Up-to-date: /home/khushhal/ros2_ws/install/cpp_srvcli/lib/cpp_srvcli/client
[3.519s] -- Up-to-date: /home/khushhal/ros2_ws/install/cpp_srvcli/share/ament_index/resource_index/package_run_dependencies/cpp_srvcli
[3.519s] -- Up-to-date: /home/khushhal/ros2_ws/install/cpp_srvcli/share/ament_index/resource_index/parent_prefix_path/cpp_srvcli
[3.520s] -- Up-to-date: /home/khushhal/ros2_ws/install/cpp_srvcli/share/cpp_srvcli/environment/ament_prefix_path.sh
[3.520s] -- Up-to-date: /home/khushhal/ros2_ws/install/cpp_srvcli/share/cpp_srvcli/environment/ament_prefix_path.dsv
[3.520s] -- Up-to-date: /home/khushhal/ros2_ws/install/cpp_srvcli/share/cpp_srvcli/environment/path.sh
[3.520s] -- Up-to-date: /home/khushhal/ros2_ws/install/cpp_srvcli/share/cpp_srvcli/environment/path.dsv
[3.521s] -- Up-to-date: /home/khushhal/ros2_ws/install/cpp_srvcli/share/cpp_srvcli/local_setup.bash
[3.521s] -- Up-to-date: /home/khushhal/ros2_ws/install/cpp_srvcli/share/cpp_srvcli/local_setup.sh
[3.521s] -- Up-to-date: /home/khushhal/ros2_ws/install/cpp_srvcli/share/cpp_srvcli/local_setup.zsh
[3.521s] -- Up-to-date: /home/khushhal/ros2_ws/install/cpp_srvcli/share/cpp_srvcli/local_setup.dsv
[3.521s] -- Installing: /home/khushhal/ros2_ws/install/cpp_srvcli/share/cpp_srvcli/package.dsv
[3.521s] -- Up-to-date: /home/khushhal/ros2_ws/install/cpp_srvcli/share/ament_index/resource_index/packages/cpp_srvcli
[3.521s] -- Up-to-date: /home/khushhal/ros2_ws/install/cpp_srvcli/share/cpp_srvcli/cmake/cpp_srvcliConfig.cmake
[3.522s] -- Up-to-date: /home/khushhal/ros2_ws/install/cpp_srvcli/share/cpp_srvcli/cmake/cpp_srvcliConfig-version.cmake
[3.541s] -- Up-to-date: /home/khushhal/ros2_ws/install/cpp_srvcli/share/cpp_srvcli/package.xml
