[0.041s] Invoking command in '/home/khushhal/ros2_ws/src/build/examples_rclcpp_minimal_composition': CMAKE_PREFIX_PATH=${CMAKE_PREFIX_PATH}:/opt/ros/jazzy DEBUGINFOD_URLS=https://debuginfod.ubuntu.com /usr/bin/cmake /home/khushhal/ros2_ws/src/examples/rclcpp/composition/minimal_composition -DCMAKE_INSTALL_PREFIX=/home/khushhal/ros2_ws/src/install/examples_rclcpp_minimal_composition
[0.103s] -- The C compiler identification is GNU 13.3.0
[0.184s] -- The CXX compiler identification is GNU 13.3.0
[0.209s] -- Detecting C compiler ABI info
[0.344s] -- Detecting C compiler ABI info - done
[0.361s] -- Check for working C compiler: /usr/bin/cc - skipped
[0.362s] -- Detecting C compile features
[0.363s] -- Detecting C compile features - done
[0.382s] -- Detecting CXX compiler ABI info
[0.528s] -- Detecting CXX compiler ABI info - done
[0.544s] -- Check for working CXX compiler: /usr/bin/c++ - skipped
[0.544s] -- Detecting CXX compile features
[0.546s] -- Detecting CXX compile features - done
[0.556s] -- Found ament_cmake: 2.5.4 (/opt/ros/jazzy/share/ament_cmake/cmake)
[0.794s] -- Found Python3: /usr/bin/python3 (found version "3.12.3") found components: Interpreter 
[1.007s] -- Found rclcpp: 28.1.13 (/opt/ros/jazzy/share/rclcpp/cmake)
[1.090s] -- Found rosidl_generator_c: 4.6.6 (/opt/ros/jazzy/share/rosidl_generator_c/cmake)
[1.114s] -- Found rosidl_generator_cpp: 4.6.6 (/opt/ros/jazzy/share/rosidl_generator_cpp/cmake)
[1.146s] -- Using all available rosidl_typesupport_c: rosidl_typesupport_fastrtps_c;rosidl_typesupport_introspection_c
[1.179s] -- Using all available rosidl_typesupport_cpp: rosidl_typesupport_fastrtps_cpp;rosidl_typesupport_introspection_cpp
[1.317s] -- Found rmw_implementation_cmake: 7.3.2 (/opt/ros/jazzy/share/rmw_implementation_cmake/cmake)
[1.322s] -- Found rmw_fastrtps_cpp: 8.4.3 (/opt/ros/jazzy/share/rmw_fastrtps_cpp/cmake)
[1.462s] -- Found OpenSSL: /usr/lib/x86_64-linux-gnu/libcrypto.so (found version "3.0.13")  
[1.495s] -- Found FastRTPS: /opt/ros/jazzy/include (Required is at least version "2.13") 
[1.531s] -- Using RMW implementation 'rmw_fastrtps_cpp' as default
[1.668s] -- Found rclcpp_components: 28.1.13 (/opt/ros/jazzy/share/rclcpp_components/cmake)
[1.741s] -- Found std_msgs: 5.3.6 (/opt/ros/jazzy/share/std_msgs/cmake)
[1.771s] -- Found ament_lint_auto: 0.17.3 (/opt/ros/jazzy/share/ament_lint_auto/cmake)
[1.963s] -- Added test 'copyright' to check source files copyright and LICENSE
[1.966s] -- Added test 'cppcheck' to perform static code analysis on C / C++ code
[1.966s] -- Configured cppcheck include dirs: /home/khushhal/ros2_ws/src/examples/rclcpp/composition/minimal_composition/include
[1.966s] -- Configured cppcheck exclude dirs and/or files: 
[1.968s] -- Added test 'cpplint' to check C / C++ code against the Google style
[1.968s] -- Configured cpplint exclude dirs and/or files: 
[1.969s] -- Added test 'lint_cmake' to check CMake code style
[1.971s] -- Added test 'uncrustify' to check C / C++ code style
[1.971s] -- Configured uncrustify additional arguments: 
[1.972s] -- Added test 'xmllint' to check XML markup files
[1.974s] -- Configuring done (1.9s)
[2.014s] -- Generating done (0.0s)
[2.022s] -- Build files have been written to: /home/khushhal/ros2_ws/src/build/examples_rclcpp_minimal_composition
[2.055s] Invoked command in '/home/khushhal/ros2_ws/src/build/examples_rclcpp_minimal_composition' returned '0': CMAKE_PREFIX_PATH=${CMAKE_PREFIX_PATH}:/opt/ros/jazzy DEBUGINFOD_URLS=https://debuginfod.ubuntu.com /usr/bin/cmake /home/khushhal/ros2_ws/src/examples/rclcpp/composition/minimal_composition -DCMAKE_INSTALL_PREFIX=/home/khushhal/ros2_ws/src/install/examples_rclcpp_minimal_composition
[2.056s] Invoking command in '/home/khushhal/ros2_ws/src/build/examples_rclcpp_minimal_composition': CMAKE_PREFIX_PATH=${CMAKE_PREFIX_PATH}:/opt/ros/jazzy DEBUGINFOD_URLS=https://debuginfod.ubuntu.com /usr/bin/cmake --build /home/khushhal/ros2_ws/src/build/examples_rclcpp_minimal_composition -- -j12 -l12
[19.087s] [ 11%] [32mBuilding CXX object CMakeFiles/composition_nodes.dir/src/subscriber_node.cpp.o[0m
[19.093s] [ 22%] [32mBuilding CXX object CMakeFiles/composition_nodes.dir/src/publisher_node.cpp.o[0m
[19.093s] gmake[2]: *** [CMakeFiles/composition_nodes.dir/build.make:76: CMakeFiles/composition_nodes.dir/src/publisher_node.cpp.o] Interrupt
[19.093s] gmake[2]: *** [CMakeFiles/composition_nodes.dir/build.make:90: CMakeFiles/composition_nodes.dir/src/subscriber_node.cpp.o] Interrupt
[19.093s] gmake[1]: *** [CMakeFiles/Makefile2:143: CMakeFiles/composition_nodes.dir/all] Interrupt
[19.093s] gmake: *** [Makefile:146: all] Interrupt
[19.197s] Invoked command in '/home/khushhal/ros2_ws/src/build/examples_rclcpp_minimal_composition' returned '-2': CMAKE_PREFIX_PATH=${CMAKE_PREFIX_PATH}:/opt/ros/jazzy DEBUGINFOD_URLS=https://debuginfod.ubuntu.com /usr/bin/cmake --build /home/khushhal/ros2_ws/src/build/examples_rclcpp_minimal_composition -- -j12 -l12
