[0.011s] Invoking command in '/home/khushhal/ros2_ws/build/action_tutorials_cpp': AMENT_PREFIX_PATH=/home/khushhal/ros2_ws/install/action_tutorials_interfaces:${AMENT_PREFIX_PATH} CMAKE_PREFIX_PATH=/home/khushhal/ros2_ws/install/action_tutorials_interfaces:/opt/ros/jazzy/opt/sdformat_vendor:/opt/ros/jazzy/opt/gz_math_vendor:/opt/ros/jazzy/opt/gz_utils_vendor:/opt/ros/jazzy/opt/gz_tools_vendor:/opt/ros/jazzy/opt/gz_cmake_vendor:/opt/ros/jazzy DEBUGINFOD_URLS=https://debuginfod.ubuntu.com LD_LIBRARY_PATH=/home/khushhal/ros2_ws/install/action_tutorials_interfaces/lib:${LD_LIBRARY_PATH} PYTHONPATH=/home/khushhal/ros2_ws/install/action_tutorials_interfaces/lib/python3.12/site-packages:${PYTHONPATH} /usr/bin/cmake --build /home/khushhal/ros2_ws/build/action_tutorials_cpp -- -j12 -l12
[0.064s] [ 75%] Built target fibonacci_action_server
[0.064s] [ 75%] Built target action_server
[0.064s] [ 75%] Built target fibonacci_action_client
[0.070s] [ 87%] [32mBuilding CXX object CMakeFiles/action_client.dir/src/fibonacci_action_client.cpp.o[0m
[3.663s] [100%] [32m[1mLinking CXX shared library libaction_client.so[0m
[3.790s] [100%] Built target action_client
[3.800s] Invoked command in '/home/khushhal/ros2_ws/build/action_tutorials_cpp' returned '0': AMENT_PREFIX_PATH=/home/khushhal/ros2_ws/install/action_tutorials_interfaces:${AMENT_PREFIX_PATH} CMAKE_PREFIX_PATH=/home/khushhal/ros2_ws/install/action_tutorials_interfaces:/opt/ros/jazzy/opt/sdformat_vendor:/opt/ros/jazzy/opt/gz_math_vendor:/opt/ros/jazzy/opt/gz_utils_vendor:/opt/ros/jazzy/opt/gz_tools_vendor:/opt/ros/jazzy/opt/gz_cmake_vendor:/opt/ros/jazzy DEBUGINFOD_URLS=https://debuginfod.ubuntu.com LD_LIBRARY_PATH=/home/khushhal/ros2_ws/install/action_tutorials_interfaces/lib:${LD_LIBRARY_PATH} PYTHONPATH=/home/khushhal/ros2_ws/install/action_tutorials_interfaces/lib/python3.12/site-packages:${PYTHONPATH} /usr/bin/cmake --build /home/khushhal/ros2_ws/build/action_tutorials_cpp -- -j12 -l12
[3.809s] Invoking command in '/home/khushhal/ros2_ws/build/action_tutorials_cpp': AMENT_PREFIX_PATH=/home/khushhal/ros2_ws/install/action_tutorials_interfaces:${AMENT_PREFIX_PATH} CMAKE_PREFIX_PATH=/home/khushhal/ros2_ws/install/action_tutorials_interfaces:/opt/ros/jazzy/opt/sdformat_vendor:/opt/ros/jazzy/opt/gz_math_vendor:/opt/ros/jazzy/opt/gz_utils_vendor:/opt/ros/jazzy/opt/gz_tools_vendor:/opt/ros/jazzy/opt/gz_cmake_vendor:/opt/ros/jazzy DEBUGINFOD_URLS=https://debuginfod.ubuntu.com LD_LIBRARY_PATH=/home/khushhal/ros2_ws/install/action_tutorials_interfaces/lib:${LD_LIBRARY_PATH} PYTHONPATH=/home/khushhal/ros2_ws/install/action_tutorials_interfaces/lib/python3.12/site-packages:${PYTHONPATH} /usr/bin/cmake --install /home/khushhal/ros2_ws/build/action_tutorials_cpp
[3.817s] -- Install configuration: ""
[3.817s] -- Installing: /home/khushhal/ros2_ws/install/action_tutorials_cpp/lib/action_tutorials_cpp/fibonacci_action_server
[3.819s] -- Set non-toolchain portion of runtime path of "/home/khushhal/ros2_ws/install/action_tutorials_cpp/lib/action_tutorials_cpp/fibonacci_action_server" to ""
[3.819s] -- Installing: /home/khushhal/ros2_ws/install/action_tutorials_cpp/lib/libaction_server.so
[3.820s] -- Set non-toolchain portion of runtime path of "/home/khushhal/ros2_ws/install/action_tutorials_cpp/lib/libaction_server.so" to ""
[3.821s] -- Installing: /home/khushhal/ros2_ws/install/action_tutorials_cpp/lib/action_tutorials_cpp/fibonacci_action_client
[3.822s] -- Set non-toolchain portion of runtime path of "/home/khushhal/ros2_ws/install/action_tutorials_cpp/lib/action_tutorials_cpp/fibonacci_action_client" to ""
[3.822s] -- Installing: /home/khushhal/ros2_ws/install/action_tutorials_cpp/lib/libaction_client.so
[3.824s] -- Set non-toolchain portion of runtime path of "/home/khushhal/ros2_ws/install/action_tutorials_cpp/lib/libaction_client.so" to ""
[3.824s] -- Installing: /home/khushhal/ros2_ws/install/action_tutorials_cpp/share/ament_index/resource_index/package_run_dependencies/action_tutorials_cpp
[3.825s] -- Installing: /home/khushhal/ros2_ws/install/action_tutorials_cpp/share/ament_index/resource_index/parent_prefix_path/action_tutorials_cpp
[3.825s] -- Installing: /home/khushhal/ros2_ws/install/action_tutorials_cpp/share/action_tutorials_cpp/environment/ament_prefix_path.sh
[3.825s] -- Installing: /home/khushhal/ros2_ws/install/action_tutorials_cpp/share/action_tutorials_cpp/environment/ament_prefix_path.dsv
[3.826s] -- Installing: /home/khushhal/ros2_ws/install/action_tutorials_cpp/share/action_tutorials_cpp/environment/path.sh
[3.826s] -- Installing: /home/khushhal/ros2_ws/install/action_tutorials_cpp/share/action_tutorials_cpp/environment/path.dsv
[3.826s] -- Installing: /home/khushhal/ros2_ws/install/action_tutorials_cpp/share/action_tutorials_cpp/local_setup.bash
[3.827s] -- Installing: /home/khushhal/ros2_ws/install/action_tutorials_cpp/share/action_tutorials_cpp/local_setup.sh
[3.827s] -- Installing: /home/khushhal/ros2_ws/install/action_tutorials_cpp/share/action_tutorials_cpp/local_setup.zsh
[3.827s] -- Installing: /home/khushhal/ros2_ws/install/action_tutorials_cpp/share/action_tutorials_cpp/local_setup.dsv
[3.828s] -- Installing: /home/khushhal/ros2_ws/install/action_tutorials_cpp/share/action_tutorials_cpp/package.dsv
[3.828s] -- Installing: /home/khushhal/ros2_ws/install/action_tutorials_cpp/share/ament_index/resource_index/packages/action_tutorials_cpp
[3.828s] -- Installing: /home/khushhal/ros2_ws/install/action_tutorials_cpp/share/ament_index/resource_index/rclcpp_components/action_tutorials_cpp
[3.828s] -- Installing: /home/khushhal/ros2_ws/install/action_tutorials_cpp/share/action_tutorials_cpp/cmake/action_tutorials_cppConfig.cmake
[3.829s] -- Installing: /home/khushhal/ros2_ws/install/action_tutorials_cpp/share/action_tutorials_cpp/cmake/action_tutorials_cppConfig-version.cmake
[3.829s] -- Installing: /home/khushhal/ros2_ws/install/action_tutorials_cpp/share/action_tutorials_cpp/package.xml
[3.831s] Invoked command in '/home/khushhal/ros2_ws/build/action_tutorials_cpp' returned '0': AMENT_PREFIX_PATH=/home/khushhal/ros2_ws/install/action_tutorials_interfaces:${AMENT_PREFIX_PATH} CMAKE_PREFIX_PATH=/home/khushhal/ros2_ws/install/action_tutorials_interfaces:/opt/ros/jazzy/opt/sdformat_vendor:/opt/ros/jazzy/opt/gz_math_vendor:/opt/ros/jazzy/opt/gz_utils_vendor:/opt/ros/jazzy/opt/gz_tools_vendor:/opt/ros/jazzy/opt/gz_cmake_vendor:/opt/ros/jazzy DEBUGINFOD_URLS=https://debuginfod.ubuntu.com LD_LIBRARY_PATH=/home/khushhal/ros2_ws/install/action_tutorials_interfaces/lib:${LD_LIBRARY_PATH} PYTHONPATH=/home/khushhal/ros2_ws/install/action_tutorials_interfaces/lib/python3.12/site-packages:${PYTHONPATH} /usr/bin/cmake --install /home/khushhal/ros2_ws/build/action_tutorials_cpp
