[1.843s] Invoking command in '/home/khushhal/ros2_ws/src/launch_tutorial': DEBUGINFOD_URLS=https://debuginfod.ubuntu.com PYTHONPATH=/home/khushhal/ros2_ws/build/launch_tutorial/prefix_override:/usr/lib/python3/dist-packages/colcon_core/task/python/colcon_distutils_commands:/home/khushhal/ros2_ws/install/launch_tutorial/lib/python3.12/site-packages:${PYTHONPATH} /usr/bin/python3 -W ignore:setup.py install is deprecated -W ignore:easy_install command is deprecated setup.py egg_info --egg-base ../../build/launch_tutorial build --build-base /home/khushhal/ros2_ws/build/launch_tutorial/build install --record /home/khushhal/ros2_ws/build/launch_tutorial/install.log --single-version-externally-managed install_data
[2.312s] running egg_info
[2.313s] creating ../../build/launch_tutorial/launch_tutorial.egg-info
[2.351s] writing ../../build/launch_tutorial/launch_tutorial.egg-info/PKG-INFO
[2.351s] writing dependency_links to ../../build/launch_tutorial/launch_tutorial.egg-info/dependency_links.txt
[2.352s] writing requirements to ../../build/launch_tutorial/launch_tutorial.egg-info/requires.txt
[2.352s] writing top-level names to ../../build/launch_tutorial/launch_tutorial.egg-info/top_level.txt
[2.352s] writing manifest file '../../build/launch_tutorial/launch_tutorial.egg-info/SOURCES.txt'
[2.434s] reading manifest file '../../build/launch_tutorial/launch_tutorial.egg-info/SOURCES.txt'
[2.435s] writing manifest file '../../build/launch_tutorial/launch_tutorial.egg-info/SOURCES.txt'
[2.435s] running build
[2.435s] running build_py
[2.436s] creating /home/khushhal/ros2_ws/build/launch_tutorial/build
[2.436s] creating /home/khushhal/ros2_ws/build/launch_tutorial/build/lib
[2.436s] creating /home/khushhal/ros2_ws/build/launch_tutorial/build/lib/launch_tutorial
[2.436s] copying launch_tutorial/__init__.py -> /home/khushhal/ros2_ws/build/launch_tutorial/build/lib/launch_tutorial
[2.436s] running install
[2.447s] running install_lib
[2.489s] creating /home/khushhal/ros2_ws/install/launch_tutorial/lib/python3.12/site-packages/launch_tutorial
[2.490s] copying /home/khushhal/ros2_ws/build/launch_tutorial/build/lib/launch_tutorial/__init__.py -> /home/khushhal/ros2_ws/install/launch_tutorial/lib/python3.12/site-packages/launch_tutorial
[2.490s] byte-compiling /home/khushhal/ros2_ws/install/launch_tutorial/lib/python3.12/site-packages/launch_tutorial/__init__.py to __init__.cpython-312.pyc
[2.491s] running install_data
[2.491s] creating /home/khushhal/ros2_ws/install/launch_tutorial/share/ament_index
[2.491s] creating /home/khushhal/ros2_ws/install/launch_tutorial/share/ament_index/resource_index
[2.492s] creating /home/khushhal/ros2_ws/install/launch_tutorial/share/ament_index/resource_index/packages
[2.492s] copying resource/launch_tutorial -> /home/khushhal/ros2_ws/install/launch_tutorial/share/ament_index/resource_index/packages
[2.492s] copying package.xml -> /home/khushhal/ros2_ws/install/launch_tutorial/share/launch_tutorial
[2.492s] creating /home/khushhal/ros2_ws/install/launch_tutorial/share/launch_tutorial/launch
[2.492s] running install_egg_info
[2.537s] Copying ../../build/launch_tutorial/launch_tutorial.egg-info to /home/khushhal/ros2_ws/install/launch_tutorial/lib/python3.12/site-packages/launch_tutorial-0.0.0-py3.12.egg-info
[2.539s] running install_scripts
[2.799s] writing list of installed files to '/home/khushhal/ros2_ws/build/launch_tutorial/install.log'
[2.849s] Invoked command in '/home/khushhal/ros2_ws/src/launch_tutorial' returned '0': DEBUGINFOD_URLS=https://debuginfod.ubuntu.com PYTHONPATH=/home/khushhal/ros2_ws/build/launch_tutorial/prefix_override:/usr/lib/python3/dist-packages/colcon_core/task/python/colcon_distutils_commands:/home/khushhal/ros2_ws/install/launch_tutorial/lib/python3.12/site-packages:${PYTHONPATH} /usr/bin/python3 -W ignore:setup.py install is deprecated -W ignore:easy_install command is deprecated setup.py egg_info --egg-base ../../build/launch_tutorial build --build-base /home/khushhal/ros2_ws/build/launch_tutorial/build install --record /home/khushhal/ros2_ws/build/launch_tutorial/install.log --single-version-externally-managed install_data
