[0.045s] Invoking command in '/home/khushhal/ros2_ws/build/examples_rclcpp_cbg_executor': CMAKE_PREFIX_PATH=${CMAKE_PREFIX_PATH}:/opt/ros/jazzy DEBUGINFOD_URLS=https://debuginfod.ubuntu.com /usr/bin/cmake /home/khushhal/ros2_ws/src/examples/rclcpp/executors/cbg_executor -DCMAKE_INSTALL_PREFIX=/home/khushhal/ros2_ws/install/examples_rclcpp_cbg_executor
[0.096s] -- Found ament_cmake: 2.5.4 (/opt/ros/jazzy/share/ament_cmake/cmake)
[0.386s] -- Found Python3: /usr/bin/python3 (found version "3.12.3") found components: Interpreter 
[0.582s] -- Override CMake install command with custom implementation using symlinks instead of copying resources
[0.633s] -- Found rclcpp: 28.1.13 (/opt/ros/jazzy/share/rclcpp/cmake)
[0.697s] -- Found rosidl_generator_c: 4.6.6 (/opt/ros/jazzy/share/rosidl_generator_c/cmake)
[0.720s] -- Found rosidl_generator_cpp: 4.6.6 (/opt/ros/jazzy/share/rosidl_generator_cpp/cmake)
[0.748s] -- Using all available rosidl_typesupport_c: rosidl_typesupport_fastrtps_c;rosidl_typesupport_introspection_c
[0.776s] -- Using all available rosidl_typesupport_cpp: rosidl_typesupport_fastrtps_cpp;rosidl_typesupport_introspection_cpp
[0.899s] -- Found rmw_implementation_cmake: 7.3.2 (/opt/ros/jazzy/share/rmw_implementation_cmake/cmake)
[0.904s] -- Found rmw_fastrtps_cpp: 8.4.3 (/opt/ros/jazzy/share/rmw_fastrtps_cpp/cmake)
[1.025s] -- Found OpenSSL: /usr/lib/x86_64-linux-gnu/libcrypto.so (found version "3.0.13")  
[1.052s] -- Found FastRTPS: /opt/ros/jazzy/include (Required is at least version "2.13") 
[1.081s] -- Using RMW implementation 'rmw_fastrtps_cpp' as default
[1.204s] -- Found std_msgs: 5.3.6 (/opt/ros/jazzy/share/std_msgs/cmake)
[1.236s] -- Found ament_lint_auto: 0.17.3 (/opt/ros/jazzy/share/ament_lint_auto/cmake)
[1.444s] -- Added test 'copyright' to check source files copyright and LICENSE
[1.446s] -- Added test 'cppcheck' to perform static code analysis on C / C++ code
[1.446s] -- Configured cppcheck include dirs: /home/khushhal/ros2_ws/src/examples/rclcpp/executors/cbg_executor/include
[1.446s] -- Configured cppcheck exclude dirs and/or files: 
[1.446s] -- Added test 'cpplint' to check C / C++ code against the Google style
[1.447s] -- Configured cpplint exclude dirs and/or files: 
[1.447s] -- Added test 'lint_cmake' to check CMake code style
[1.449s] -- Added test 'uncrustify' to check C / C++ code style
[1.449s] -- Configured uncrustify additional arguments: 
[1.449s] -- Added test 'xmllint' to check XML markup files
[1.450s] -- Configuring done (1.4s)
[1.452s] -- Generating done (0.0s)
[1.453s] -- Build files have been written to: /home/khushhal/ros2_ws/build/examples_rclcpp_cbg_executor
[1.544s] Invoked command in '/home/khushhal/ros2_ws/build/examples_rclcpp_cbg_executor' returned '0': CMAKE_PREFIX_PATH=${CMAKE_PREFIX_PATH}:/opt/ros/jazzy DEBUGINFOD_URLS=https://debuginfod.ubuntu.com /usr/bin/cmake /home/khushhal/ros2_ws/src/examples/rclcpp/executors/cbg_executor -DCMAKE_INSTALL_PREFIX=/home/khushhal/ros2_ws/install/examples_rclcpp_cbg_executor
[1.546s] Invoking command in '/home/khushhal/ros2_ws/build/examples_rclcpp_cbg_executor': CMAKE_PREFIX_PATH=${CMAKE_PREFIX_PATH}:/opt/ros/jazzy DEBUGINFOD_URLS=https://debuginfod.ubuntu.com /usr/bin/cmake --build /home/khushhal/ros2_ws/build/examples_rclcpp_cbg_executor -- -j12 -l12
[1.683s] [ 10%] [32mBuilding CXX object CMakeFiles/pong.dir/src/pong.cpp.o[0m
[1.685s] [ 20%] [32mBuilding CXX object CMakeFiles/pong.dir/src/examples_rclcpp_cbg_executor/pong_node.cpp.o[0m
[1.690s] [ 30%] [32mBuilding CXX object CMakeFiles/ping.dir/src/ping.cpp.o[0m
[1.704s] [ 40%] [32mBuilding CXX object CMakeFiles/ping_pong.dir/src/examples_rclcpp_cbg_executor/ping_node.cpp.o[0m
[1.710s] [ 50%] [32mBuilding CXX object CMakeFiles/ping_pong.dir/src/ping_pong.cpp.o[0m
[1.721s] [ 60%] [32mBuilding CXX object CMakeFiles/ping.dir/src/examples_rclcpp_cbg_executor/ping_node.cpp.o[0m
[1.735s] [ 70%] [32mBuilding CXX object CMakeFiles/ping_pong.dir/src/examples_rclcpp_cbg_executor/pong_node.cpp.o[0m
