[0.010s] Invoking command in '/home/khushhal/ros2_ws/build/action_tutorials_cpp': AMENT_PREFIX_PATH=/home/khushhal/ros2_ws/install/action_tutorials_interfaces:${AMENT_PREFIX_PATH} CMAKE_PREFIX_PATH=/home/khushhal/ros2_ws/install/action_tutorials_interfaces:/opt/ros/jazzy/opt/sdformat_vendor:/opt/ros/jazzy/opt/gz_math_vendor:/opt/ros/jazzy/opt/gz_utils_vendor:/opt/ros/jazzy/opt/gz_tools_vendor:/opt/ros/jazzy/opt/gz_cmake_vendor:/opt/ros/jazzy DEBUGINFOD_URLS=https://debuginfod.ubuntu.com LD_LIBRARY_PATH=/home/khushhal/ros2_ws/install/action_tutorials_interfaces/lib:${LD_LIBRARY_PATH} PYTHONPATH=/home/khushhal/ros2_ws/install/action_tutorials_interfaces/lib/python3.12/site-packages:${PYTHONPATH} /usr/bin/cmake --build /home/khushhal/ros2_ws/build/action_tutorials_cpp -- -j12 -l12
[0.062s] [ 50%] Built target fibonacci_action_server
[0.062s] [ 50%] Built target fibonacci_action_client
[0.068s] [ 75%] [32mBuilding CXX object CMakeFiles/action_client.dir/src/fibonacci_action_client.cpp.o[0m
[0.068s] [ 75%] [32mBuilding CXX object CMakeFiles/action_server.dir/src/fibonacci_action_server.cpp.o[0m
[2.098s] [01m[K/home/khushhal/ros2_ws/src/action_tutorials_cpp/src/fibonacci_action_client.cpp:[m[K In member function ‘[01m[Kvoid action_tutorials_cpp::FibonacciActionClient::[01;32m[Ksend_goal[m[K()[m[K’:
[2.098s] [01m[K/home/khushhal/ros2_ws/src/action_tutorials_cpp/src/fibonacci_action_client.cpp:51:73:[m[K [01;31m[Kerror: [m[Kno match for ‘[01m[Koperator=[m[K’ (operand types are ‘[01m[Krclcpp_action::Client<action_tutorials_interfaces::action::Fibonacci>::GoalResponseCallback[m[K’ {aka ‘[01m[Kstd::function<void(std::shared_ptr<rclcpp_action::ClientGoalHandle<action_tutorials_interfaces::action::Fibonacci> >)>[m[K’} and ‘[01m[Kstd::_Bind_helper<false, void (action_tutorials_cpp::FibonacciActionClient::*)(std::shared_future<std::shared_ptr<rclcpp_action::ClientGoalHandle<action_tutorials_interfaces::action::Fibonacci> > >), action_tutorials_cpp::FibonacciActionClient*, const std::_Placeholder<1>&>::type[m[K’)
[2.098s]    51 |       std::bind(&FibonacciActionClient::goal_response_callback, this, _1[01;31m[K)[m[K;
[2.098s]       |                                                                         [01;31m[K^[m[K
[2.099s] In file included from [01m[K/usr/include/c++/13/functional:59[m[K,
[2.099s]                  from [01m[K/home/khushhal/ros2_ws/src/action_tutorials_cpp/src/fibonacci_action_client.cpp:1[m[K:
[2.099s] [01m[K/usr/include/c++/13/bits/std_function.h:531:9:[m[K [01;36m[Knote: [m[Kcandidate: ‘[01m[Ktemplate<class _Functor> std::function<_Res(_ArgTypes ...)>::_Requires<std::function<_Res(_ArgTypes ...)>::_Callable<_Functor>, std::function<_Res(_ArgTypes ...)>&> std::function<_Res(_ArgTypes ...)>::[01;32m[Koperator=[m[K(_Functor&&) [35m[K[with _Res = void; _ArgTypes = {std::shared_ptr<rclcpp_action::ClientGoalHandle<action_tutorials_interfaces::action::Fibonacci> >}][m[K[m[K’
[2.099s]   531 |         [01;36m[Koperator[m[K=(_Functor&& __f)
[2.099s]       |         [01;36m[K^~~~~~~~[m[K
[2.099s] [01m[K/usr/include/c++/13/bits/std_function.h:531:9:[m[K [01;36m[Knote: [m[K  template argument deduction/substitution failed:
[2.099s] In file included from [01m[K/usr/include/c++/13/bits/move.h:37[m[K,
[2.099s]                  from [01m[K/usr/include/c++/13/bits/stl_function.h:60[m[K,
[2.100s]                  from [01m[K/usr/include/c++/13/functional:49[m[K:
[2.100s] /usr/include/c++/13/type_traits: In substitution of ‘[01m[Ktemplate<bool _Cond, class _Tp> using std::__enable_if_t = typename std::enable_if::type [35m[K[with bool _Cond = false; _Tp = std::function<void(std::shared_ptr<rclcpp_action::ClientGoalHandle<action_tutorials_interfaces::action::Fibonacci> >)>&][m[K[m[K’:
[2.100s] [01m[K/usr/include/c++/13/bits/std_function.h:353:8:[m[K   required by substitution of ‘[01m[Ktemplate<class _Res, class ... _ArgTypes> template<class _Cond, class _Tp> using std::function<_Res(_ArgTypes ...)>::_Requires = std::__enable_if_t<_Cond::value, _Tp> [35m[K[with _Cond = std::function<void(std::shared_ptr<rclcpp_action::ClientGoalHandle<action_tutorials_interfaces::action::Fibonacci> >)>::_Callable<std::_Bind<void (action_tutorials_cpp::FibonacciActionClient::*(action_tutorials_cpp::FibonacciActionClient*, std::_Placeholder<1>))(std::shared_future<std::shared_ptr<rclcpp_action::ClientGoalHandle<action_tutorials_interfaces::action::Fibonacci> > >)>, std::_Bind<void (action_tutorials_cpp::FibonacciActionClient::*(action_tutorials_cpp::FibonacciActionClient*, std::_Placeholder<1>))(std::shared_future<std::shared_ptr<rclcpp_action::ClientGoalHandle<action_tutorials_interfaces::action::Fibonacci> > >)>, std::__invoke_result<std::_Bind<void (action_tutorials_cpp::FibonacciActionClient::*(action_tutorials_cpp::FibonacciActionClient*, std::_Placeholder<1>))(std::shared_future<std::shared_ptr<rclcpp_action::ClientGoalHandle<action_tutorials_interfaces::action::Fibonacci> > >)>&, std::shared_ptr<rclcpp_action::ClientGoalHandle<action_tutorials_interfaces::action::Fibonacci> > > >; _Tp = std::function<void(std::shared_ptr<rclcpp_action::ClientGoalHandle<action_tutorials_interfaces::action::Fibonacci> >)>&; _Res = void; _ArgTypes = {std::shared_ptr<rclcpp_action::ClientGoalHandle<action_tutorials_interfaces::action::Fibonacci> >}][m[K[m[K’
[2.100s] [01m[K/usr/include/c++/13/bits/std_function.h:531:2:[m[K   required by substitution of ‘[01m[Ktemplate<class _Functor> std::function<void(std::shared_ptr<rclcpp_action::ClientGoalHandle<action_tutorials_interfaces::action::Fibonacci> >)>::_Requires<std::function<void(std::shared_ptr<rclcpp_action::ClientGoalHandle<action_tutorials_interfaces::action::Fibonacci> >)>::_Callable<_Functor, typename std::enable_if<(! std::is_same<typename std::remove_cv<typename std::remove_reference<_Tp>::type>::type, std::function<void(std::shared_ptr<rclcpp_action::ClientGoalHandle<action_tutorials_interfaces::action::Fibonacci> >)> >::value), std::decay<_Ex> >::type::type, std::__invoke_result<typename std::enable_if<(! std::is_same<typename std::remove_cv<typename std::remove_reference<_Tp>::type>::type, std::function<void(std::shared_ptr<rclcpp_action::ClientGoalHandle<action_tutorials_interfaces::action::Fibonacci> >)> >::value), std::decay<_Ex> >::type::type&, std::shared_ptr<rclcpp_action::ClientGoalHandle<action_tutorials_interfaces::action::Fibonacci> > > >, std::function<void(std::shared_ptr<rclcpp_action::ClientGoalHandle<action_tutorials_interfaces::action::Fibonacci> >)>&> std::function<void(std::shared_ptr<rclcpp_action::ClientGoalHandle<action_tutorials_interfaces::action::Fibonacci> >)>::[01;32m[Koperator=[m[K(_Functor&&) [35m[K[with _Functor = std::_Bind<void (action_tutorials_cpp::FibonacciActionClient::*(action_tutorials_cpp::FibonacciActionClient*, std::_Placeholder<1>))(std::shared_future<std::shared_ptr<rclcpp_action::ClientGoalHandle<action_tutorials_interfaces::action::Fibonacci> > >)>][m[K[m[K’
[2.100s] [01m[K/home/khushhal/ros2_ws/src/action_tutorials_cpp/src/fibonacci_action_client.cpp:51:73:[m[K   required from here
[2.100s] [01m[K/usr/include/c++/13/type_traits:116:11:[m[K [01;31m[Kerror: [m[Kno type named ‘[01m[Ktype[m[K’ in ‘[01m[Kstruct std::enable_if<false, std::function<void(std::shared_ptr<rclcpp_action::ClientGoalHandle<action_tutorials_interfaces::action::Fibonacci> >)>&>[m[K’
[2.100s]   116 |     using [01;31m[K__enable_if_t[m[K = typename enable_if<_Cond, _Tp>::type;
[2.100s]       |           [01;31m[K^~~~~~~~~~~~~[m[K
[2.100s] [01m[K/usr/include/c++/13/bits/std_function.h:541:9:[m[K [01;36m[Knote: [m[Kcandidate: ‘[01m[Ktemplate<class _Functor> std::function<_Res(_ArgTypes ...)>& std::function<_Res(_ArgTypes ...)>::[01;32m[Koperator=[m[K(std::reference_wrapper<_Functor>) [35m[K[with _Res = void; _ArgTypes = {std::shared_ptr<rclcpp_action::ClientGoalHandle<action_tutorials_interfaces::action::Fibonacci> >}][m[K[m[K’
[2.100s]   541 |         [01;36m[Koperator[m[K=(reference_wrapper<_Functor> __f) noexcept
[2.100s]       |         [01;36m[K^~~~~~~~[m[K
[2.101s] [01m[K/usr/include/c++/13/bits/std_function.h:541:9:[m[K [01;36m[Knote: [m[K  template argument deduction/substitution failed:
[2.101s] [01m[K/home/khushhal/ros2_ws/src/action_tutorials_cpp/src/fibonacci_action_client.cpp:51:73:[m[K [01;36m[Knote: [m[K  ‘[01m[Kstd::_Bind<void (action_tutorials_cpp::FibonacciActionClient::*(action_tutorials_cpp::FibonacciActionClient*, std::_Placeholder<1>))(std::shared_future<std::shared_ptr<rclcpp_action::ClientGoalHandle<action_tutorials_interfaces::action::Fibonacci> > >)>[m[K’ is not derived from ‘[01m[Kstd::reference_wrapper<_Tp>[m[K’
[2.101s]    51 |       std::bind(&FibonacciActionClient::goal_response_callback, this, _1[01;36m[K)[m[K;
[2.101s]       |                                                                         [01;36m[K^[m[K
[2.101s] [01m[K/usr/include/c++/13/bits/std_function.h:469:7:[m[K [01;36m[Knote: [m[Kcandidate: ‘[01m[Kstd::function<_Res(_ArgTypes ...)>& std::function<_Res(_ArgTypes ...)>::[01;32m[Koperator=[m[K(const std::function<_Res(_ArgTypes ...)>&) [35m[K[with _Res = void; _ArgTypes = {std::shared_ptr<rclcpp_action::ClientGoalHandle<action_tutorials_interfaces::action::Fibonacci> >}][m[K[m[K’
[2.101s]   469 |       [01;36m[Koperator[m[K=(const function& __x)
[2.101s]       |       [01;36m[K^~~~~~~~[m[K
[2.101s] [01m[K/usr/include/c++/13/bits/std_function.h:469:33:[m[K [01;36m[Knote: [m[K  no known conversion for argument 1 from ‘[01m[Kstd::_Bind_helper<false, void (action_tutorials_cpp::FibonacciActionClient::*)(std::shared_future<std::shared_ptr<rclcpp_action::ClientGoalHandle<action_tutorials_interfaces::action::Fibonacci> > >), action_tutorials_cpp::FibonacciActionClient*, const std::_Placeholder<1>&>::type[m[K’ to ‘[01m[Kconst std::function<void(std::shared_ptr<rclcpp_action::ClientGoalHandle<action_tutorials_interfaces::action::Fibonacci> >)>&[m[K’
[2.101s]   469 |       operator=([01;36m[Kconst function& __x[m[K)
[2.101s]       |                 [01;36m[K~~~~~~~~~~~~~~~~^~~[m[K
[2.101s] [01m[K/usr/include/c++/13/bits/std_function.h:487:7:[m[K [01;36m[Knote: [m[Kcandidate: ‘[01m[Kstd::function<_Res(_ArgTypes ...)>& std::function<_Res(_ArgTypes ...)>::[01;32m[Koperator=[m[K(std::function<_Res(_ArgTypes ...)>&&) [35m[K[with _Res = void; _ArgTypes = {std::shared_ptr<rclcpp_action::ClientGoalHandle<action_tutorials_interfaces::action::Fibonacci> >}][m[K[m[K’
[2.101s]   487 |       [01;36m[Koperator[m[K=(function&& __x) noexcept
[2.101s]       |       [01;36m[K^~~~~~~~[m[K
[2.101s] [01m[K/usr/include/c++/13/bits/std_function.h:487:28:[m[K [01;36m[Knote: [m[K  no known conversion for argument 1 from ‘[01m[Kstd::_Bind_helper<false, void (action_tutorials_cpp::FibonacciActionClient::*)(std::shared_future<std::shared_ptr<rclcpp_action::ClientGoalHandle<action_tutorials_interfaces::action::Fibonacci> > >), action_tutorials_cpp::FibonacciActionClient*, const std::_Placeholder<1>&>::type[m[K’ to ‘[01m[Kstd::function<void(std::shared_ptr<rclcpp_action::ClientGoalHandle<action_tutorials_interfaces::action::Fibonacci> >)>&&[m[K’
[2.101s]   487 |       operator=([01;36m[Kfunction&& __x[m[K) noexcept
[2.101s]       |                 [01;36m[K~~~~~~~~~~~^~~[m[K
[2.101s] [01m[K/usr/include/c++/13/bits/std_function.h:501:7:[m[K [01;36m[Knote: [m[Kcandidate: ‘[01m[Kstd::function<_Res(_ArgTypes ...)>& std::function<_Res(_ArgTypes ...)>::[01;32m[Koperator=[m[K(std::nullptr_t) [35m[K[with _Res = void; _ArgTypes = {std::shared_ptr<rclcpp_action::ClientGoalHandle<action_tutorials_interfaces::action::Fibonacci> >}; std::nullptr_t = std::nullptr_t][m[K[m[K’
[2.102s]   501 |       [01;36m[Koperator[m[K=(nullptr_t) noexcept
[2.102s]       |       [01;36m[K^~~~~~~~[m[K
[2.102s] [01m[K/usr/include/c++/13/bits/std_function.h:501:17:[m[K [01;36m[Knote: [m[K  no known conversion for argument 1 from ‘[01m[Kstd::_Bind_helper<false, void (action_tutorials_cpp::FibonacciActionClient::*)(std::shared_future<std::shared_ptr<rclcpp_action::ClientGoalHandle<action_tutorials_interfaces::action::Fibonacci> > >), action_tutorials_cpp::FibonacciActionClient*, const std::_Placeholder<1>&>::type[m[K’ to ‘[01m[Kstd::nullptr_t[m[K’
[2.102s]   501 |       operator=([01;36m[Knullptr_t[m[K) noexcept
[2.102s]       |                 [01;36m[K^~~~~~~~~[m[K
[3.003s] gmake[2]: *** [CMakeFiles/action_client.dir/build.make:76: CMakeFiles/action_client.dir/src/fibonacci_action_client.cpp.o] Error 1
[3.003s] gmake[1]: *** [CMakeFiles/Makefile2:195: CMakeFiles/action_client.dir/all] Error 2
[3.003s] gmake[1]: *** Waiting for unfinished jobs....
[3.508s] [ 87%] [32m[1mLinking CXX shared library libaction_server.so[0m
[3.630s] [ 87%] Built target action_server
[3.631s] gmake: *** [Makefile:146: all] Error 2
[3.633s] Invoked command in '/home/khushhal/ros2_ws/build/action_tutorials_cpp' returned '2': AMENT_PREFIX_PATH=/home/khushhal/ros2_ws/install/action_tutorials_interfaces:${AMENT_PREFIX_PATH} CMAKE_PREFIX_PATH=/home/khushhal/ros2_ws/install/action_tutorials_interfaces:/opt/ros/jazzy/opt/sdformat_vendor:/opt/ros/jazzy/opt/gz_math_vendor:/opt/ros/jazzy/opt/gz_utils_vendor:/opt/ros/jazzy/opt/gz_tools_vendor:/opt/ros/jazzy/opt/gz_cmake_vendor:/opt/ros/jazzy DEBUGINFOD_URLS=https://debuginfod.ubuntu.com LD_LIBRARY_PATH=/home/khushhal/ros2_ws/install/action_tutorials_interfaces/lib:${LD_LIBRARY_PATH} PYTHONPATH=/home/khushhal/ros2_ws/install/action_tutorials_interfaces/lib/python3.12/site-packages:${PYTHONPATH} /usr/bin/cmake --build /home/khushhal/ros2_ws/build/action_tutorials_cpp -- -j12 -l12
