[0.069s] Invoking command in '/home/khushhal/ros2_ws/build/examples_rclcpp_wait_set': DEBUGINFOD_URLS=https://debuginfod.ubuntu.com /usr/bin/cmake /home/khushhal/ros2_ws/src/examples/rclcpp/wait_set -DAMENT_CMAKE_SYMLINK_INSTALL=1 -DCMAKE_INSTALL_PREFIX=/home/khushhal/ros2_ws/install/examples_rclcpp_wait_set
[1.256s] -- The C compiler identification is GNU 13.3.0
[1.256s] -- The CXX compiler identification is GNU 13.3.0
[1.257s] -- Detecting C compiler ABI info
[1.257s] -- Detecting C compiler ABI info - done
[1.257s] -- Check for working C compiler: /usr/bin/cc - skipped
[1.257s] -- Detecting C compile features
[1.258s] -- Detecting C compile features - done
[1.258s] -- Detecting CXX compiler ABI info
[1.258s] -- Detecting CXX compiler ABI info - done
[1.258s] -- Check for working CXX compiler: /usr/bin/c++ - skipped
[1.259s] -- Detecting CXX compile features
[1.259s] -- Detecting CXX compile features - done
[1.259s] -- Configuring incomplete, errors occurred!
[1.260s] [31mCMake Error at CMakeLists.txt:14 (find_package):
[1.260s]   By not providing "Findament_cmake.cmake" in CMAKE_MODULE_PATH this project
[1.260s]   has asked CMake to find a package configuration file provided by
[1.261s]   "ament_cmake", but CMake did not find one.
[1.261s] 
[1.261s]   Could not find a package configuration file provided by "ament_cmake" with
[1.261s]   any of the following names:
[1.261s] 
[1.262s]     ament_cmakeConfig.cmake
[1.262s]     ament_cmake-config.cmake
[1.262s] 
[1.262s]   Add the installation prefix of "ament_cmake" to CMAKE_PREFIX_PATH or set
[1.262s]   "ament_cmake_DIR" to a directory containing one of the above files.  If
[1.262s]   "ament_cmake" provides a separate development package or SDK, be sure it
[1.262s]   has been installed.
[1.262s] 
[1.262s] [0m
[1.279s] Invoked command in '/home/khushhal/ros2_ws/build/examples_rclcpp_wait_set' returned '1': DEBUGINFOD_URLS=https://debuginfod.ubuntu.com /usr/bin/cmake /home/khushhal/ros2_ws/src/examples/rclcpp/wait_set -DAMENT_CMAKE_SYMLINK_INSTALL=1 -DCMAKE_INSTALL_PREFIX=/home/khushhal/ros2_ws/install/examples_rclcpp_wait_set
