[0.012s] Invoking command in '/home/khushhal/ros2_ws/build/cpp_pubsub': AMENT_PREFIX_PATH=/home/khushhal/ros2_ws/install/tutorial_interfaces:${AMENT_PREFIX_PATH} CMAKE_PREFIX_PATH=/home/khushhal/ros2_ws/install/tutorial_interfaces:/home/khushhal/ros2_ws/install/cpp_srvcli:/home/khushhal/ros2_ws/install/cpp_pubsub:/opt/ros/jazzy/opt/sdformat_vendor:/opt/ros/jazzy/opt/gz_math_vendor:/opt/ros/jazzy/opt/gz_utils_vendor:/opt/ros/jazzy/opt/gz_tools_vendor:/opt/ros/jazzy/opt/gz_cmake_vendor:/opt/ros/jazzy DEBUGINFOD_URLS=https://debuginfod.ubuntu.com LD_LIBRARY_PATH=/home/khushhal/ros2_ws/install/tutorial_interfaces/lib:${LD_LIBRARY_PATH} PYTHONPATH=/home/khushhal/ros2_ws/install/tutorial_interfaces/lib/python3.12/site-packages:${PYTHONPATH} /usr/bin/cmake --build /home/khushhal/ros2_ws/build/cpp_pubsub -- -j12 -l12
[0.040s] -- Found ament_cmake: 2.5.4 (/opt/ros/jazzy/share/ament_cmake/cmake)
[0.235s] -- Found rclcpp: 28.1.13 (/opt/ros/jazzy/share/rclcpp/cmake)
[0.259s] -- Found rosidl_generator_c: 4.6.6 (/opt/ros/jazzy/share/rosidl_generator_c/cmake)
[0.267s] -- Found rosidl_generator_cpp: 4.6.6 (/opt/ros/jazzy/share/rosidl_generator_cpp/cmake)
[0.278s] -- Using all available rosidl_typesupport_c: rosidl_typesupport_fastrtps_c;rosidl_typesupport_introspection_c
[0.290s] -- Using all available rosidl_typesupport_cpp: rosidl_typesupport_fastrtps_cpp;rosidl_typesupport_introspection_cpp
[0.352s] -- Found rmw_implementation_cmake: 7.3.2 (/opt/ros/jazzy/share/rmw_implementation_cmake/cmake)
[0.354s] -- Found rmw_fastrtps_cpp: 8.4.3 (/opt/ros/jazzy/share/rmw_fastrtps_cpp/cmake)
[0.420s] -- Using RMW implementation 'rmw_fastrtps_cpp' as default
[0.488s] -- Found tutorial_interfaces: 0.0.0 (/home/khushhal/ros2_ws/install/tutorial_interfaces/share/tutorial_interfaces/cmake)
[0.540s] -- Found ament_lint_auto: 0.17.3 (/opt/ros/jazzy/share/ament_lint_auto/cmake)
[0.624s] -- Added test 'cppcheck' to perform static code analysis on C / C++ code
[0.624s] -- Configured cppcheck include dirs: 
[0.624s] -- Configured cppcheck exclude dirs and/or files: 
[0.624s] -- Added test 'lint_cmake' to check CMake code style
[0.625s] -- Added test 'uncrustify' to check C / C++ code style
[0.625s] -- Configured uncrustify additional arguments: 
[0.625s] -- Added test 'xmllint' to check XML markup files
[0.627s] -- Configuring done (0.6s)
[0.643s] -- Generating done (0.0s)
[0.648s] -- Build files have been written to: /home/khushhal/ros2_ws/build/cpp_pubsub
[0.698s] [ 50%] [32mBuilding CXX object CMakeFiles/talker.dir/src/publisher_member_function.cpp.o[0m
[0.698s] [ 50%] [32mBuilding CXX object CMakeFiles/listener.dir/src/subscriber_member_function.cpp.o[0m
[2.670s] [01m[K/home/khushhal/ros2_ws/src/cpp_pubsub/src/subscriber_member_function.cpp:32:29:[m[K [01;31m[Kerror: [m[K‘[01m[Kstd_msgs[m[K’ does not name a type
[2.670s]    32 |   void topic_callback(const [01;31m[Kstd_msgs[m[K::msg::String::SharedPtr msg) const
[2.670s]       |                             [01;31m[K^~~~~~~~[m[K
[2.670s] [01m[K/home/khushhal/ros2_ws/src/cpp_pubsub/src/subscriber_member_function.cpp:32:42:[m[K [01;31m[Kerror: [m[Kexpected unqualified-id before ‘[01m[K::[m[K’ token
[2.670s]    32 |   void topic_callback(const std_msgs::msg[01;31m[K::[m[KString::SharedPtr msg) const
[2.670s]       |                                          [01;31m[K^~[m[K
[2.670s] [01m[K/home/khushhal/ros2_ws/src/cpp_pubsub/src/subscriber_member_function.cpp:32:42:[m[K [01;31m[Kerror: [m[Kexpected ‘[01m[K)[m[K’ before ‘[01m[K::[m[K’ token
[2.670s]    32 |   void topic_callback[34m[K([m[Kconst std_msgs::msg[01;31m[K:[m[K[32m[K:[m[KString::SharedPtr msg) const
[2.671s]       |                      [34m[K~[m[K                   [01;31m[K^[m[K[32m[K~[m[K
[2.671s]       |                                          [32m[K)[m[K
[2.671s] [01m[K/home/khushhal/ros2_ws/src/cpp_pubsub/src/subscriber_member_function.cpp:32:39:[m[K [01;31m[Kerror: [m[Kexpected ‘[01m[K;[m[K’ at end of member declaration
[2.671s]    32 |   void topic_callback(const std_msgs::[01;31m[Kmsg[m[K::String::SharedPtr msg) const
[2.671s]       |                                       [01;31m[K^~~[m[K
[2.671s]       |                                          [32m[K;[m[K
[2.673s] [01m[K/home/khushhal/ros2_ws/src/cpp_pubsub/src/subscriber_member_function.cpp:32:44:[m[K [01;31m[Kerror: [m[K‘[01m[KString[m[K’ in namespace ‘[01m[K::[m[K’ does not name a type
[2.673s]    32 |   void topic_callback(const std_msgs::msg::[01;31m[KString[m[K::SharedPtr msg) const
[2.673s]       |                                            [01;31m[K^~~~~~[m[K
[2.679s] [01m[K/home/khushhal/ros2_ws/src/cpp_pubsub/src/subscriber_member_function.cpp:36:24:[m[K [01;31m[Kerror: [m[K‘[01m[Kstd_msgs[m[K’ was not declared in this scope
[2.679s]    36 |   rclcpp::Subscription<[01;31m[Kstd_msgs[m[K::msg::String>::SharedPtr subscription_;
[2.679s]       |                        [01;31m[K^~~~~~~~[m[K
[2.679s] [01m[K/home/khushhal/ros2_ws/src/cpp_pubsub/src/subscriber_member_function.cpp:36:45:[m[K [01;31m[Kerror: [m[Ktemplate argument 1 is invalid
[2.679s]    36 |   rclcpp::Subscription<std_msgs::msg::String[01;31m[K>[m[K::SharedPtr subscription_;
[2.679s]       |                                             [01;31m[K^[m[K
[2.680s] [01m[K/home/khushhal/ros2_ws/src/cpp_pubsub/src/subscriber_member_function.cpp:36:45:[m[K [01;31m[Kerror: [m[Ktemplate argument 3 is invalid
[2.680s] [01m[K/home/khushhal/ros2_ws/src/cpp_pubsub/src/subscriber_member_function.cpp:36:45:[m[K [01;31m[Kerror: [m[Ktemplate argument 4 is invalid
[2.680s] [01m[K/home/khushhal/ros2_ws/src/cpp_pubsub/src/subscriber_member_function.cpp:36:45:[m[K [01;31m[Kerror: [m[Ktemplate argument 5 is invalid
[2.680s] [01m[K/home/khushhal/ros2_ws/src/cpp_pubsub/src/subscriber_member_function.cpp:36:48:[m[K [01;31m[Kerror: [m[Kexpected ‘[01m[K;[m[K’ at end of member declaration
[2.680s]    36 |   rclcpp::Subscription<std_msgs::msg::String>::[01;31m[KSharedPtr[m[K subscription_;
[2.680s]       |                                                [01;31m[K^~~~~~~~~[m[K
[2.680s]       |                                                         [32m[K;[m[K
[2.681s] [01m[K/home/khushhal/ros2_ws/src/cpp_pubsub/src/subscriber_member_function.cpp:36:58:[m[K [01;31m[Kerror: [m[K‘[01m[Ksubscription_[m[K’ does not name a type; did you mean ‘[01m[Krmw_subscription_t[m[K’?
[2.681s]    36 |   rclcpp::Subscription<std_msgs::msg::String>::SharedPtr [01;31m[Ksubscription_[m[K;
[2.681s]       |                                                          [01;31m[K^~~~~~~~~~~~~[m[K
[2.681s]       |                                                          [32m[Krmw_subscription_t[m[K
[2.685s] [01m[K/home/khushhal/ros2_ws/src/cpp_pubsub/src/publisher_member_function.cpp:[m[K In member function ‘[01m[Kvoid MinimalPublisher::[01;32m[Ktimer_callback[m[K()[m[K’:
[2.685s] [01m[K/home/khushhal/ros2_ws/src/cpp_pubsub/src/publisher_member_function.cpp:40:46:[m[K [01;31m[Kerror: [m[K‘[01m[KString[m[K’ is not a member of ‘[01m[Ktutorial_interfaces::msg[m[K’
[2.685s]    40 |     auto message = tutorial_interfaces::msg::[01;31m[KString[m[K();
[2.685s]       |                                              [01;31m[K^~~~~~[m[K
[2.688s] [01m[K/home/khushhal/ros2_ws/src/cpp_pubsub/src/subscriber_member_function.cpp:[m[K In constructor ‘[01m[KMinimalSubscriber::[01;32m[KMinimalSubscriber[m[K()[m[K’:
[2.688s] [01m[K/home/khushhal/ros2_ws/src/cpp_pubsub/src/subscriber_member_function.cpp:27:5:[m[K [01;31m[Kerror: [m[K‘[01m[Ksubscription_[m[K’ was not declared in this scope; did you mean ‘[01m[Krmw_subscription_t[m[K’?
[2.688s]    27 |     [01;31m[Ksubscription_[m[K = this->create_subscription<tutorial_interfaces::msg::Num>(
[2.688s]       |     [01;31m[K^~~~~~~~~~~~~[m[K
[2.688s]       |     [32m[Krmw_subscription_t[m[K
[3.184s] In file included from [01m[K/opt/ros/jazzy/include/rclcpp/rclcpp/client.hpp:42[m[K,
[3.184s]                  from [01m[K/opt/ros/jazzy/include/rclcpp/rclcpp/callback_group.hpp:24[m[K,
[3.184s]                  from [01m[K/opt/ros/jazzy/include/rclcpp/rclcpp/any_executable.hpp:20[m[K,
[3.184s]                  from [01m[K/opt/ros/jazzy/include/rclcpp/rclcpp/memory_strategy.hpp:25[m[K,
[3.185s]                  from [01m[K/opt/ros/jazzy/include/rclcpp/rclcpp/memory_strategies.hpp:18[m[K,
[3.185s]                  from [01m[K/opt/ros/jazzy/include/rclcpp/rclcpp/executor_options.hpp:22[m[K,
[3.185s]                  from [01m[K/opt/ros/jazzy/include/rclcpp/rclcpp/executor.hpp:38[m[K,
[3.185s]                  from [01m[K/opt/ros/jazzy/include/rclcpp/rclcpp/executors/multi_threaded_executor.hpp:25[m[K,
[3.185s]                  from [01m[K/opt/ros/jazzy/include/rclcpp/rclcpp/executors.hpp:21[m[K,
[3.185s]                  from [01m[K/opt/ros/jazzy/include/rclcpp/rclcpp/rclcpp.hpp:172[m[K,
[3.185s]                  from [01m[K/home/khushhal/ros2_ws/src/cpp_pubsub/src/subscriber_member_function.cpp:17[m[K:
[3.185s] /opt/ros/jazzy/include/rclcpp/rclcpp/function_traits.hpp: In instantiation of ‘[01m[Kstruct rclcpp::function_traits::function_traits<std::_Bind<void (MinimalSubscriber::*(MinimalSubscriber*, std::_Placeholder<1>))(...)> >[m[K’:
[3.185s] [01m[K/opt/ros/jazzy/include/rclcpp/rclcpp/any_subscription_callback.hpp:396:25:[m[K   recursively required by substitution of ‘[01m[Ktemplate<class MessageT, class CallbackT> struct rclcpp::detail::SubscriptionCallbackTypeHelper<MessageT, CallbackT, typename std::enable_if<rclcpp::function_traits::same_arguments<CallbackT, std::function<void(std::shared_ptr<_Tp>, const rclcpp::MessageInfo&)> >::value, void>::type> [35m[K[with MessageT = tutorial_interfaces::msg::Num_<std::allocator<void> >; CallbackT = std::_Bind<void (MinimalSubscriber::*(MinimalSubscriber*, std::_Placeholder<1>))(...)>][m[K[m[K’
[3.185s] [01m[K/opt/ros/jazzy/include/rclcpp/rclcpp/any_subscription_callback.hpp:396:25:[m[K   required from ‘[01m[Krclcpp::AnySubscriptionCallback<MessageT, AllocatorT> rclcpp::AnySubscriptionCallback<MessageT, AllocatorT>::[01;32m[Kset[m[K(CallbackT) [35m[K[with CallbackT = std::_Bind<void (MinimalSubscriber::*(MinimalSubscriber*, std::_Placeholder<1>))(...)>; MessageT = tutorial_interfaces::msg::Num_<std::allocator<void> >; AllocatorT = std::allocator<void>][m[K[m[K’
[3.185s] [01m[K/opt/ros/jazzy/include/rclcpp/rclcpp/subscription_factory.hpp:93:32:[m[K   required from ‘[01m[Krclcpp::SubscriptionFactory rclcpp::[01;32m[Kcreate_subscription_factory[m[K(CallbackT&&, const SubscriptionOptionsWithAllocator<AllocatorT>&, typename MessageMemoryStrategyT::SharedPtr, std::shared_ptr<topic_statistics::SubscriptionTopicStatistics>) [35m[K[with MessageT = tutorial_interfaces::msg::Num_<std::allocator<void> >; CallbackT = std::_Bind<void (MinimalSubscriber::*(MinimalSubscriber*, std::_Placeholder<1>))(...)>; AllocatorT = std::allocator<void>; SubscriptionT = Subscription<tutorial_interfaces::msg::Num_<std::allocator<void> >, std::allocator<void>, tutorial_interfaces::msg::Num_<std::allocator<void> >, tutorial_interfaces::msg::Num_<std::allocator<void> >, message_memory_strategy::MessageMemoryStrategy<tutorial_interfaces::msg::Num_<std::allocator<void> >, std::allocator<void> > >; MessageMemoryStrategyT = message_memory_strategy::MessageMemoryStrategy<tutorial_interfaces::msg::Num_<std::allocator<void> >, std::allocator<void> >; typename MessageMemoryStrategyT::SharedPtr = std::shared_ptr<message_memory_strategy::MessageMemoryStrategy<tutorial_interfaces::msg::Num_<std::allocator<void> >, std::allocator<void> > >][m[K[m[K’
[3.185s] [01m[K/opt/ros/jazzy/include/rclcpp/rclcpp/create_subscription.hpp:121:63:[m[K   required from ‘[01m[Kstd::shared_ptr<ROSMessageT> rclcpp::detail::[01;32m[Kcreate_subscription[m[K(NodeParametersT&, NodeTopicsT&, const std::string&, const rclcpp::QoS&, CallbackT&&, const rclcpp::SubscriptionOptionsWithAllocator<AllocatorT>&, typename MessageMemoryStrategyT::SharedPtr) [35m[K[with MessageT = tutorial_interfaces::msg::Num_<std::allocator<void> >; CallbackT = std::_Bind<void (MinimalSubscriber::*(MinimalSubscriber*, std::_Placeholder<1>))(...)>; AllocatorT = std::allocator<void>; SubscriptionT = rclcpp::Subscription<tutorial_interfaces::msg::Num_<std::allocator<void> >, std::allocator<void>, tutorial_interfaces::msg::Num_<std::allocator<void> >, tutorial_interfaces::msg::Num_<std::allocator<void> >, rclcpp::message_memory_strategy::MessageMemoryStrategy<tutorial_interfaces::msg::Num_<std::allocator<void> >, std::allocator<void> > >; MessageMemoryStrategyT = rclcpp::message_memory_strategy::MessageMemoryStrategy<tutorial_interfaces::msg::Num_<std::allocator<void> >, std::allocator<void> >; NodeParametersT = rclcpp::Node; NodeTopicsT = rclcpp::Node; std::string = std::__cxx11::basic_string<char>; typename MessageMemoryStrategyT::SharedPtr = std::shared_ptr<rclcpp::message_memory_strategy::MessageMemoryStrategy<tutorial_interfaces::msg::Num_<std::allocator<void> >, std::allocator<void> > >][m[K[m[K’
[3.185s] [01m[K/opt/ros/jazzy/include/rclcpp/rclcpp/create_subscription.hpp:190:76:[m[K   required from ‘[01m[Kstd::shared_ptr<ROSMessageT> rclcpp::[01;32m[Kcreate_subscription[m[K(NodeT&, const std::string&, const QoS&, CallbackT&&, const SubscriptionOptionsWithAllocator<AllocatorT>&, typename MessageMemoryStrategyT::SharedPtr) [35m[K[with MessageT = tutorial_interfaces::msg::Num_<std::allocator<void> >; CallbackT = std::_Bind<void (MinimalSubscriber::*(MinimalSubscriber*, std::_Placeholder<1>))(...)>; AllocatorT = std::allocator<void>; SubscriptionT = Subscription<tutorial_interfaces::msg::Num_<std::allocator<void> >, std::allocator<void>, tutorial_interfaces::msg::Num_<std::allocator<void> >, tutorial_interfaces::msg::Num_<std::allocator<void> >, message_memory_strategy::MessageMemoryStrategy<tutorial_interfaces::msg::Num_<std::allocator<void> >, std::allocator<void> > >; MessageMemoryStrategyT = message_memory_strategy::MessageMemoryStrategy<tutorial_interfaces::msg::Num_<std::allocator<void> >, std::allocator<void> >; NodeT = Node; std::string = std::__cxx11::basic_string<char>; typename MessageMemoryStrategyT::SharedPtr = std::shared_ptr<message_memory_strategy::MessageMemoryStrategy<tutorial_interfaces::msg::Num_<std::allocator<void> >, std::allocator<void> > >][m[K[m[K’
[3.185s] [01m[K/opt/ros/jazzy/include/rclcpp/rclcpp/node_impl.hpp:99:47:[m[K   required from ‘[01m[Kstd::shared_ptr<ROSMessageT> rclcpp::Node::[01;32m[Kcreate_subscription[m[K(const std::string&, const rclcpp::QoS&, CallbackT&&, const rclcpp::SubscriptionOptionsWithAllocator<AllocatorT>&, typename MessageMemoryStrategyT::SharedPtr) [35m[K[with MessageT = tutorial_interfaces::msg::Num_<std::allocator<void> >; CallbackT = std::_Bind<void (MinimalSubscriber::*(MinimalSubscriber*, std::_Placeholder<1>))(...)>; AllocatorT = std::allocator<void>; SubscriptionT = rclcpp::Subscription<tutorial_interfaces::msg::Num_<std::allocator<void> >, std::allocator<void>, tutorial_interfaces::msg::Num_<std::allocator<void> >, tutorial_interfaces::msg::Num_<std::allocator<void> >, rclcpp::message_memory_strategy::MessageMemoryStrategy<tutorial_interfaces::msg::Num_<std::allocator<void> >, std::allocator<void> > >; MessageMemoryStrategyT = rclcpp::message_memory_strategy::MessageMemoryStrategy<tutorial_interfaces::msg::Num_<std::allocator<void> >, std::allocator<void> >; std::string = std::__cxx11::basic_string<char>; typename MessageMemoryStrategyT::SharedPtr = std::shared_ptr<rclcpp::message_memory_strategy::MessageMemoryStrategy<tutorial_interfaces::msg::Num_<std::allocator<void> >, std::allocator<void> > >][m[K[m[K’
[3.186s] [01m[K/home/khushhal/ros2_ws/src/cpp_pubsub/src/subscriber_member_function.cpp:27:77:[m[K   required from here
[3.186s] [01m[K/opt/ros/jazzy/include/rclcpp/rclcpp/function_traits.hpp:51:9:[m[K [01;31m[Kerror: [m[K‘[01m[Kdecltype[m[K’ cannot resolve address of overloaded function
[3.186s]    51 |   using [01;31m[Karguments[m[K = typename tuple_tail<
[3.186s]       |         [01;31m[K^~~~~~~~~[m[K
[3.186s] [01m[K/opt/ros/jazzy/include/rclcpp/rclcpp/function_traits.hpp:57:9:[m[K [01;31m[Kerror: [m[K‘[01m[Kdecltype[m[K’ cannot resolve address of overloaded function
[3.186s]    57 |   using [01;31m[Kargument_type[m[K = typename std::tuple_element<N, arguments>::type;
[3.186s]       |         [01;31m[K^~~~~~~~~~~~~[m[K
[3.186s] [01m[K/opt/ros/jazzy/include/rclcpp/rclcpp/function_traits.hpp:59:9:[m[K [01;31m[Kerror: [m[K‘[01m[Kdecltype[m[K’ cannot resolve address of overloaded function
[3.186s]    59 |   using [01;31m[Kreturn_type[m[K = typename function_traits<decltype( &FunctionT::operator())>::return_type;
[3.186s]       |         [01;31m[K^~~~~~~~~~~[m[K
[3.557s] gmake[2]: *** [CMakeFiles/talker.dir/build.make:76: CMakeFiles/talker.dir/src/publisher_member_function.cpp.o] Error 1
[3.558s] gmake[1]: *** [CMakeFiles/Makefile2:139: CMakeFiles/talker.dir/all] Error 2
[3.558s] gmake[1]: *** Waiting for unfinished jobs....
[4.413s] gmake[2]: *** [CMakeFiles/listener.dir/build.make:76: CMakeFiles/listener.dir/src/subscriber_member_function.cpp.o] Error 1
[4.414s] gmake[1]: *** [CMakeFiles/Makefile2:165: CMakeFiles/listener.dir/all] Error 2
[4.414s] gmake: *** [Makefile:146: all] Error 2
[4.417s] Invoked command in '/home/khushhal/ros2_ws/build/cpp_pubsub' returned '2': AMENT_PREFIX_PATH=/home/khushhal/ros2_ws/install/tutorial_interfaces:${AMENT_PREFIX_PATH} CMAKE_PREFIX_PATH=/home/khushhal/ros2_ws/install/tutorial_interfaces:/home/khushhal/ros2_ws/install/cpp_srvcli:/home/khushhal/ros2_ws/install/cpp_pubsub:/opt/ros/jazzy/opt/sdformat_vendor:/opt/ros/jazzy/opt/gz_math_vendor:/opt/ros/jazzy/opt/gz_utils_vendor:/opt/ros/jazzy/opt/gz_tools_vendor:/opt/ros/jazzy/opt/gz_cmake_vendor:/opt/ros/jazzy DEBUGINFOD_URLS=https://debuginfod.ubuntu.com LD_LIBRARY_PATH=/home/khushhal/ros2_ws/install/tutorial_interfaces/lib:${LD_LIBRARY_PATH} PYTHONPATH=/home/khushhal/ros2_ws/install/tutorial_interfaces/lib/python3.12/site-packages:${PYTHONPATH} /usr/bin/cmake --build /home/khushhal/ros2_ws/build/cpp_pubsub -- -j12 -l12
