[0.037s] Invoking command in '/home/khushhal/ros2_ws/build/tutorial_interfaces': CMAKE_PREFIX_PATH=${CMAKE_PREFIX_PATH}:/opt/ros/jazzy DEBUGINFOD_URLS=https://debuginfod.ubuntu.com /usr/bin/cmake --build /home/khushhal/ros2_ws/build/tutorial_interfaces -- -j12 -l12
[0.119s] [  1%] Built target tutorial_interfaces__rosidl_generator_type_description
[0.132s] [  1%] Built target ament_cmake_python_copy_tutorial_interfaces
[0.175s] [  3%] Built target tutorial_interfaces__cpp
[0.204s] [ 24%] Built target tutorial_interfaces__rosidl_generator_c
[0.271s] [ 33%] Built target tutorial_interfaces__rosidl_typesupport_introspection_c
[0.280s] [ 42%] Built target tutorial_interfaces__rosidl_typesupport_c
[0.290s] [ 51%] Built target tutorial_interfaces__rosidl_typesupport_introspection_cpp
[0.295s] [ 61%] Built target tutorial_interfaces__rosidl_typesupport_cpp
[0.305s] [ 70%] Built target tutorial_interfaces__rosidl_typesupport_fastrtps_cpp
[0.309s] [ 79%] Built target tutorial_interfaces__rosidl_typesupport_fastrtps_c
[0.348s] [ 79%] Built target tutorial_interfaces
[0.385s] [ 81%] Built target tutorial_interfaces__py
[0.473s] [ 88%] Built target tutorial_interfaces__rosidl_generator_py
[0.541s] [ 92%] Built target tutorial_interfaces_s__rosidl_typesupport_introspection_c
[0.578s] [ 96%] Built target tutorial_interfaces_s__rosidl_typesupport_c
[0.581s] [100%] Built target tutorial_interfaces_s__rosidl_typesupport_fastrtps_c
[0.583s] running egg_info
[0.614s] writing tutorial_interfaces.egg-info/PKG-INFO
[0.615s] writing dependency_links to tutorial_interfaces.egg-info/dependency_links.txt
[0.615s] writing top-level names to tutorial_interfaces.egg-info/top_level.txt
[0.679s] reading manifest file 'tutorial_interfaces.egg-info/SOURCES.txt'
[0.680s] writing manifest file 'tutorial_interfaces.egg-info/SOURCES.txt'
[0.724s] [100%] Built target ament_cmake_python_build_tutorial_interfaces_egg
[0.745s] Invoked command in '/home/khushhal/ros2_ws/build/tutorial_interfaces' returned '0': CMAKE_PREFIX_PATH=${CMAKE_PREFIX_PATH}:/opt/ros/jazzy DEBUGINFOD_URLS=https://debuginfod.ubuntu.com /usr/bin/cmake --build /home/khushhal/ros2_ws/build/tutorial_interfaces -- -j12 -l12
[0.746s] Invoking command in '/home/khushhal/ros2_ws/build/tutorial_interfaces': CMAKE_PREFIX_PATH=${CMAKE_PREFIX_PATH}:/opt/ros/jazzy DEBUGINFOD_URLS=https://debuginfod.ubuntu.com /usr/bin/cmake --install /home/khushhal/ros2_ws/build/tutorial_interfaces
[1.504s] -- Install configuration: ""
[1.504s] -- Up-to-date: /home/khushhal/ros2_ws/install/tutorial_interfaces/share/ament_index/resource_index/rosidl_interfaces/tutorial_interfaces
[1.504s] -- Up-to-date: /home/khushhal/ros2_ws/install/tutorial_interfaces/share/tutorial_interfaces/msg/Num.json
[1.505s] -- Up-to-date: /home/khushhal/ros2_ws/install/tutorial_interfaces/share/tutorial_interfaces/msg/Sphere.json
[1.505s] -- Up-to-date: /home/khushhal/ros2_ws/install/tutorial_interfaces/share/tutorial_interfaces/srv/AddThreeInts.json
[1.505s] -- Up-to-date: /home/khushhal/ros2_ws/install/tutorial_interfaces/include/tutorial_interfaces/tutorial_interfaces
[1.505s] -- Up-to-date: /home/khushhal/ros2_ws/install/tutorial_interfaces/include/tutorial_interfaces/tutorial_interfaces/msg
[1.505s] -- Up-to-date: /home/khushhal/ros2_ws/install/tutorial_interfaces/include/tutorial_interfaces/tutorial_interfaces/msg/detail
[1.505s] -- Up-to-date: /home/khushhal/ros2_ws/install/tutorial_interfaces/include/tutorial_interfaces/tutorial_interfaces/msg/detail/sphere__functions.c
[1.505s] -- Up-to-date: /home/khushhal/ros2_ws/install/tutorial_interfaces/include/tutorial_interfaces/tutorial_interfaces/msg/detail/num__description.c
[1.505s] -- Up-to-date: /home/khushhal/ros2_ws/install/tutorial_interfaces/include/tutorial_interfaces/tutorial_interfaces/msg/detail/sphere__description.c
[1.506s] -- Up-to-date: /home/khushhal/ros2_ws/install/tutorial_interfaces/include/tutorial_interfaces/tutorial_interfaces/msg/detail/sphere__type_support.c
[1.506s] -- Up-to-date: /home/khushhal/ros2_ws/install/tutorial_interfaces/include/tutorial_interfaces/tutorial_interfaces/msg/detail/num__struct.h
[1.506s] -- Up-to-date: /home/khushhal/ros2_ws/install/tutorial_interfaces/include/tutorial_interfaces/tutorial_interfaces/msg/detail/sphere__struct.h
[1.506s] -- Up-to-date: /home/khushhal/ros2_ws/install/tutorial_interfaces/include/tutorial_interfaces/tutorial_interfaces/msg/detail/num__type_support.c
[1.506s] -- Up-to-date: /home/khushhal/ros2_ws/install/tutorial_interfaces/include/tutorial_interfaces/tutorial_interfaces/msg/detail/num__type_support.h
[1.506s] -- Up-to-date: /home/khushhal/ros2_ws/install/tutorial_interfaces/include/tutorial_interfaces/tutorial_interfaces/msg/detail/sphere__functions.h
[1.506s] -- Up-to-date: /home/khushhal/ros2_ws/install/tutorial_interfaces/include/tutorial_interfaces/tutorial_interfaces/msg/detail/sphere__type_support.h
[1.506s] -- Up-to-date: /home/khushhal/ros2_ws/install/tutorial_interfaces/include/tutorial_interfaces/tutorial_interfaces/msg/detail/num__functions.h
[1.507s] -- Up-to-date: /home/khushhal/ros2_ws/install/tutorial_interfaces/include/tutorial_interfaces/tutorial_interfaces/msg/detail/num__functions.c
[1.507s] -- Up-to-date: /home/khushhal/ros2_ws/install/tutorial_interfaces/include/tutorial_interfaces/tutorial_interfaces/msg/sphere.h
[1.507s] -- Up-to-date: /home/khushhal/ros2_ws/install/tutorial_interfaces/include/tutorial_interfaces/tutorial_interfaces/msg/rosidl_generator_c__visibility_control.h
[1.507s] -- Up-to-date: /home/khushhal/ros2_ws/install/tutorial_interfaces/include/tutorial_interfaces/tutorial_interfaces/msg/num.h
[1.507s] -- Up-to-date: /home/khushhal/ros2_ws/install/tutorial_interfaces/include/tutorial_interfaces/tutorial_interfaces/srv
[1.507s] -- Up-to-date: /home/khushhal/ros2_ws/install/tutorial_interfaces/include/tutorial_interfaces/tutorial_interfaces/srv/detail
[1.507s] -- Up-to-date: /home/khushhal/ros2_ws/install/tutorial_interfaces/include/tutorial_interfaces/tutorial_interfaces/srv/detail/add_three_ints__description.c
[1.507s] -- Up-to-date: /home/khushhal/ros2_ws/install/tutorial_interfaces/include/tutorial_interfaces/tutorial_interfaces/srv/detail/add_three_ints__type_support.c
[1.507s] -- Up-to-date: /home/khushhal/ros2_ws/install/tutorial_interfaces/include/tutorial_interfaces/tutorial_interfaces/srv/detail/add_three_ints__struct.h
[1.507s] -- Up-to-date: /home/khushhal/ros2_ws/install/tutorial_interfaces/include/tutorial_interfaces/tutorial_interfaces/srv/detail/add_three_ints__type_support.h
[1.508s] -- Up-to-date: /home/khushhal/ros2_ws/install/tutorial_interfaces/include/tutorial_interfaces/tutorial_interfaces/srv/detail/add_three_ints__functions.h
[1.508s] -- Up-to-date: /home/khushhal/ros2_ws/install/tutorial_interfaces/include/tutorial_interfaces/tutorial_interfaces/srv/detail/add_three_ints__functions.c
[1.508s] -- Up-to-date: /home/khushhal/ros2_ws/install/tutorial_interfaces/include/tutorial_interfaces/tutorial_interfaces/srv/add_three_ints.h
[1.508s] -- Up-to-date: /home/khushhal/ros2_ws/install/tutorial_interfaces/share/tutorial_interfaces/environment/library_path.sh
[1.508s] -- Up-to-date: /home/khushhal/ros2_ws/install/tutorial_interfaces/share/tutorial_interfaces/environment/library_path.dsv
[1.508s] -- Up-to-date: /home/khushhal/ros2_ws/install/tutorial_interfaces/lib/libtutorial_interfaces__rosidl_generator_c.so
[1.508s] -- Up-to-date: /home/khushhal/ros2_ws/install/tutorial_interfaces/include/tutorial_interfaces/tutorial_interfaces
[1.508s] -- Up-to-date: /home/khushhal/ros2_ws/install/tutorial_interfaces/include/tutorial_interfaces/tutorial_interfaces/msg
[1.508s] -- Up-to-date: /home/khushhal/ros2_ws/install/tutorial_interfaces/include/tutorial_interfaces/tutorial_interfaces/msg/detail
[1.509s] -- Up-to-date: /home/khushhal/ros2_ws/install/tutorial_interfaces/include/tutorial_interfaces/tutorial_interfaces/msg/detail/sphere__rosidl_typesupport_fastrtps_c.h
[1.509s] -- Up-to-date: /home/khushhal/ros2_ws/install/tutorial_interfaces/include/tutorial_interfaces/tutorial_interfaces/msg/detail/num__rosidl_typesupport_fastrtps_c.h
[1.509s] -- Up-to-date: /home/khushhal/ros2_ws/install/tutorial_interfaces/include/tutorial_interfaces/tutorial_interfaces/msg/rosidl_typesupport_fastrtps_c__visibility_control.h
[1.510s] -- Up-to-date: /home/khushhal/ros2_ws/install/tutorial_interfaces/include/tutorial_interfaces/tutorial_interfaces/srv
[1.510s] -- Up-to-date: /home/khushhal/ros2_ws/install/tutorial_interfaces/include/tutorial_interfaces/tutorial_interfaces/srv/detail
[1.510s] -- Up-to-date: /home/khushhal/ros2_ws/install/tutorial_interfaces/include/tutorial_interfaces/tutorial_interfaces/srv/detail/add_three_ints__rosidl_typesupport_fastrtps_c.h
[1.510s] -- Up-to-date: /home/khushhal/ros2_ws/install/tutorial_interfaces/lib/libtutorial_interfaces__rosidl_typesupport_fastrtps_c.so
[1.510s] -- Up-to-date: /home/khushhal/ros2_ws/install/tutorial_interfaces/include/tutorial_interfaces/tutorial_interfaces
[1.510s] -- Up-to-date: /home/khushhal/ros2_ws/install/tutorial_interfaces/include/tutorial_interfaces/tutorial_interfaces/msg
[1.510s] -- Up-to-date: /home/khushhal/ros2_ws/install/tutorial_interfaces/include/tutorial_interfaces/tutorial_interfaces/msg/detail
[1.510s] -- Up-to-date: /home/khushhal/ros2_ws/install/tutorial_interfaces/include/tutorial_interfaces/tutorial_interfaces/msg/detail/sphere__struct.hpp
[1.510s] -- Up-to-date: /home/khushhal/ros2_ws/install/tutorial_interfaces/include/tutorial_interfaces/tutorial_interfaces/msg/detail/sphere__type_support.hpp
[1.510s] -- Up-to-date: /home/khushhal/ros2_ws/install/tutorial_interfaces/include/tutorial_interfaces/tutorial_interfaces/msg/detail/sphere__traits.hpp
[1.511s] -- Up-to-date: /home/khushhal/ros2_ws/install/tutorial_interfaces/include/tutorial_interfaces/tutorial_interfaces/msg/detail/num__type_support.hpp
[1.511s] -- Up-to-date: /home/khushhal/ros2_ws/install/tutorial_interfaces/include/tutorial_interfaces/tutorial_interfaces/msg/detail/num__struct.hpp
[1.511s] -- Up-to-date: /home/khushhal/ros2_ws/install/tutorial_interfaces/include/tutorial_interfaces/tutorial_interfaces/msg/detail/num__builder.hpp
[1.511s] -- Up-to-date: /home/khushhal/ros2_ws/install/tutorial_interfaces/include/tutorial_interfaces/tutorial_interfaces/msg/detail/num__traits.hpp
[1.511s] -- Up-to-date: /home/khushhal/ros2_ws/install/tutorial_interfaces/include/tutorial_interfaces/tutorial_interfaces/msg/detail/sphere__builder.hpp
[1.511s] -- Up-to-date: /home/khushhal/ros2_ws/install/tutorial_interfaces/include/tutorial_interfaces/tutorial_interfaces/msg/num.hpp
[1.511s] -- Up-to-date: /home/khushhal/ros2_ws/install/tutorial_interfaces/include/tutorial_interfaces/tutorial_interfaces/msg/rosidl_generator_cpp__visibility_control.hpp
[1.511s] -- Up-to-date: /home/khushhal/ros2_ws/install/tutorial_interfaces/include/tutorial_interfaces/tutorial_interfaces/msg/sphere.hpp
[1.511s] -- Up-to-date: /home/khushhal/ros2_ws/install/tutorial_interfaces/include/tutorial_interfaces/tutorial_interfaces/srv
[1.511s] -- Up-to-date: /home/khushhal/ros2_ws/install/tutorial_interfaces/include/tutorial_interfaces/tutorial_interfaces/srv/detail
[1.511s] -- Up-to-date: /home/khushhal/ros2_ws/install/tutorial_interfaces/include/tutorial_interfaces/tutorial_interfaces/srv/detail/add_three_ints__traits.hpp
[1.511s] -- Up-to-date: /home/khushhal/ros2_ws/install/tutorial_interfaces/include/tutorial_interfaces/tutorial_interfaces/srv/detail/add_three_ints__builder.hpp
[1.511s] -- Up-to-date: /home/khushhal/ros2_ws/install/tutorial_interfaces/include/tutorial_interfaces/tutorial_interfaces/srv/detail/add_three_ints__type_support.hpp
[1.511s] -- Up-to-date: /home/khushhal/ros2_ws/install/tutorial_interfaces/include/tutorial_interfaces/tutorial_interfaces/srv/detail/add_three_ints__struct.hpp
[1.512s] -- Up-to-date: /home/khushhal/ros2_ws/install/tutorial_interfaces/include/tutorial_interfaces/tutorial_interfaces/srv/add_three_ints.hpp
[1.512s] -- Up-to-date: /home/khushhal/ros2_ws/install/tutorial_interfaces/include/tutorial_interfaces/tutorial_interfaces
[1.512s] -- Up-to-date: /home/khushhal/ros2_ws/install/tutorial_interfaces/include/tutorial_interfaces/tutorial_interfaces/msg
[1.512s] -- Up-to-date: /home/khushhal/ros2_ws/install/tutorial_interfaces/include/tutorial_interfaces/tutorial_interfaces/msg/detail
[1.512s] -- Up-to-date: /home/khushhal/ros2_ws/install/tutorial_interfaces/include/tutorial_interfaces/tutorial_interfaces/msg/detail/dds_fastrtps
[1.512s] -- Up-to-date: /home/khushhal/ros2_ws/install/tutorial_interfaces/include/tutorial_interfaces/tutorial_interfaces/msg/detail/sphere__rosidl_typesupport_fastrtps_cpp.hpp
[1.512s] -- Up-to-date: /home/khushhal/ros2_ws/install/tutorial_interfaces/include/tutorial_interfaces/tutorial_interfaces/msg/detail/num__rosidl_typesupport_fastrtps_cpp.hpp
[1.512s] -- Up-to-date: /home/khushhal/ros2_ws/install/tutorial_interfaces/include/tutorial_interfaces/tutorial_interfaces/msg/rosidl_typesupport_fastrtps_cpp__visibility_control.h
[1.512s] -- Up-to-date: /home/khushhal/ros2_ws/install/tutorial_interfaces/include/tutorial_interfaces/tutorial_interfaces/srv
[1.512s] -- Up-to-date: /home/khushhal/ros2_ws/install/tutorial_interfaces/include/tutorial_interfaces/tutorial_interfaces/srv/detail
[1.512s] -- Up-to-date: /home/khushhal/ros2_ws/install/tutorial_interfaces/include/tutorial_interfaces/tutorial_interfaces/srv/detail/dds_fastrtps
[1.512s] -- Up-to-date: /home/khushhal/ros2_ws/install/tutorial_interfaces/include/tutorial_interfaces/tutorial_interfaces/srv/detail/add_three_ints__rosidl_typesupport_fastrtps_cpp.hpp
[1.512s] -- Up-to-date: /home/khushhal/ros2_ws/install/tutorial_interfaces/lib/libtutorial_interfaces__rosidl_typesupport_fastrtps_cpp.so
[1.512s] -- Up-to-date: /home/khushhal/ros2_ws/install/tutorial_interfaces/include/tutorial_interfaces/tutorial_interfaces
[1.513s] -- Up-to-date: /home/khushhal/ros2_ws/install/tutorial_interfaces/include/tutorial_interfaces/tutorial_interfaces/msg
[1.513s] -- Up-to-date: /home/khushhal/ros2_ws/install/tutorial_interfaces/include/tutorial_interfaces/tutorial_interfaces/msg/rosidl_typesupport_introspection_c__visibility_control.h
[1.513s] -- Up-to-date: /home/khushhal/ros2_ws/install/tutorial_interfaces/include/tutorial_interfaces/tutorial_interfaces/msg/detail
[1.513s] -- Up-to-date: /home/khushhal/ros2_ws/install/tutorial_interfaces/include/tutorial_interfaces/tutorial_interfaces/msg/detail/sphere__rosidl_typesupport_introspection_c.h
[1.513s] -- Up-to-date: /home/khushhal/ros2_ws/install/tutorial_interfaces/include/tutorial_interfaces/tutorial_interfaces/msg/detail/sphere__type_support.c
[1.513s] -- Up-to-date: /home/khushhal/ros2_ws/install/tutorial_interfaces/include/tutorial_interfaces/tutorial_interfaces/msg/detail/num__type_support.c
[1.513s] -- Up-to-date: /home/khushhal/ros2_ws/install/tutorial_interfaces/include/tutorial_interfaces/tutorial_interfaces/msg/detail/num__rosidl_typesupport_introspection_c.h
[1.513s] -- Up-to-date: /home/khushhal/ros2_ws/install/tutorial_interfaces/include/tutorial_interfaces/tutorial_interfaces/srv
[1.513s] -- Up-to-date: /home/khushhal/ros2_ws/install/tutorial_interfaces/include/tutorial_interfaces/tutorial_interfaces/srv/detail
[1.513s] -- Up-to-date: /home/khushhal/ros2_ws/install/tutorial_interfaces/include/tutorial_interfaces/tutorial_interfaces/srv/detail/add_three_ints__type_support.c
[1.513s] -- Up-to-date: /home/khushhal/ros2_ws/install/tutorial_interfaces/include/tutorial_interfaces/tutorial_interfaces/srv/detail/add_three_ints__rosidl_typesupport_introspection_c.h
[1.513s] -- Up-to-date: /home/khushhal/ros2_ws/install/tutorial_interfaces/lib/libtutorial_interfaces__rosidl_typesupport_introspection_c.so
[1.513s] -- Up-to-date: /home/khushhal/ros2_ws/install/tutorial_interfaces/lib/libtutorial_interfaces__rosidl_typesupport_c.so
[1.513s] -- Up-to-date: /home/khushhal/ros2_ws/install/tutorial_interfaces/include/tutorial_interfaces/tutorial_interfaces
[1.514s] -- Up-to-date: /home/khushhal/ros2_ws/install/tutorial_interfaces/include/tutorial_interfaces/tutorial_interfaces/msg
[1.514s] -- Up-to-date: /home/khushhal/ros2_ws/install/tutorial_interfaces/include/tutorial_interfaces/tutorial_interfaces/msg/detail
[1.514s] -- Up-to-date: /home/khushhal/ros2_ws/install/tutorial_interfaces/include/tutorial_interfaces/tutorial_interfaces/msg/detail/num__type_support.cpp
[1.514s] -- Up-to-date: /home/khushhal/ros2_ws/install/tutorial_interfaces/include/tutorial_interfaces/tutorial_interfaces/msg/detail/sphere__rosidl_typesupport_introspection_cpp.hpp
[1.514s] -- Up-to-date: /home/khushhal/ros2_ws/install/tutorial_interfaces/include/tutorial_interfaces/tutorial_interfaces/msg/detail/num__rosidl_typesupport_introspection_cpp.hpp
[1.514s] -- Up-to-date: /home/khushhal/ros2_ws/install/tutorial_interfaces/include/tutorial_interfaces/tutorial_interfaces/msg/detail/sphere__type_support.cpp
[1.514s] -- Up-to-date: /home/khushhal/ros2_ws/install/tutorial_interfaces/include/tutorial_interfaces/tutorial_interfaces/srv
[1.514s] -- Up-to-date: /home/khushhal/ros2_ws/install/tutorial_interfaces/include/tutorial_interfaces/tutorial_interfaces/srv/detail
[1.514s] -- Up-to-date: /home/khushhal/ros2_ws/install/tutorial_interfaces/include/tutorial_interfaces/tutorial_interfaces/srv/detail/add_three_ints__rosidl_typesupport_introspection_cpp.hpp
[1.514s] -- Up-to-date: /home/khushhal/ros2_ws/install/tutorial_interfaces/include/tutorial_interfaces/tutorial_interfaces/srv/detail/add_three_ints__type_support.cpp
[1.514s] -- Up-to-date: /home/khushhal/ros2_ws/install/tutorial_interfaces/lib/libtutorial_interfaces__rosidl_typesupport_introspection_cpp.so
[1.514s] -- Up-to-date: /home/khushhal/ros2_ws/install/tutorial_interfaces/lib/libtutorial_interfaces__rosidl_typesupport_cpp.so
[1.514s] -- Up-to-date: /home/khushhal/ros2_ws/install/tutorial_interfaces/share/tutorial_interfaces/environment/pythonpath.sh
[1.514s] -- Up-to-date: /home/khushhal/ros2_ws/install/tutorial_interfaces/share/tutorial_interfaces/environment/pythonpath.dsv
[1.515s] -- Up-to-date: /home/khushhal/ros2_ws/install/tutorial_interfaces/lib/python3.12/site-packages/tutorial_interfaces-0.0.0-py3.12.egg-info
[1.515s] -- Installing: /home/khushhal/ros2_ws/install/tutorial_interfaces/lib/python3.12/site-packages/tutorial_interfaces-0.0.0-py3.12.egg-info/SOURCES.txt
[1.515s] -- Installing: /home/khushhal/ros2_ws/install/tutorial_interfaces/lib/python3.12/site-packages/tutorial_interfaces-0.0.0-py3.12.egg-info/top_level.txt
[1.515s] -- Installing: /home/khushhal/ros2_ws/install/tutorial_interfaces/lib/python3.12/site-packages/tutorial_interfaces-0.0.0-py3.12.egg-info/dependency_links.txt
[1.515s] -- Installing: /home/khushhal/ros2_ws/install/tutorial_interfaces/lib/python3.12/site-packages/tutorial_interfaces-0.0.0-py3.12.egg-info/PKG-INFO
[1.515s] -- Up-to-date: /home/khushhal/ros2_ws/install/tutorial_interfaces/lib/python3.12/site-packages/tutorial_interfaces
[1.515s] -- Up-to-date: /home/khushhal/ros2_ws/install/tutorial_interfaces/lib/python3.12/site-packages/tutorial_interfaces/msg
[1.515s] -- Up-to-date: /home/khushhal/ros2_ws/install/tutorial_interfaces/lib/python3.12/site-packages/tutorial_interfaces/msg/_num.py
[1.515s] -- Up-to-date: /home/khushhal/ros2_ws/install/tutorial_interfaces/lib/python3.12/site-packages/tutorial_interfaces/msg/_sphere_s.c
[1.515s] -- Up-to-date: /home/khushhal/ros2_ws/install/tutorial_interfaces/lib/python3.12/site-packages/tutorial_interfaces/msg/_num_s.c
[1.515s] -- Up-to-date: /home/khushhal/ros2_ws/install/tutorial_interfaces/lib/python3.12/site-packages/tutorial_interfaces/msg/_sphere.py
[1.515s] -- Up-to-date: /home/khushhal/ros2_ws/install/tutorial_interfaces/lib/python3.12/site-packages/tutorial_interfaces/msg/__init__.py
[1.515s] -- Up-to-date: /home/khushhal/ros2_ws/install/tutorial_interfaces/lib/python3.12/site-packages/tutorial_interfaces/tutorial_interfaces_s__rosidl_typesupport_introspection_c.so
[1.515s] -- Up-to-date: /home/khushhal/ros2_ws/install/tutorial_interfaces/lib/python3.12/site-packages/tutorial_interfaces/_tutorial_interfaces_s.ep.rosidl_typesupport_c.c
[1.516s] -- Up-to-date: /home/khushhal/ros2_ws/install/tutorial_interfaces/lib/python3.12/site-packages/tutorial_interfaces/tutorial_interfaces_s__rosidl_typesupport_c.so
[1.516s] -- Up-to-date: /home/khushhal/ros2_ws/install/tutorial_interfaces/lib/python3.12/site-packages/tutorial_interfaces/_tutorial_interfaces_s.ep.rosidl_typesupport_fastrtps_c.c
[1.516s] -- Up-to-date: /home/khushhal/ros2_ws/install/tutorial_interfaces/lib/python3.12/site-packages/tutorial_interfaces/_tutorial_interfaces_s.ep.rosidl_typesupport_introspection_c.c
[1.516s] -- Up-to-date: /home/khushhal/ros2_ws/install/tutorial_interfaces/lib/python3.12/site-packages/tutorial_interfaces/tutorial_interfaces_s__rosidl_typesupport_fastrtps_c.so
[1.516s] -- Up-to-date: /home/khushhal/ros2_ws/install/tutorial_interfaces/lib/python3.12/site-packages/tutorial_interfaces/srv
[1.516s] -- Up-to-date: /home/khushhal/ros2_ws/install/tutorial_interfaces/lib/python3.12/site-packages/tutorial_interfaces/srv/_add_three_ints.py
[1.516s] -- Up-to-date: /home/khushhal/ros2_ws/install/tutorial_interfaces/lib/python3.12/site-packages/tutorial_interfaces/srv/_add_three_ints_s.c
[1.516s] -- Up-to-date: /home/khushhal/ros2_ws/install/tutorial_interfaces/lib/python3.12/site-packages/tutorial_interfaces/srv/__init__.py
[1.516s] -- Up-to-date: /home/khushhal/ros2_ws/install/tutorial_interfaces/lib/python3.12/site-packages/tutorial_interfaces/__init__.py
[1.542s] Listing '/home/khushhal/ros2_ws/install/tutorial_interfaces/lib/python3.12/site-packages/tutorial_interfaces'...
[1.542s] Listing '/home/khushhal/ros2_ws/install/tutorial_interfaces/lib/python3.12/site-packages/tutorial_interfaces/msg'...
[1.542s] Listing '/home/khushhal/ros2_ws/install/tutorial_interfaces/lib/python3.12/site-packages/tutorial_interfaces/srv'...
[1.547s] -- Up-to-date: /home/khushhal/ros2_ws/install/tutorial_interfaces/lib/python3.12/site-packages/tutorial_interfaces/tutorial_interfaces_s__rosidl_typesupport_fastrtps_c.so
[1.547s] -- Up-to-date: /home/khushhal/ros2_ws/install/tutorial_interfaces/lib/python3.12/site-packages/tutorial_interfaces/tutorial_interfaces_s__rosidl_typesupport_introspection_c.so
[1.548s] -- Up-to-date: /home/khushhal/ros2_ws/install/tutorial_interfaces/lib/python3.12/site-packages/tutorial_interfaces/tutorial_interfaces_s__rosidl_typesupport_c.so
[1.549s] -- Up-to-date: /home/khushhal/ros2_ws/install/tutorial_interfaces/lib/libtutorial_interfaces__rosidl_generator_py.so
[1.549s] -- Up-to-date: /home/khushhal/ros2_ws/install/tutorial_interfaces/share/tutorial_interfaces/msg/Num.idl
[1.550s] -- Up-to-date: /home/khushhal/ros2_ws/install/tutorial_interfaces/share/tutorial_interfaces/msg/Sphere.idl
[1.551s] -- Up-to-date: /home/khushhal/ros2_ws/install/tutorial_interfaces/share/tutorial_interfaces/srv/AddThreeInts.idl
[1.551s] -- Up-to-date: /home/khushhal/ros2_ws/install/tutorial_interfaces/share/tutorial_interfaces/msg/Num.msg
[1.551s] -- Up-to-date: /home/khushhal/ros2_ws/install/tutorial_interfaces/share/tutorial_interfaces/msg/Sphere.msg
[1.551s] -- Up-to-date: /home/khushhal/ros2_ws/install/tutorial_interfaces/share/tutorial_interfaces/srv/AddThreeInts.srv
[1.551s] -- Up-to-date: /home/khushhal/ros2_ws/install/tutorial_interfaces/share/ament_index/resource_index/package_run_dependencies/tutorial_interfaces
[1.551s] -- Up-to-date: /home/khushhal/ros2_ws/install/tutorial_interfaces/share/ament_index/resource_index/parent_prefix_path/tutorial_interfaces
[1.552s] -- Up-to-date: /home/khushhal/ros2_ws/install/tutorial_interfaces/share/tutorial_interfaces/environment/ament_prefix_path.sh
[1.553s] -- Up-to-date: /home/khushhal/ros2_ws/install/tutorial_interfaces/share/tutorial_interfaces/environment/ament_prefix_path.dsv
[1.553s] -- Up-to-date: /home/khushhal/ros2_ws/install/tutorial_interfaces/share/tutorial_interfaces/environment/path.sh
[1.554s] -- Up-to-date: /home/khushhal/ros2_ws/install/tutorial_interfaces/share/tutorial_interfaces/environment/path.dsv
[1.554s] -- Up-to-date: /home/khushhal/ros2_ws/install/tutorial_interfaces/share/tutorial_interfaces/local_setup.bash
[1.554s] -- Up-to-date: /home/khushhal/ros2_ws/install/tutorial_interfaces/share/tutorial_interfaces/local_setup.sh
[1.554s] -- Up-to-date: /home/khushhal/ros2_ws/install/tutorial_interfaces/share/tutorial_interfaces/local_setup.zsh
[1.554s] -- Up-to-date: /home/khushhal/ros2_ws/install/tutorial_interfaces/share/tutorial_interfaces/local_setup.dsv
[1.555s] -- Installing: /home/khushhal/ros2_ws/install/tutorial_interfaces/share/tutorial_interfaces/package.dsv
[1.557s] -- Up-to-date: /home/khushhal/ros2_ws/install/tutorial_interfaces/share/ament_index/resource_index/packages/tutorial_interfaces
[1.557s] -- Up-to-date: /home/khushhal/ros2_ws/install/tutorial_interfaces/share/tutorial_interfaces/cmake/export_tutorial_interfaces__rosidl_generator_cExport.cmake
[1.557s] -- Up-to-date: /home/khushhal/ros2_ws/install/tutorial_interfaces/share/tutorial_interfaces/cmake/export_tutorial_interfaces__rosidl_generator_cExport-noconfig.cmake
[1.557s] -- Up-to-date: /home/khushhal/ros2_ws/install/tutorial_interfaces/share/tutorial_interfaces/cmake/export_tutorial_interfaces__rosidl_typesupport_fastrtps_cExport.cmake
[1.557s] -- Up-to-date: /home/khushhal/ros2_ws/install/tutorial_interfaces/share/tutorial_interfaces/cmake/export_tutorial_interfaces__rosidl_typesupport_fastrtps_cExport-noconfig.cmake
[1.558s] -- Up-to-date: /home/khushhal/ros2_ws/install/tutorial_interfaces/share/tutorial_interfaces/cmake/export_tutorial_interfaces__rosidl_generator_cppExport.cmake
[1.558s] -- Up-to-date: /home/khushhal/ros2_ws/install/tutorial_interfaces/share/tutorial_interfaces/cmake/export_tutorial_interfaces__rosidl_typesupport_fastrtps_cppExport.cmake
[1.558s] -- Up-to-date: /home/khushhal/ros2_ws/install/tutorial_interfaces/share/tutorial_interfaces/cmake/export_tutorial_interfaces__rosidl_typesupport_fastrtps_cppExport-noconfig.cmake
[1.558s] -- Up-to-date: /home/khushhal/ros2_ws/install/tutorial_interfaces/share/tutorial_interfaces/cmake/tutorial_interfaces__rosidl_typesupport_introspection_cExport.cmake
[1.558s] -- Up-to-date: /home/khushhal/ros2_ws/install/tutorial_interfaces/share/tutorial_interfaces/cmake/tutorial_interfaces__rosidl_typesupport_introspection_cExport-noconfig.cmake
[1.558s] -- Up-to-date: /home/khushhal/ros2_ws/install/tutorial_interfaces/share/tutorial_interfaces/cmake/tutorial_interfaces__rosidl_typesupport_cExport.cmake
[1.558s] -- Up-to-date: /home/khushhal/ros2_ws/install/tutorial_interfaces/share/tutorial_interfaces/cmake/tutorial_interfaces__rosidl_typesupport_cExport-noconfig.cmake
[1.559s] -- Up-to-date: /home/khushhal/ros2_ws/install/tutorial_interfaces/share/tutorial_interfaces/cmake/tutorial_interfaces__rosidl_typesupport_introspection_cppExport.cmake
[1.559s] -- Up-to-date: /home/khushhal/ros2_ws/install/tutorial_interfaces/share/tutorial_interfaces/cmake/tutorial_interfaces__rosidl_typesupport_introspection_cppExport-noconfig.cmake
[1.559s] -- Up-to-date: /home/khushhal/ros2_ws/install/tutorial_interfaces/share/tutorial_interfaces/cmake/tutorial_interfaces__rosidl_typesupport_cppExport.cmake
[1.562s] -- Up-to-date: /home/khushhal/ros2_ws/install/tutorial_interfaces/share/tutorial_interfaces/cmake/tutorial_interfaces__rosidl_typesupport_cppExport-noconfig.cmake
[1.563s] -- Up-to-date: /home/khushhal/ros2_ws/install/tutorial_interfaces/share/tutorial_interfaces/cmake/export_tutorial_interfaces__rosidl_generator_pyExport.cmake
[1.563s] -- Up-to-date: /home/khushhal/ros2_ws/install/tutorial_interfaces/share/tutorial_interfaces/cmake/export_tutorial_interfaces__rosidl_generator_pyExport-noconfig.cmake
[1.563s] -- Up-to-date: /home/khushhal/ros2_ws/install/tutorial_interfaces/share/tutorial_interfaces/cmake/rosidl_cmake-extras.cmake
[1.563s] -- Up-to-date: /home/khushhal/ros2_ws/install/tutorial_interfaces/share/tutorial_interfaces/cmake/ament_cmake_export_dependencies-extras.cmake
[1.564s] -- Up-to-date: /home/khushhal/ros2_ws/install/tutorial_interfaces/share/tutorial_interfaces/cmake/ament_cmake_export_include_directories-extras.cmake
[1.564s] -- Up-to-date: /home/khushhal/ros2_ws/install/tutorial_interfaces/share/tutorial_interfaces/cmake/ament_cmake_export_libraries-extras.cmake
[1.564s] -- Up-to-date: /home/khushhal/ros2_ws/install/tutorial_interfaces/share/tutorial_interfaces/cmake/ament_cmake_export_targets-extras.cmake
[1.565s] -- Up-to-date: /home/khushhal/ros2_ws/install/tutorial_interfaces/share/tutorial_interfaces/cmake/rosidl_cmake_export_typesupport_targets-extras.cmake
[1.565s] -- Up-to-date: /home/khushhal/ros2_ws/install/tutorial_interfaces/share/tutorial_interfaces/cmake/rosidl_cmake_export_typesupport_libraries-extras.cmake
[1.565s] -- Up-to-date: /home/khushhal/ros2_ws/install/tutorial_interfaces/share/tutorial_interfaces/cmake/tutorial_interfacesConfig.cmake
[1.565s] -- Up-to-date: /home/khushhal/ros2_ws/install/tutorial_interfaces/share/tutorial_interfaces/cmake/tutorial_interfacesConfig-version.cmake
[1.565s] -- Up-to-date: /home/khushhal/ros2_ws/install/tutorial_interfaces/share/tutorial_interfaces/package.xml
[1.574s] Invoked command in '/home/khushhal/ros2_ws/build/tutorial_interfaces' returned '0': CMAKE_PREFIX_PATH=${CMAKE_PREFIX_PATH}:/opt/ros/jazzy DEBUGINFOD_URLS=https://debuginfod.ubuntu.com /usr/bin/cmake --install /home/khushhal/ros2_ws/build/tutorial_interfaces
